#
# There is insufficient memory for the Java Runtime Environment to continue.
# Native memory allocation (malloc) failed to allocate 1010608 bytes for Chunk::new
# Possible reasons:
#   The system is out of physical RAM or swap space
#   The process is running with CompressedOops enabled, and the Java Heap may be blocking the growth of the native heap
# Possible solutions:
#   Reduce memory load on the system
#   Increase physical memory or swap space
#   Check if swap backing store is full
#   Decrease Java heap size (-Xmx/-Xms)
#   Decrease number of Java threads
#   Decrease Java thread stack sizes (-Xss)
#   Set larger code cache with -XX:ReservedCodeCacheSize=
#   JVM is running with Unscaled Compressed Oops mode in which the Java heap is
#     placed in the first 4GB address space. The Java Heap base address is the
#     maximum limit for the native heap growth. Please use -XX:HeapBaseMinAddress
#     to set the Java Heap base and to place the Java Heap above 4GB virtual address.
# This output file may be truncated or incomplete.
#
#  Out of Memory Error (arena.cpp:184), pid=6952, tid=14940
#
# JRE version: Java(TM) SE Runtime Environment (19.0.1+10) (build 19.0.1+10-21)
# Java VM: Java HotSpot(TM) 64-Bit Server VM (19.0.1+10-21, mixed mode, sharing, tiered, compressed oops, compressed class ptrs, g1 gc, windows-amd64)
# No core dump will be written. Minidumps are not enabled by default on client versions of Windows
#

---------------  S U M M A R Y ------------

Command Line: -XX:MaxMetaspaceSize=512m --add-opens=java.base/java.util=ALL-UNNAMED --add-opens=java.base/java.lang=ALL-UNNAMED --add-opens=java.base/java.lang.invoke=ALL-UNNAMED --add-opens=java.prefs/java.util.prefs=ALL-UNNAMED --add-opens=java.base/java.nio.charset=ALL-UNNAMED --add-opens=java.base/java.net=ALL-UNNAMED --add-opens=java.base/java.util.concurrent.atomic=ALL-UNNAMED -Xmx2048m -Dfile.encoding=utf8 -Duser.country=US -Duser.language=en -Duser.variant -javaagent:C:\Users\Advice\.gradle\wrapper\dists\gradle-8.6-all\3mbtmo166bl6vumsh5k2lkq5h\gradle-8.6\lib\agents\gradle-instrumentation-agent-8.6.jar org.gradle.launcher.daemon.bootstrap.GradleDaemon 8.6

Host: AMD Ryzen 3 5300U with Radeon Graphics         , 8 cores, 5G,  Windows 11 , 64 bit Build 22621 (10.0.22621.3374)
Time: Thu May 23 15:36:55 2024 SE Asia Standard Time elapsed time: 14.117168 seconds (0d 0h 0m 14s)

---------------  T H R E A D  ---------------

Current thread (0x00000242bdd8a310):  JavaThread "C2 CompilerThread0" daemon [_thread_in_native, id=14940, stack(0x0000004d6ec00000,0x0000004d6ed00000)]


Current CompileTask:
C2:  14117 8120       4       org.objectweb.asm.SymbolTable::addConstantMemberReference (147 bytes)

Stack: [0x0000004d6ec00000,0x0000004d6ed00000]
Native frames: (J=compiled Java code, j=interpreted, Vv=VM code, C=native code)
V  [jvm.dll+0x6ee8fa]
V  [jvm.dll+0x857a1e]
V  [jvm.dll+0x85940e]
V  [jvm.dll+0x859ac3]
V  [jvm.dll+0x28291f]
V  [jvm.dll+0xc9b5f]
V  [jvm.dll+0xc9ee5]
V  [jvm.dll+0x3bcbac]
V  [jvm.dll+0x1ee31a]
V  [jvm.dll+0x24c41b]
V  [jvm.dll+0x24b671]
V  [jvm.dll+0x1d6d61]
V  [jvm.dll+0x25b0fa]
V  [jvm.dll+0x259588]
V  [jvm.dll+0x807928]
V  [jvm.dll+0x8015fa]
V  [jvm.dll+0x6ed5eb]
C  [ucrtbase.dll+0x29333]
C  [KERNEL32.DLL+0x1257d]
C  [ntdll.dll+0x5aa48]


---------------  P R O C E S S  ---------------

Threads class SMR info:
_java_thread_list=0x00000242c6e2d220, length=43, elements={
0x000002429fb02f80, 0x00000242bdd7c6b0, 0x00000242bdd7f4b0, 0x00000242bdd81150,
0x00000242bdd81c80, 0x00000242bdd845c0, 0x00000242bdd876a0, 0x00000242bdd8a310,
0x00000242bdd8ec10, 0x00000242bdd974e0, 0x00000242bdd52470, 0x00000242c29bdbe0,
0x00000242c3f03070, 0x00000242c3d1b1e0, 0x00000242c43726d0, 0x00000242c4259470,
0x00000242c447b040, 0x00000242c4250e90, 0x00000242c4563760, 0x00000242c44dd5c0,
0x00000242c44de060, 0x00000242c44df5a0, 0x00000242c44dd070, 0x00000242c44ddb10,
0x00000242c44dc080, 0x00000242c44dcb20, 0x00000242c44de5b0, 0x00000242c44deb00,
0x00000242c44df050, 0x00000242c4b956b0, 0x00000242c4b966a0, 0x00000242c4b98130,
0x00000242c4b9a110, 0x00000242c4b9bba0, 0x00000242c4b95c00, 0x00000242c4b97be0,
0x00000242c4b98680, 0x00000242c4b97140, 0x00000242c4b9c640, 0x00000242c4b98bd0,
0x00000242c4b9c0f0, 0x00000242c4b96bf0, 0x00000242c4b99120
}

Java Threads: ( => current thread )
  0x000002429fb02f80 JavaThread "main" [_thread_blocked, id=18508, stack(0x0000004d6df00000,0x0000004d6e000000)]
  0x00000242bdd7c6b0 JavaThread "Reference Handler" daemon [_thread_blocked, id=5548, stack(0x0000004d6e600000,0x0000004d6e700000)]
  0x00000242bdd7f4b0 JavaThread "Finalizer" daemon [_thread_blocked, id=19888, stack(0x0000004d6e700000,0x0000004d6e800000)]
  0x00000242bdd81150 JavaThread "Signal Dispatcher" daemon [_thread_blocked, id=16476, stack(0x0000004d6e800000,0x0000004d6e900000)]
  0x00000242bdd81c80 JavaThread "Attach Listener" daemon [_thread_blocked, id=19960, stack(0x0000004d6e900000,0x0000004d6ea00000)]
  0x00000242bdd845c0 JavaThread "Service Thread" daemon [_thread_blocked, id=24052, stack(0x0000004d6ea00000,0x0000004d6eb00000)]
  0x00000242bdd876a0 JavaThread "Monitor Deflation Thread" daemon [_thread_blocked, id=24164, stack(0x0000004d6eb00000,0x0000004d6ec00000)]
=>0x00000242bdd8a310 JavaThread "C2 CompilerThread0" daemon [_thread_in_native, id=14940, stack(0x0000004d6ec00000,0x0000004d6ed00000)]
  0x00000242bdd8ec10 JavaThread "C1 CompilerThread0" daemon [_thread_blocked, id=18368, stack(0x0000004d6ed00000,0x0000004d6ee00000)]
  0x00000242bdd974e0 JavaThread "Sweeper thread" daemon [_thread_blocked, id=25212, stack(0x0000004d6ee00000,0x0000004d6ef00000)]
  0x00000242bdd52470 JavaThread "Common-Cleaner" daemon [_thread_blocked, id=26228, stack(0x0000004d6ef00000,0x0000004d6f000000)]
  0x00000242c29bdbe0 JavaThread "Notification Thread" daemon [_thread_blocked, id=13460, stack(0x0000004d6f000000,0x0000004d6f100000)]
  0x00000242c3f03070 JavaThread "Daemon health stats" [_thread_blocked, id=8220, stack(0x0000004d6f600000,0x0000004d6f700000)]
  0x00000242c3d1b1e0 JavaThread "Incoming local TCP Connector on port 52755" [_thread_in_native, id=27088, stack(0x0000004d6f700000,0x0000004d6f800000)]
  0x00000242c43726d0 JavaThread "Daemon periodic checks" [_thread_blocked, id=14040, stack(0x0000004d6f800000,0x0000004d6f900000)]
  0x00000242c4259470 JavaThread "Daemon" [_thread_blocked, id=26400, stack(0x0000004d6f900000,0x0000004d6fa00000)]
  0x00000242c447b040 JavaThread "Handler for socket connection from /127.0.0.1:52755 to /127.0.0.1:52756" [_thread_in_native, id=27264, stack(0x0000004d6fa00000,0x0000004d6fb00000)]
  0x00000242c4250e90 JavaThread "Cancel handler" [_thread_blocked, id=904, stack(0x0000004d6fb00000,0x0000004d6fc00000)]
  0x00000242c4563760 JavaThread "Daemon worker" [_thread_in_vm, id=1716, stack(0x0000004d6fc00000,0x0000004d6fd00000)]
  0x00000242c44dd5c0 JavaThread "Asynchronous log dispatcher for DefaultDaemonConnection: socket connection from /127.0.0.1:52755 to /127.0.0.1:52756" [_thread_blocked, id=2712, stack(0x0000004d6fd00000,0x0000004d6fe00000)]
  0x00000242c44de060 JavaThread "Stdin handler" [_thread_blocked, id=19516, stack(0x0000004d6fe00000,0x0000004d6ff00000)]
  0x00000242c44df5a0 JavaThread "Daemon client event forwarder" [_thread_blocked, id=24904, stack(0x0000004d6ff00000,0x0000004d70000000)]
  0x00000242c44dd070 JavaThread "Cache worker for journal cache (C:\Users\Advice\.gradle\caches\journal-1)" [_thread_blocked, id=19224, stack(0x0000004d70300000,0x0000004d70400000)]
  0x00000242c44ddb10 JavaThread "File lock request listener" [_thread_in_native, id=13132, stack(0x0000004d70400000,0x0000004d70500000)]
  0x00000242c44dc080 JavaThread "Cache worker for file hash cache (C:\Users\Advice\.gradle\caches\8.6\fileHashes)" [_thread_blocked, id=6020, stack(0x0000004d70500000,0x0000004d70600000)]
  0x00000242c44dcb20 JavaThread "File watcher server" daemon [_thread_in_native, id=11676, stack(0x0000004d70700000,0x0000004d70800000)]
  0x00000242c44de5b0 JavaThread "File watcher consumer" daemon [_thread_blocked, id=24192, stack(0x0000004d70800000,0x0000004d70900000)]
  0x00000242c44deb00 JavaThread "jar transforms" [_thread_blocked, id=27412, stack(0x0000004d70900000,0x0000004d70a00000)]
  0x00000242c44df050 JavaThread "jar transforms Thread 2" [_thread_blocked, id=22136, stack(0x0000004d70a00000,0x0000004d70b00000)]
  0x00000242c4b956b0 JavaThread "jar transforms Thread 3" [_thread_blocked, id=9748, stack(0x0000004d70b00000,0x0000004d70c00000)]
  0x00000242c4b966a0 JavaThread "Cache worker for checksums cache (D:\React\MyReact\android\.gradle\8.6\checksums)" [_thread_blocked, id=26944, stack(0x0000004d70c00000,0x0000004d70d00000)]
  0x00000242c4b98130 JavaThread "Cache worker for file hash cache (D:\React\MyReact\android\.gradle\8.6\fileHashes)" [_thread_blocked, id=20132, stack(0x0000004d70d00000,0x0000004d70e00000)]
  0x00000242c4b9a110 JavaThread "Cache worker for cache directory md-supplier (C:\Users\Advice\.gradle\caches\8.6\md-supplier)" [_thread_blocked, id=14876, stack(0x0000004d70e00000,0x0000004d70f00000)]
  0x00000242c4b9bba0 JavaThread "Cache worker for cache directory md-rule (C:\Users\Advice\.gradle\caches\8.6\md-rule)" [_thread_blocked, id=24828, stack(0x0000004d70f00000,0x0000004d71000000)]
  0x00000242c4b95c00 JavaThread "Cache worker for file content cache (C:\Users\Advice\.gradle\caches\8.6\fileContent)" [_thread_blocked, id=3828, stack(0x0000004d71000000,0x0000004d71100000)]
  0x00000242c4b97be0 JavaThread "jar transforms Thread 4" [_thread_blocked, id=20092, stack(0x0000004d71100000,0x0000004d71200000)]
  0x00000242c4b98680 JavaThread "jar transforms Thread 5" [_thread_blocked, id=26540, stack(0x0000004d71200000,0x0000004d71300000)]
  0x00000242c4b97140 JavaThread "jar transforms Thread 6" [_thread_blocked, id=19268, stack(0x0000004d71300000,0x0000004d71400000)]
  0x00000242c4b9c640 JavaThread "jar transforms Thread 7" [_thread_blocked, id=18644, stack(0x0000004d71400000,0x0000004d71500000)]
  0x00000242c4b98bd0 JavaThread "jar transforms Thread 8" [_thread_blocked, id=2072, stack(0x0000004d71500000,0x0000004d71600000)]
  0x00000242c4b9c0f0 JavaThread "Exec process" [_thread_blocked, id=17388, stack(0x0000004d71600000,0x0000004d71700000)]
  0x00000242c4b96bf0 JavaThread "Exec process Thread 2" [_thread_blocked, id=26024, stack(0x0000004d71700000,0x0000004d71800000)]
  0x00000242c4b99120 JavaThread "Exec process Thread 3" [_thread_blocked, id=27144, stack(0x0000004d71800000,0x0000004d71900000)]

Other Threads:
  0x00000242bdd61570 VMThread "VM Thread" [stack: 0x0000004d6e500000,0x0000004d6e600000] [id=27248]
  0x000002429fb04080 WatcherThread "VM Periodic Task Thread" [stack: 0x0000004d6f100000,0x0000004d6f200000] [id=7688]
  0x000002429fb62d30 WorkerThread "GC Thread#0" [stack: 0x0000004d6e000000,0x0000004d6e100000] [id=12844]
  0x00000242c3124070 WorkerThread "GC Thread#1" [stack: 0x0000004d6f200000,0x0000004d6f300000] [id=24028]
  0x00000242c2f9e930 WorkerThread "GC Thread#2" [stack: 0x0000004d6f300000,0x0000004d6f400000] [id=2364]
  0x00000242c321e330 WorkerThread "GC Thread#3" [stack: 0x0000004d6f400000,0x0000004d6f500000] [id=18924]
  0x00000242c321e060 WorkerThread "GC Thread#4" [stack: 0x0000004d6f500000,0x0000004d6f600000] [id=1180]
  0x00000242c321eba0 WorkerThread "GC Thread#5" [stack: 0x0000004d70000000,0x0000004d70100000] [id=17972]
  0x00000242c321d520 WorkerThread "GC Thread#6" [stack: 0x0000004d70100000,0x0000004d70200000] [id=17152]
  0x00000242c321dac0 WorkerThread "GC Thread#7" [stack: 0x0000004d70200000,0x0000004d70300000] [id=20008]
  0x000002429fb73e30 ConcurrentGCThread "G1 Main Marker" [stack: 0x0000004d6e100000,0x0000004d6e200000] [id=26596]
  0x000002429fb74860 WorkerThread "G1 Conc#0" [stack: 0x0000004d6e200000,0x0000004d6e300000] [id=17680]
  0x00000242c5b91f40 WorkerThread "G1 Conc#1" [stack: 0x0000004d70600000,0x0000004d70700000] [id=24492]
  0x00000242bdc1afc0 ConcurrentGCThread "G1 Refine#0" [stack: 0x0000004d6e300000,0x0000004d6e400000] [id=23680]
  0x00000242bdc1bb00 ConcurrentGCThread "G1 Service" [stack: 0x0000004d6e400000,0x0000004d6e500000] [id=1736]

Threads with active compile tasks:
C2 CompilerThread0    14155 8120       4       org.objectweb.asm.SymbolTable::addConstantMemberReference (147 bytes)

VM state: not at safepoint (normal execution)

VM Mutex/Monitor currently owned by a thread:  ([mutex/lock_event])
[0x000002429dafe750] Metaspace_lock - owner thread: 0x00000242c4563760

Heap address: 0x0000000080000000, size: 2048 MB, Compressed Oops mode: 32-bit

CDS archive(s) mapped at: [0x0000000800000000-0x0000000800c40000-0x0000000800c40000), size 12845056, SharedBaseAddress: 0x0000000800000000, ArchiveRelocationMode: 0.
Compressed class space mapped at: 0x0000000801000000-0x000000081ac00000, reserved size: 432013312
Narrow klass base: 0x0000000800000000, Narrow klass shift: 0, Narrow klass range: 0x100000000

GC Precious Log:
 CardTable entry size: 512
 Card Set container configuration: InlinePtr #cards 5 size 8 Array Of Cards #cards 12 size 40 Howl #buckets 4 coarsen threshold 1843 Howl Bitmap #cards 512 size 80 coarsen threshold 460 Card regions per heap region 1 cards per card region 2048
 CPUs: 8 total, 8 available
 Memory: 6005M
 Large Page Support: Disabled
 NUMA Support: Disabled
 Compressed Oops: Enabled (32-bit)
 Heap Region Size: 1M
 Heap Min Capacity: 8M
 Heap Initial Capacity: 94M
 Heap Max Capacity: 2G
 Pre-touch: Disabled
 Parallel Workers: 8
 Concurrent Workers: 2
 Concurrent Refinement Workers: 8
 Periodic GC: Disabled

Heap:
 garbage-first heap   total 178176K, used 86269K [0x0000000080000000, 0x0000000100000000)
  region size 1024K, 32 young (32768K), 9 survivors (9216K)
 Metaspace       used 48973K, committed 50368K, reserved 487424K
  class space    used 6522K, committed 7232K, reserved 421888K

Heap Regions: E=young(eden), S=young(survivor), O=old, HS=humongous(starts), HC=humongous(continues), CS=collection set, F=free, OA=open archive, CA=closed archive, TAMS=top-at-mark-start (previous, next)
|   0|0x0000000080000000, 0x0000000080100000, 0x0000000080100000|100%|HS|  |TAMS 0x0000000080100000, 0x0000000080000000| Complete 
|   1|0x0000000080100000, 0x0000000080200000, 0x0000000080200000|100%|HC|  |TAMS 0x0000000080200000, 0x0000000080100000| Complete 
|   2|0x0000000080200000, 0x0000000080300000, 0x0000000080300000|100%|HC|  |TAMS 0x0000000080300000, 0x0000000080200000| Complete 
|   3|0x0000000080300000, 0x0000000080400000, 0x0000000080400000|100%|HC|  |TAMS 0x0000000080400000, 0x0000000080300000| Complete 
|   4|0x0000000080400000, 0x0000000080500000, 0x0000000080500000|100%| O|  |TAMS 0x0000000080400000, 0x0000000080400000| Untracked 
|   5|0x0000000080500000, 0x0000000080600000, 0x0000000080600000|100%| O|  |TAMS 0x0000000080600000, 0x0000000080500000| Untracked 
|   6|0x0000000080600000, 0x0000000080700000, 0x0000000080700000|100%| O|  |TAMS 0x0000000080700000, 0x0000000080600000| Untracked 
|   7|0x0000000080700000, 0x0000000080800000, 0x0000000080800000|100%| O|  |TAMS 0x0000000080800000, 0x0000000080700000| Untracked 
|   8|0x0000000080800000, 0x0000000080900000, 0x0000000080900000|100%| O|  |TAMS 0x0000000080900000, 0x0000000080800000| Untracked 
|   9|0x0000000080900000, 0x0000000080a00000, 0x0000000080a00000|100%| O|  |TAMS 0x0000000080a00000, 0x0000000080900000| Untracked 
|  10|0x0000000080a00000, 0x0000000080b00000, 0x0000000080b00000|100%| O|  |TAMS 0x0000000080b00000, 0x0000000080a00000| Untracked 
|  11|0x0000000080b00000, 0x0000000080c00000, 0x0000000080c00000|100%| O|  |TAMS 0x0000000080c00000, 0x0000000080b00000| Untracked 
|  12|0x0000000080c00000, 0x0000000080d00000, 0x0000000080d00000|100%| O|  |TAMS 0x0000000080d00000, 0x0000000080c00000| Untracked 
|  13|0x0000000080d00000, 0x0000000080e00000, 0x0000000080e00000|100%| O|  |TAMS 0x0000000080e00000, 0x0000000080d00000| Untracked 
|  14|0x0000000080e00000, 0x0000000080f00000, 0x0000000080f00000|100%| O|  |TAMS 0x0000000080f00000, 0x0000000080e00000| Untracked 
|  15|0x0000000080f00000, 0x0000000081000000, 0x0000000081000000|100%| O|  |TAMS 0x0000000081000000, 0x0000000080f00000| Untracked 
|  16|0x0000000081000000, 0x0000000081100000, 0x0000000081100000|100%| O|  |TAMS 0x0000000081100000, 0x0000000081000000| Untracked 
|  17|0x0000000081100000, 0x0000000081200000, 0x0000000081200000|100%| O|  |TAMS 0x0000000081200000, 0x0000000081100000| Untracked 
|  18|0x0000000081200000, 0x0000000081300000, 0x0000000081300000|100%| O|  |TAMS 0x0000000081300000, 0x0000000081200000| Untracked 
|  19|0x0000000081300000, 0x0000000081400000, 0x0000000081400000|100%| O|  |TAMS 0x0000000081300000, 0x0000000081300000| Untracked 
|  20|0x0000000081400000, 0x0000000081500000, 0x0000000081500000|100%| O|  |TAMS 0x0000000081500000, 0x0000000081400000| Untracked 
|  21|0x0000000081500000, 0x0000000081600000, 0x0000000081600000|100%| O|  |TAMS 0x0000000081600000, 0x0000000081500000| Untracked 
|  22|0x0000000081600000, 0x0000000081700000, 0x0000000081700000|100%| O|  |TAMS 0x0000000081700000, 0x0000000081600000| Untracked 
|  23|0x0000000081700000, 0x0000000081800000, 0x0000000081800000|100%| O|  |TAMS 0x0000000081800000, 0x0000000081700000| Untracked 
|  24|0x0000000081800000, 0x0000000081900000, 0x0000000081900000|100%| O|  |TAMS 0x0000000081900000, 0x0000000081800000| Untracked 
|  25|0x0000000081900000, 0x0000000081a00000, 0x0000000081a00000|100%| O|  |TAMS 0x0000000081a00000, 0x0000000081900000| Untracked 
|  26|0x0000000081a00000, 0x0000000081b00000, 0x0000000081b00000|100%| O|  |TAMS 0x0000000081ab8e00, 0x0000000081a00000| Untracked 
|  27|0x0000000081b00000, 0x0000000081c00000, 0x0000000081c00000|100%| O|  |TAMS 0x0000000081b00000, 0x0000000081b00000| Untracked 
|  28|0x0000000081c00000, 0x0000000081d00000, 0x0000000081d00000|100%| O|  |TAMS 0x0000000081c00000, 0x0000000081c00000| Untracked 
|  29|0x0000000081d00000, 0x0000000081e00000, 0x0000000081e00000|100%| O|  |TAMS 0x0000000081d00000, 0x0000000081d00000| Untracked 
|  30|0x0000000081e00000, 0x0000000081f00000, 0x0000000081f00000|100%| O|  |TAMS 0x0000000081e00000, 0x0000000081e00000| Untracked 
|  31|0x0000000081f00000, 0x0000000082000000, 0x0000000082000000|100%| O|  |TAMS 0x0000000081f00000, 0x0000000081f00000| Untracked 
|  32|0x0000000082000000, 0x0000000082100000, 0x0000000082100000|100%| O|  |TAMS 0x0000000082000000, 0x0000000082000000| Untracked 
|  33|0x0000000082100000, 0x0000000082200000, 0x0000000082200000|100%| O|  |TAMS 0x0000000082100000, 0x0000000082100000| Untracked 
|  34|0x0000000082200000, 0x0000000082300000, 0x0000000082300000|100%| O|  |TAMS 0x0000000082200000, 0x0000000082200000| Untracked 
|  35|0x0000000082300000, 0x0000000082400000, 0x0000000082400000|100%| O|  |TAMS 0x0000000082300000, 0x0000000082300000| Untracked 
|  36|0x0000000082400000, 0x0000000082500000, 0x0000000082500000|100%| O|  |TAMS 0x0000000082400000, 0x0000000082400000| Untracked 
|  37|0x0000000082500000, 0x0000000082600000, 0x0000000082600000|100%| O|  |TAMS 0x0000000082500000, 0x0000000082500000| Untracked 
|  38|0x0000000082600000, 0x0000000082700000, 0x0000000082700000|100%|HS|  |TAMS 0x0000000082600000, 0x0000000082600000| Complete 
|  39|0x0000000082700000, 0x0000000082800000, 0x0000000082800000|100%| O|  |TAMS 0x0000000082700000, 0x0000000082700000| Untracked 
|  40|0x0000000082800000, 0x0000000082900000, 0x0000000082900000|100%| O|  |TAMS 0x0000000082800000, 0x0000000082800000| Untracked 
|  41|0x0000000082900000, 0x0000000082a00000, 0x0000000082a00000|100%| O|  |TAMS 0x0000000082900000, 0x0000000082900000| Untracked 
|  42|0x0000000082a00000, 0x0000000082b00000, 0x0000000082b00000|100%| O|  |TAMS 0x0000000082a00000, 0x0000000082a00000| Untracked 
|  43|0x0000000082b00000, 0x0000000082c00000, 0x0000000082c00000|100%| O|  |TAMS 0x0000000082b00000, 0x0000000082b00000| Untracked 
|  44|0x0000000082c00000, 0x0000000082d00000, 0x0000000082d00000|100%| O|  |TAMS 0x0000000082c00000, 0x0000000082c00000| Untracked 
|  45|0x0000000082d00000, 0x0000000082e00000, 0x0000000082e00000|100%| O|  |TAMS 0x0000000082d00000, 0x0000000082d00000| Untracked 
|  46|0x0000000082e00000, 0x0000000082f00000, 0x0000000082f00000|100%| O|  |TAMS 0x0000000082e00000, 0x0000000082e00000| Untracked 
|  47|0x0000000082f00000, 0x0000000083000000, 0x0000000083000000|100%| O|  |TAMS 0x0000000082f00000, 0x0000000082f00000| Untracked 
|  48|0x0000000083000000, 0x0000000083100000, 0x0000000083100000|100%| O|  |TAMS 0x0000000083000000, 0x0000000083000000| Untracked 
|  49|0x0000000083100000, 0x0000000083200000, 0x0000000083200000|100%| O|  |TAMS 0x0000000083100000, 0x0000000083100000| Untracked 
|  50|0x0000000083200000, 0x0000000083300000, 0x0000000083300000|100%| O|  |TAMS 0x0000000083200000, 0x0000000083200000| Untracked 
|  51|0x0000000083300000, 0x0000000083400000, 0x0000000083400000|100%| O|  |TAMS 0x0000000083300000, 0x0000000083300000| Untracked 
|  52|0x0000000083400000, 0x0000000083500000, 0x0000000083500000|100%| O|  |TAMS 0x0000000083400000, 0x0000000083400000| Untracked 
|  53|0x0000000083500000, 0x0000000083600000, 0x0000000083600000|100%| O|  |TAMS 0x0000000083500000, 0x0000000083500000| Untracked 
|  54|0x0000000083600000, 0x000000008361b000, 0x0000000083700000| 10%| O|  |TAMS 0x0000000083600000, 0x0000000083600000| Untracked 
|  55|0x0000000083700000, 0x0000000083700000, 0x0000000083800000|  0%| F|  |TAMS 0x0000000083700000, 0x0000000083700000| Untracked 
|  56|0x0000000083800000, 0x0000000083800000, 0x0000000083900000|  0%| F|  |TAMS 0x0000000083800000, 0x0000000083800000| Untracked 
|  57|0x0000000083900000, 0x0000000083900000, 0x0000000083a00000|  0%| F|  |TAMS 0x0000000083900000, 0x0000000083900000| Untracked 
|  58|0x0000000083a00000, 0x0000000083a00000, 0x0000000083b00000|  0%| F|  |TAMS 0x0000000083a00000, 0x0000000083a00000| Untracked 
|  59|0x0000000083b00000, 0x0000000083b00000, 0x0000000083c00000|  0%| F|  |TAMS 0x0000000083b00000, 0x0000000083b00000| Untracked 
|  60|0x0000000083c00000, 0x0000000083c00000, 0x0000000083d00000|  0%| F|  |TAMS 0x0000000083c00000, 0x0000000083c00000| Untracked 
|  61|0x0000000083d00000, 0x0000000083d00000, 0x0000000083e00000|  0%| F|  |TAMS 0x0000000083d00000, 0x0000000083d00000| Untracked 
|  62|0x0000000083e00000, 0x0000000083e00000, 0x0000000083f00000|  0%| F|  |TAMS 0x0000000083e00000, 0x0000000083e00000| Untracked 
|  63|0x0000000083f00000, 0x0000000083f00000, 0x0000000084000000|  0%| F|  |TAMS 0x0000000083f00000, 0x0000000083f00000| Untracked 
|  64|0x0000000084000000, 0x0000000084000000, 0x0000000084100000|  0%| F|  |TAMS 0x0000000084000000, 0x0000000084000000| Untracked 
|  65|0x0000000084100000, 0x0000000084100000, 0x0000000084200000|  0%| F|  |TAMS 0x0000000084100000, 0x0000000084100000| Untracked 
|  66|0x0000000084200000, 0x0000000084200000, 0x0000000084300000|  0%| F|  |TAMS 0x0000000084200000, 0x0000000084200000| Untracked 
|  67|0x0000000084300000, 0x0000000084300000, 0x0000000084400000|  0%| F|  |TAMS 0x0000000084300000, 0x0000000084300000| Untracked 
|  68|0x0000000084400000, 0x0000000084400000, 0x0000000084500000|  0%| F|  |TAMS 0x0000000084400000, 0x0000000084400000| Untracked 
|  69|0x0000000084500000, 0x0000000084500000, 0x0000000084600000|  0%| F|  |TAMS 0x0000000084500000, 0x0000000084500000| Untracked 
|  70|0x0000000084600000, 0x0000000084600000, 0x0000000084700000|  0%| F|  |TAMS 0x0000000084600000, 0x0000000084600000| Untracked 
|  71|0x0000000084700000, 0x0000000084700000, 0x0000000084800000|  0%| F|  |TAMS 0x0000000084700000, 0x0000000084700000| Untracked 
|  72|0x0000000084800000, 0x0000000084800000, 0x0000000084900000|  0%| F|  |TAMS 0x0000000084800000, 0x0000000084800000| Untracked 
|  73|0x0000000084900000, 0x0000000084900000, 0x0000000084a00000|  0%| F|  |TAMS 0x0000000084900000, 0x0000000084900000| Untracked 
|  74|0x0000000084a00000, 0x0000000084a00000, 0x0000000084b00000|  0%| F|  |TAMS 0x0000000084a00000, 0x0000000084a00000| Untracked 
|  75|0x0000000084b00000, 0x0000000084b00000, 0x0000000084c00000|  0%| F|  |TAMS 0x0000000084b00000, 0x0000000084b00000| Untracked 
|  76|0x0000000084c00000, 0x0000000084c00000, 0x0000000084d00000|  0%| F|  |TAMS 0x0000000084c00000, 0x0000000084c00000| Untracked 
|  77|0x0000000084d00000, 0x0000000084d00000, 0x0000000084e00000|  0%| F|  |TAMS 0x0000000084d00000, 0x0000000084d00000| Untracked 
|  78|0x0000000084e00000, 0x0000000084e00000, 0x0000000084f00000|  0%| F|  |TAMS 0x0000000084e00000, 0x0000000084e00000| Untracked 
|  79|0x0000000084f00000, 0x0000000084f24440, 0x0000000085000000| 14%| S|CS|TAMS 0x0000000084f00000, 0x0000000084f00000| Complete 
|  80|0x0000000085000000, 0x0000000085100000, 0x0000000085100000|100%| S|CS|TAMS 0x0000000085000000, 0x0000000085000000| Complete 
|  81|0x0000000085100000, 0x0000000085200000, 0x0000000085200000|100%| S|CS|TAMS 0x0000000085100000, 0x0000000085100000| Complete 
|  82|0x0000000085200000, 0x0000000085300000, 0x0000000085300000|100%| S|CS|TAMS 0x0000000085200000, 0x0000000085200000| Complete 
|  83|0x0000000085300000, 0x0000000085400000, 0x0000000085400000|100%| S|CS|TAMS 0x0000000085300000, 0x0000000085300000| Complete 
|  84|0x0000000085400000, 0x0000000085500000, 0x0000000085500000|100%| S|CS|TAMS 0x0000000085400000, 0x0000000085400000| Complete 
|  85|0x0000000085500000, 0x0000000085600000, 0x0000000085600000|100%| S|CS|TAMS 0x0000000085500000, 0x0000000085500000| Complete 
|  86|0x0000000085600000, 0x0000000085600000, 0x0000000085700000|  0%| F|  |TAMS 0x0000000085600000, 0x0000000085600000| Untracked 
|  87|0x0000000085700000, 0x0000000085700000, 0x0000000085800000|  0%| F|  |TAMS 0x0000000085700000, 0x0000000085700000| Untracked 
|  88|0x0000000085800000, 0x0000000085800000, 0x0000000085900000|  0%| F|  |TAMS 0x0000000085800000, 0x0000000085800000| Untracked 
|  89|0x0000000085900000, 0x0000000085900000, 0x0000000085a00000|  0%| F|  |TAMS 0x0000000085900000, 0x0000000085900000| Untracked 
|  90|0x0000000085a00000, 0x0000000085a00000, 0x0000000085b00000|  0%| F|  |TAMS 0x0000000085a00000, 0x0000000085a00000| Untracked 
|  91|0x0000000085b00000, 0x0000000085b00000, 0x0000000085c00000|  0%| F|  |TAMS 0x0000000085b00000, 0x0000000085b00000| Untracked 
|  92|0x0000000085c00000, 0x0000000085d00000, 0x0000000085d00000|100%| S|CS|TAMS 0x0000000085c00000, 0x0000000085c00000| Complete 
|  93|0x0000000085d00000, 0x0000000085e00000, 0x0000000085e00000|100%| S|CS|TAMS 0x0000000085d00000, 0x0000000085d00000| Complete 
|  94|0x0000000085e00000, 0x0000000085e00000, 0x0000000085f00000|  0%| F|  |TAMS 0x0000000085e00000, 0x0000000085e00000| Untracked 
|  95|0x0000000085f00000, 0x0000000085f00000, 0x0000000086000000|  0%| F|  |TAMS 0x0000000085f00000, 0x0000000085f00000| Untracked 
|  96|0x0000000086000000, 0x0000000086000000, 0x0000000086100000|  0%| F|  |TAMS 0x0000000086000000, 0x0000000086000000| Untracked 
|  97|0x0000000086100000, 0x0000000086100000, 0x0000000086200000|  0%| F|  |TAMS 0x0000000086100000, 0x0000000086100000| Untracked 
|  98|0x0000000086200000, 0x0000000086200000, 0x0000000086300000|  0%| F|  |TAMS 0x0000000086200000, 0x0000000086200000| Untracked 
|  99|0x0000000086300000, 0x0000000086300000, 0x0000000086400000|  0%| F|  |TAMS 0x0000000086300000, 0x0000000086300000| Untracked 
| 100|0x0000000086400000, 0x0000000086400000, 0x0000000086500000|  0%| F|  |TAMS 0x0000000086400000, 0x0000000086400000| Untracked 
| 101|0x0000000086500000, 0x0000000086500000, 0x0000000086600000|  0%| F|  |TAMS 0x0000000086500000, 0x0000000086500000| Untracked 
| 102|0x0000000086600000, 0x0000000086600000, 0x0000000086700000|  0%| F|  |TAMS 0x0000000086600000, 0x0000000086600000| Untracked 
| 103|0x0000000086700000, 0x0000000086700000, 0x0000000086800000|  0%| F|  |TAMS 0x0000000086700000, 0x0000000086700000| Untracked 
| 104|0x0000000086800000, 0x0000000086800000, 0x0000000086900000|  0%| F|  |TAMS 0x0000000086800000, 0x0000000086800000| Untracked 
| 105|0x0000000086900000, 0x0000000086900000, 0x0000000086a00000|  0%| F|  |TAMS 0x0000000086900000, 0x0000000086900000| Untracked 
| 106|0x0000000086a00000, 0x0000000086a00000, 0x0000000086b00000|  0%| F|  |TAMS 0x0000000086a00000, 0x0000000086a00000| Untracked 
| 107|0x0000000086b00000, 0x0000000086b00000, 0x0000000086c00000|  0%| F|  |TAMS 0x0000000086b00000, 0x0000000086b00000| Untracked 
| 108|0x0000000086c00000, 0x0000000086c00000, 0x0000000086d00000|  0%| F|  |TAMS 0x0000000086c00000, 0x0000000086c00000| Untracked 
| 109|0x0000000086d00000, 0x0000000086d00000, 0x0000000086e00000|  0%| F|  |TAMS 0x0000000086d00000, 0x0000000086d00000| Untracked 
| 110|0x0000000086e00000, 0x0000000086e00000, 0x0000000086f00000|  0%| F|  |TAMS 0x0000000086e00000, 0x0000000086e00000| Untracked 
| 111|0x0000000086f00000, 0x0000000086f00000, 0x0000000087000000|  0%| F|  |TAMS 0x0000000086f00000, 0x0000000086f00000| Untracked 
| 112|0x0000000087000000, 0x0000000087000000, 0x0000000087100000|  0%| F|  |TAMS 0x0000000087000000, 0x0000000087000000| Untracked 
| 113|0x0000000087100000, 0x0000000087100000, 0x0000000087200000|  0%| F|  |TAMS 0x0000000087100000, 0x0000000087100000| Untracked 
| 114|0x0000000087200000, 0x0000000087200000, 0x0000000087300000|  0%| F|  |TAMS 0x0000000087200000, 0x0000000087200000| Untracked 
| 115|0x0000000087300000, 0x0000000087300000, 0x0000000087400000|  0%| F|  |TAMS 0x0000000087300000, 0x0000000087300000| Untracked 
| 116|0x0000000087400000, 0x0000000087400000, 0x0000000087500000|  0%| F|  |TAMS 0x0000000087400000, 0x0000000087400000| Untracked 
| 117|0x0000000087500000, 0x0000000087500000, 0x0000000087600000|  0%| F|  |TAMS 0x0000000087500000, 0x0000000087500000| Untracked 
| 118|0x0000000087600000, 0x0000000087600000, 0x0000000087700000|  0%| F|  |TAMS 0x0000000087600000, 0x0000000087600000| Untracked 
| 119|0x0000000087700000, 0x0000000087700000, 0x0000000087800000|  0%| F|  |TAMS 0x0000000087700000, 0x0000000087700000| Untracked 
| 120|0x0000000087800000, 0x0000000087800000, 0x0000000087900000|  0%| F|  |TAMS 0x0000000087800000, 0x0000000087800000| Untracked 
| 121|0x0000000087900000, 0x0000000087900000, 0x0000000087a00000|  0%| F|  |TAMS 0x0000000087900000, 0x0000000087900000| Untracked 
| 122|0x0000000087a00000, 0x0000000087a00000, 0x0000000087b00000|  0%| F|  |TAMS 0x0000000087a00000, 0x0000000087a00000| Untracked 
| 123|0x0000000087b00000, 0x0000000087b00000, 0x0000000087c00000|  0%| F|  |TAMS 0x0000000087b00000, 0x0000000087b00000| Untracked 
| 124|0x0000000087c00000, 0x0000000087c00000, 0x0000000087d00000|  0%| F|  |TAMS 0x0000000087c00000, 0x0000000087c00000| Untracked 
| 125|0x0000000087d00000, 0x0000000087d00000, 0x0000000087e00000|  0%| F|  |TAMS 0x0000000087d00000, 0x0000000087d00000| Untracked 
| 126|0x0000000087e00000, 0x0000000087e00000, 0x0000000087f00000|  0%| F|  |TAMS 0x0000000087e00000, 0x0000000087e00000| Untracked 
| 127|0x0000000087f00000, 0x0000000087f00000, 0x0000000088000000|  0%| F|  |TAMS 0x0000000087f00000, 0x0000000087f00000| Untracked 
| 128|0x0000000088000000, 0x0000000088000000, 0x0000000088100000|  0%| F|  |TAMS 0x0000000088000000, 0x0000000088000000| Untracked 
| 129|0x0000000088100000, 0x0000000088100000, 0x0000000088200000|  0%| F|  |TAMS 0x0000000088100000, 0x0000000088100000| Untracked 
| 130|0x0000000088200000, 0x0000000088200000, 0x0000000088300000|  0%| F|  |TAMS 0x0000000088200000, 0x0000000088200000| Untracked 
| 131|0x0000000088300000, 0x0000000088300000, 0x0000000088400000|  0%| F|  |TAMS 0x0000000088300000, 0x0000000088300000| Untracked 
| 132|0x0000000088400000, 0x0000000088400000, 0x0000000088500000|  0%| F|  |TAMS 0x0000000088400000, 0x0000000088400000| Untracked 
| 133|0x0000000088500000, 0x0000000088500000, 0x0000000088600000|  0%| F|  |TAMS 0x0000000088500000, 0x0000000088500000| Untracked 
| 134|0x0000000088600000, 0x0000000088600000, 0x0000000088700000|  0%| F|  |TAMS 0x0000000088600000, 0x0000000088600000| Untracked 
| 135|0x0000000088700000, 0x0000000088700000, 0x0000000088800000|  0%| F|  |TAMS 0x0000000088700000, 0x0000000088700000| Untracked 
| 136|0x0000000088800000, 0x0000000088800000, 0x0000000088900000|  0%| F|  |TAMS 0x0000000088800000, 0x0000000088800000| Untracked 
| 137|0x0000000088900000, 0x0000000088900000, 0x0000000088a00000|  0%| F|  |TAMS 0x0000000088900000, 0x0000000088900000| Untracked 
| 138|0x0000000088a00000, 0x0000000088a00000, 0x0000000088b00000|  0%| F|  |TAMS 0x0000000088a00000, 0x0000000088a00000| Untracked 
| 139|0x0000000088b00000, 0x0000000088b00000, 0x0000000088c00000|  0%| F|  |TAMS 0x0000000088b00000, 0x0000000088b00000| Untracked 
| 140|0x0000000088c00000, 0x0000000088c00000, 0x0000000088d00000|  0%| F|  |TAMS 0x0000000088c00000, 0x0000000088c00000| Untracked 
| 141|0x0000000088d00000, 0x0000000088d00000, 0x0000000088e00000|  0%| F|  |TAMS 0x0000000088d00000, 0x0000000088d00000| Untracked 
| 142|0x0000000088e00000, 0x0000000088e00000, 0x0000000088f00000|  0%| F|  |TAMS 0x0000000088e00000, 0x0000000088e00000| Untracked 
| 143|0x0000000088f00000, 0x0000000088f00000, 0x0000000089000000|  0%| F|  |TAMS 0x0000000088f00000, 0x0000000088f00000| Untracked 
| 144|0x0000000089000000, 0x0000000089000000, 0x0000000089100000|  0%| F|  |TAMS 0x0000000089000000, 0x0000000089000000| Untracked 
| 145|0x0000000089100000, 0x0000000089100000, 0x0000000089200000|  0%| F|  |TAMS 0x0000000089100000, 0x0000000089100000| Untracked 
| 146|0x0000000089200000, 0x0000000089200000, 0x0000000089300000|  0%| F|  |TAMS 0x0000000089200000, 0x0000000089200000| Untracked 
| 147|0x0000000089300000, 0x0000000089300000, 0x0000000089400000|  0%| F|  |TAMS 0x0000000089300000, 0x0000000089300000| Untracked 
| 148|0x0000000089400000, 0x0000000089400000, 0x0000000089500000|  0%| F|  |TAMS 0x0000000089400000, 0x0000000089400000| Untracked 
| 149|0x0000000089500000, 0x0000000089500000, 0x0000000089600000|  0%| F|  |TAMS 0x0000000089500000, 0x0000000089500000| Untracked 
| 150|0x0000000089600000, 0x0000000089600000, 0x0000000089700000|  0%| F|  |TAMS 0x0000000089600000, 0x0000000089600000| Untracked 
| 151|0x0000000089700000, 0x0000000089800000, 0x0000000089800000|100%| E|  |TAMS 0x0000000089700000, 0x0000000089700000| Complete 
| 152|0x0000000089800000, 0x0000000089900000, 0x0000000089900000|100%| E|CS|TAMS 0x0000000089800000, 0x0000000089800000| Complete 
| 153|0x0000000089900000, 0x0000000089a00000, 0x0000000089a00000|100%| E|CS|TAMS 0x0000000089900000, 0x0000000089900000| Complete 
| 154|0x0000000089a00000, 0x0000000089b00000, 0x0000000089b00000|100%| E|CS|TAMS 0x0000000089a00000, 0x0000000089a00000| Complete 
| 155|0x0000000089b00000, 0x0000000089c00000, 0x0000000089c00000|100%| E|CS|TAMS 0x0000000089b00000, 0x0000000089b00000| Complete 
| 156|0x0000000089c00000, 0x0000000089d00000, 0x0000000089d00000|100%| E|CS|TAMS 0x0000000089c00000, 0x0000000089c00000| Complete 
| 157|0x0000000089d00000, 0x0000000089e00000, 0x0000000089e00000|100%| E|CS|TAMS 0x0000000089d00000, 0x0000000089d00000| Complete 
| 158|0x0000000089e00000, 0x0000000089f00000, 0x0000000089f00000|100%| E|CS|TAMS 0x0000000089e00000, 0x0000000089e00000| Complete 
| 159|0x0000000089f00000, 0x000000008a000000, 0x000000008a000000|100%| E|CS|TAMS 0x0000000089f00000, 0x0000000089f00000| Complete 
| 160|0x000000008a000000, 0x000000008a100000, 0x000000008a100000|100%| E|CS|TAMS 0x000000008a000000, 0x000000008a000000| Complete 
| 161|0x000000008a100000, 0x000000008a200000, 0x000000008a200000|100%| E|CS|TAMS 0x000000008a100000, 0x000000008a100000| Complete 
| 162|0x000000008a200000, 0x000000008a300000, 0x000000008a300000|100%| E|CS|TAMS 0x000000008a200000, 0x000000008a200000| Complete 
| 163|0x000000008a300000, 0x000000008a400000, 0x000000008a400000|100%| E|CS|TAMS 0x000000008a300000, 0x000000008a300000| Complete 
| 164|0x000000008a400000, 0x000000008a500000, 0x000000008a500000|100%| E|CS|TAMS 0x000000008a400000, 0x000000008a400000| Complete 
| 165|0x000000008a500000, 0x000000008a600000, 0x000000008a600000|100%| E|CS|TAMS 0x000000008a500000, 0x000000008a500000| Complete 
| 166|0x000000008a600000, 0x000000008a700000, 0x000000008a700000|100%| E|CS|TAMS 0x000000008a600000, 0x000000008a600000| Complete 
| 167|0x000000008a700000, 0x000000008a800000, 0x000000008a800000|100%| E|CS|TAMS 0x000000008a700000, 0x000000008a700000| Complete 
| 168|0x000000008a800000, 0x000000008a900000, 0x000000008a900000|100%| E|CS|TAMS 0x000000008a800000, 0x000000008a800000| Complete 
| 169|0x000000008a900000, 0x000000008aa00000, 0x000000008aa00000|100%| E|CS|TAMS 0x000000008a900000, 0x000000008a900000| Complete 
| 170|0x000000008aa00000, 0x000000008ab00000, 0x000000008ab00000|100%| E|CS|TAMS 0x000000008aa00000, 0x000000008aa00000| Complete 
| 171|0x000000008ab00000, 0x000000008ac00000, 0x000000008ac00000|100%| E|CS|TAMS 0x000000008ab00000, 0x000000008ab00000| Complete 
| 172|0x000000008ac00000, 0x000000008ad00000, 0x000000008ad00000|100%| E|CS|TAMS 0x000000008ac00000, 0x000000008ac00000| Complete 
| 173|0x000000008ad00000, 0x000000008ae00000, 0x000000008ae00000|100%| E|CS|TAMS 0x000000008ad00000, 0x000000008ad00000| Complete 

Card table byte_map: [0x00000242b7190000,0x00000242b7590000] _byte_map_base: 0x00000242b6d90000

Marking Bits (Prev, Next): (CMBitMap*) 0x000002429fb63360, (CMBitMap*) 0x000002429fb633a0
 Prev Bits: [0x00000242b7990000, 0x00000242b9990000)
 Next Bits: [0x00000242b9990000, 0x00000242bb990000)

Polling page: 0x000002429f2b0000

Metaspace:

Usage:
  Non-class:     41.46 MB used.
      Class:      6.37 MB used.
       Both:     47.83 MB used.

Virtual space:
  Non-class space:       64.00 MB reserved,      42.12 MB ( 66%) committed,  1 nodes.
      Class space:      412.00 MB reserved,       7.06 MB (  2%) committed,  1 nodes.
             Both:      476.00 MB reserved,      49.19 MB ( 10%) committed. 

Chunk freelists:
   Non-Class:  1.60 MB
       Class:  944.00 KB
        Both:  2.52 MB

MaxMetaspaceSize: 512.00 MB
CompressedClassSpaceSize: 412.00 MB
Initial GC threshold: 21.00 MB
Current GC threshold: 59.00 MB
CDS: on
MetaspaceReclaimPolicy: balanced
 - commit_granule_bytes: 65536.
 - commit_granule_words: 8192.
 - virtual_space_node_default_size: 8388608.
 - enlarge_chunks_in_place: 1.
 - new_chunks_are_fully_committed: 0.
 - uncommit_free_chunks: 1.
 - use_allocation_guard: 0.


Internal statistics:

num_allocs_failed_limit: 6.
num_arena_births: 2288.
num_arena_deaths: 0.
num_vsnodes_births: 2.
num_vsnodes_deaths: 0.
num_space_committed: 787.
num_space_uncommitted: 0.
num_chunks_returned_to_freelist: 6.
num_chunks_taken_from_freelist: 4484.
num_chunk_merges: 6.
num_chunk_splits: 2886.
num_chunks_enlarged: 1745.
num_inconsistent_stats: 0.

CodeHeap 'non-profiled nmethods': size=120000Kb used=3126Kb max_used=3126Kb free=116873Kb
 bounds [0x00000242af520000, 0x00000242af830000, 0x00000242b6a50000]
CodeHeap 'profiled nmethods': size=120000Kb used=14288Kb max_used=14288Kb free=105711Kb
 bounds [0x00000242a7a50000, 0x00000242a8850000, 0x00000242aef80000]
CodeHeap 'non-nmethods': size=5760Kb used=2417Kb max_used=2452Kb free=3342Kb
 bounds [0x00000242aef80000, 0x00000242af1f0000, 0x00000242af520000]
 total_blobs=8100 nmethods=7254 adapters=755
 compilation: enabled
              stopped_count=0, restarted_count=0
 full_count=0

Compilation events (20 events):
Event: 14.087 Thread 0x00000242bdd8ec10 8209       3       java.lang.ClassValue$Entry::refreshVersion (23 bytes)
Event: 14.087 Thread 0x00000242bdd8ec10 nmethod 8209 0x00000242a882b710 code [0x00000242a882b900, 0x00000242a882bdf8]
Event: 14.087 Thread 0x00000242bdd8ec10 8210       3       org.codehaus.groovy.util.LockableObject::tryRelease (45 bytes)
Event: 14.087 Thread 0x00000242bdd8ec10 nmethod 8210 0x00000242a882c010 code [0x00000242a882c1c0, 0x00000242a882c4a8]
Event: 14.087 Thread 0x00000242bdd8ec10 8211       3       java.util.stream.IntPipeline$1$1::accept (23 bytes)
Event: 14.088 Thread 0x00000242bdd8ec10 nmethod 8211 0x00000242a882c590 code [0x00000242a882c740, 0x00000242a882c9f8]
Event: 14.088 Thread 0x00000242bdd8ec10 8212       3       org.codehaus.groovy.runtime.callsite.CallSiteArray$$Lambda$672/0x0000000801623ce0::apply (13 bytes)
Event: 14.088 Thread 0x00000242bdd8ec10 nmethod 8212 0x00000242a882cb10 code [0x00000242a882ccc0, 0x00000242a882ce08]
Event: 14.090 Thread 0x00000242bdd8ec10 8216 %     3       groovy.lang.MetaClassImpl::inheritInterfaceNewMetaMethods @ 100 (195 bytes)
Event: 14.092 Thread 0x00000242bdd8ec10 nmethod 8216% 0x00000242a882cf10 code [0x00000242a882d220, 0x00000242a882e8b8]
Event: 14.096 Thread 0x00000242bdd8ec10 8217       1       groovy.lang.Closure::getResolveStrategy (5 bytes)
Event: 14.096 Thread 0x00000242bdd8ec10 nmethod 8217 0x00000242af82d510 code [0x00000242af82d6a0, 0x00000242af82d758]
Event: 14.096 Thread 0x00000242bdd8ec10 8218       3       com.google.common.cache.LocalCache$Segment::getLiveEntry (38 bytes)
Event: 14.097 Thread 0x00000242bdd8ec10 nmethod 8218 0x00000242a882f090 code [0x00000242a882f300, 0x00000242a882fd58]
Event: 14.112 Thread 0x00000242bdd8ec10 8221       3       java.lang.Class::getMethod0 (31 bytes)
Event: 14.112 Thread 0x00000242bdd8ec10 nmethod 8221 0x00000242a8830110 code [0x00000242a88302e0, 0x00000242a8830518]
Event: 14.112 Thread 0x00000242bdd8ec10 8220       3       java.lang.Module::isExported (15 bytes)
Event: 14.112 Thread 0x00000242bdd8ec10 nmethod 8220 0x00000242a8830610 code [0x00000242a88307e0, 0x00000242a8830a98]
Event: 14.113 Thread 0x00000242bdd8ec10 8222       3       java.util.regex.Matcher::getTextLength (10 bytes)
Event: 14.113 Thread 0x00000242bdd8ec10 nmethod 8222 0x00000242a8830b90 code [0x00000242a8830d40, 0x00000242a8830f08]

GC Heap History (20 events):
Event: 8.062 GC heap before
{Heap before GC invocations=11 (full 0):
 garbage-first heap   total 89088K, used 68995K [0x0000000080000000, 0x0000000100000000)
  region size 1024K, 42 young (43008K), 4 survivors (4096K)
 Metaspace       used 38503K, committed 39744K, reserved 487424K
  class space    used 5403K, committed 6016K, reserved 421888K
}
Event: 8.067 GC heap after
{Heap after GC invocations=12 (full 0):
 garbage-first heap   total 89088K, used 32515K [0x0000000080000000, 0x0000000100000000)
  region size 1024K, 5 young (5120K), 5 survivors (5120K)
 Metaspace       used 38503K, committed 39744K, reserved 487424K
  class space    used 5403K, committed 6016K, reserved 421888K
}
Event: 8.088 GC heap before
{Heap before GC invocations=12 (full 0):
 garbage-first heap   total 89088K, used 33539K [0x0000000080000000, 0x0000000100000000)
  region size 1024K, 6 young (6144K), 5 survivors (5120K)
 Metaspace       used 38612K, committed 39808K, reserved 487424K
  class space    used 5416K, committed 6016K, reserved 421888K
}
Event: 8.092 GC heap after
{Heap after GC invocations=13 (full 0):
 garbage-first heap   total 89088K, used 33082K [0x0000000080000000, 0x0000000100000000)
  region size 1024K, 1 young (1024K), 1 survivors (1024K)
 Metaspace       used 38612K, committed 39808K, reserved 487424K
  class space    used 5416K, committed 6016K, reserved 421888K
}
Event: 8.865 GC heap before
{Heap before GC invocations=13 (full 0):
 garbage-first heap   total 89088K, used 73018K [0x0000000080000000, 0x0000000100000000)
  region size 1024K, 36 young (36864K), 1 survivors (1024K)
 Metaspace       used 44222K, committed 45440K, reserved 487424K
  class space    used 6002K, committed 6656K, reserved 421888K
}
Event: 8.869 GC heap after
{Heap after GC invocations=14 (full 0):
 garbage-first heap   total 89088K, used 36759K [0x0000000080000000, 0x0000000100000000)
  region size 1024K, 5 young (5120K), 5 survivors (5120K)
 Metaspace       used 44222K, committed 45440K, reserved 487424K
  class space    used 6002K, committed 6656K, reserved 421888K
}
Event: 8.987 GC heap before
{Heap before GC invocations=14 (full 0):
 garbage-first heap   total 89088K, used 68503K [0x0000000080000000, 0x0000000100000000)
  region size 1024K, 36 young (36864K), 5 survivors (5120K)
 Metaspace       used 44245K, committed 45440K, reserved 487424K
  class space    used 6002K, committed 6656K, reserved 421888K
}
Event: 8.993 GC heap after
{Heap after GC invocations=15 (full 0):
 garbage-first heap   total 89088K, used 39686K [0x0000000080000000, 0x0000000100000000)
  region size 1024K, 4 young (4096K), 4 survivors (4096K)
 Metaspace       used 44245K, committed 45440K, reserved 487424K
  class space    used 6002K, committed 6656K, reserved 421888K
}
Event: 9.088 GC heap before
{Heap before GC invocations=15 (full 0):
 garbage-first heap   total 89088K, used 69382K [0x0000000080000000, 0x0000000100000000)
  region size 1024K, 33 young (33792K), 4 survivors (4096K)
 Metaspace       used 44246K, committed 45440K, reserved 487424K
  class space    used 6002K, committed 6656K, reserved 421888K
}
Event: 9.093 GC heap after
{Heap after GC invocations=16 (full 0):
 garbage-first heap   total 178176K, used 40885K [0x0000000080000000, 0x0000000100000000)
  region size 1024K, 3 young (3072K), 3 survivors (3072K)
 Metaspace       used 44246K, committed 45440K, reserved 487424K
  class space    used 6002K, committed 6656K, reserved 421888K
}
Event: 9.755 GC heap before
{Heap before GC invocations=16 (full 0):
 garbage-first heap   total 178176K, used 141237K [0x0000000080000000, 0x0000000100000000)
  region size 1024K, 101 young (103424K), 3 survivors (3072K)
 Metaspace       used 44811K, committed 46016K, reserved 487424K
  class space    used 6042K, committed 6656K, reserved 421888K
}
Event: 9.763 GC heap after
{Heap after GC invocations=17 (full 0):
 garbage-first heap   total 178176K, used 45214K [0x0000000080000000, 0x0000000100000000)
  region size 1024K, 7 young (7168K), 7 survivors (7168K)
 Metaspace       used 44811K, committed 46016K, reserved 487424K
  class space    used 6042K, committed 6656K, reserved 421888K
}
Event: 11.410 GC heap before
{Heap before GC invocations=17 (full 0):
 garbage-first heap   total 178176K, used 138398K [0x0000000080000000, 0x0000000100000000)
  region size 1024K, 98 young (100352K), 7 survivors (7168K)
 Metaspace       used 47073K, committed 48384K, reserved 487424K
  class space    used 6352K, committed 7040K, reserved 421888K
}
Event: 11.417 GC heap after
{Heap after GC invocations=18 (full 0):
 garbage-first heap   total 178176K, used 50645K [0x0000000080000000, 0x0000000100000000)
  region size 1024K, 12 young (12288K), 12 survivors (12288K)
 Metaspace       used 47073K, committed 48384K, reserved 487424K
  class space    used 6352K, committed 7040K, reserved 421888K
}
Event: 11.585 GC heap before
{Heap before GC invocations=18 (full 0):
 garbage-first heap   total 178176K, used 141781K [0x0000000080000000, 0x0000000100000000)
  region size 1024K, 100 young (102400K), 12 survivors (12288K)
 Metaspace       used 47116K, committed 48448K, reserved 487424K
  class space    used 6352K, committed 7040K, reserved 421888K
}
Event: 11.599 GC heap after
{Heap after GC invocations=19 (full 0):
 garbage-first heap   total 178176K, used 58090K [0x0000000080000000, 0x0000000100000000)
  region size 1024K, 12 young (12288K), 12 survivors (12288K)
 Metaspace       used 47116K, committed 48448K, reserved 487424K
  class space    used 6352K, committed 7040K, reserved 421888K
}
Event: 13.213 GC heap before
{Heap before GC invocations=19 (full 0):
 garbage-first heap   total 178176K, used 142058K [0x0000000080000000, 0x0000000100000000)
  region size 1024K, 94 young (96256K), 12 survivors (12288K)
 Metaspace       used 48256K, committed 49664K, reserved 487424K
  class space    used 6460K, committed 7168K, reserved 421888K
}
Event: 13.223 GC heap after
{Heap after GC invocations=20 (full 0):
 garbage-first heap   total 178176K, used 60793K [0x0000000080000000, 0x0000000100000000)
  region size 1024K, 6 young (6144K), 6 survivors (6144K)
 Metaspace       used 48256K, committed 49664K, reserved 487424K
  class space    used 6460K, committed 7168K, reserved 421888K
}
Event: 13.463 GC heap before
{Heap before GC invocations=20 (full 0):
 garbage-first heap   total 178176K, used 142713K [0x0000000080000000, 0x0000000100000000)
  region size 1024K, 86 young (88064K), 6 survivors (6144K)
 Metaspace       used 48352K, committed 49792K, reserved 487424K
  class space    used 6466K, committed 7232K, reserved 421888K
}
Event: 13.472 GC heap after
{Heap after GC invocations=21 (full 0):
 garbage-first heap   total 178176K, used 63741K [0x0000000080000000, 0x0000000100000000)
  region size 1024K, 9 young (9216K), 9 survivors (9216K)
 Metaspace       used 48352K, committed 49792K, reserved 487424K
  class space    used 6466K, committed 7232K, reserved 421888K
}

Dll operation events (15 events):
Event: 0.015 Loaded shared library C:\Program Files\Java\jdk-19\bin\java.dll
Event: 0.024 Loaded shared library C:\Program Files\Java\jdk-19\bin\jsvml.dll
Event: 0.123 Loaded shared library C:\Program Files\Java\jdk-19\bin\zip.dll
Event: 0.128 Loaded shared library C:\Program Files\Java\jdk-19\bin\instrument.dll
Event: 0.146 Loaded shared library C:\Program Files\Java\jdk-19\bin\net.dll
Event: 0.148 Loaded shared library C:\Program Files\Java\jdk-19\bin\nio.dll
Event: 0.156 Loaded shared library C:\Program Files\Java\jdk-19\bin\zip.dll
Event: 0.411 Loaded shared library C:\Program Files\Java\jdk-19\bin\jimage.dll
Event: 0.585 Loaded shared library C:\Program Files\Java\jdk-19\bin\verify.dll
Event: 0.828 Loaded shared library C:\Users\Advice\.gradle\native\c067742578af261105cb4f569cf0c3c89f3d7b1fecec35dd04571415982c5e48\windows-amd64\native-platform.dll
Event: 0.865 Loaded shared library C:\Users\Advice\.gradle\native\38dada09dfb8b06ba9b0570ebf7e218e3eb74d4ef43ca46872605cf95ebc2f47\windows-amd64\native-platform-file-events.dll
Event: 2.466 Loaded shared library C:\Program Files\Java\jdk-19\bin\management.dll
Event: 2.471 Loaded shared library C:\Program Files\Java\jdk-19\bin\management_ext.dll
Event: 2.799 Loaded shared library C:\Program Files\Java\jdk-19\bin\extnet.dll
Event: 3.068 Loaded shared library C:\Program Files\Java\jdk-19\bin\sunmscapi.dll

Deoptimization events (20 events):
Event: 14.097 Thread 0x00000242c4b9c0f0 Uncommon trap: trap_request=0xffffffbe fr.pc=0x00000242af7a1098 relative=0x0000000000001618
Event: 14.097 Thread 0x00000242c4b9c0f0 Uncommon trap: reason=profile_predicate action=maybe_recompile pc=0x00000242af7a1098 method=java.util.TimSort.gallopRight(Ljava/lang/Object;[Ljava/lang/Object;IIILjava/util/Comparator;)I @ 151 c2
Event: 14.097 Thread 0x00000242c4b9c0f0 DEOPT PACKING pc=0x00000242af7a1098 sp=0x0000004d716fe600
Event: 14.097 Thread 0x00000242c4b9c0f0 DEOPT UNPACKING pc=0x00000242aefe6da3 sp=0x0000004d716fe5e8 mode 2
Event: 14.097 Thread 0x00000242c4b9c0f0 Uncommon trap: trap_request=0xffffffc6 fr.pc=0x00000242af7809bc relative=0x000000000000263c
Event: 14.097 Thread 0x00000242c4b9c0f0 Uncommon trap: reason=bimorphic_or_optimized_type_check action=maybe_recompile pc=0x00000242af7809bc method=java.util.TimSort.gallopLeft(Ljava/lang/Object;[Ljava/lang/Object;IIILjava/util/Comparator;)I @ 44 c2
Event: 14.097 Thread 0x00000242c4b9c0f0 DEOPT PACKING pc=0x00000242af7809bc sp=0x0000004d716fe5e0
Event: 14.097 Thread 0x00000242c4b9c0f0 DEOPT UNPACKING pc=0x00000242aefe6da3 sp=0x0000004d716fe5e0 mode 2
Event: 14.112 Thread 0x00000242c4563760 Uncommon trap: trap_request=0xffffffbe fr.pc=0x00000242af7803e4 relative=0x0000000000002064
Event: 14.112 Thread 0x00000242c4563760 Uncommon trap: reason=profile_predicate action=maybe_recompile pc=0x00000242af7803e4 method=java.util.TimSort.gallopLeft(Ljava/lang/Object;[Ljava/lang/Object;IIILjava/util/Comparator;)I @ 147 c2
Event: 14.112 Thread 0x00000242c4563760 DEOPT PACKING pc=0x00000242af7803e4 sp=0x0000004d6fcf74a0
Event: 14.112 Thread 0x00000242c4563760 DEOPT UNPACKING pc=0x00000242aefe6da3 sp=0x0000004d6fcf74a8 mode 2
Event: 14.112 Thread 0x00000242c4563760 Uncommon trap: trap_request=0xffffffbe fr.pc=0x00000242af780570 relative=0x00000000000021f0
Event: 14.112 Thread 0x00000242c4563760 Uncommon trap: reason=profile_predicate action=maybe_recompile pc=0x00000242af780570 method=java.util.TimSort.gallopLeft(Ljava/lang/Object;[Ljava/lang/Object;IIILjava/util/Comparator;)I @ 62 c2
Event: 14.112 Thread 0x00000242c4563760 DEOPT PACKING pc=0x00000242af780570 sp=0x0000004d6fcf73b0
Event: 14.112 Thread 0x00000242c4563760 DEOPT UNPACKING pc=0x00000242aefe6da3 sp=0x0000004d6fcf73b8 mode 2
Event: 14.112 Thread 0x00000242c4563760 Uncommon trap: trap_request=0xffffffbe fr.pc=0x00000242af7803e4 relative=0x0000000000002064
Event: 14.112 Thread 0x00000242c4563760 Uncommon trap: reason=profile_predicate action=maybe_recompile pc=0x00000242af7803e4 method=java.util.TimSort.gallopLeft(Ljava/lang/Object;[Ljava/lang/Object;IIILjava/util/Comparator;)I @ 147 c2
Event: 14.112 Thread 0x00000242c4563760 DEOPT PACKING pc=0x00000242af7803e4 sp=0x0000004d6fcf74a0
Event: 14.112 Thread 0x00000242c4563760 DEOPT UNPACKING pc=0x00000242aefe6da3 sp=0x0000004d6fcf74a8 mode 2

Classes loaded (20 events):
Event: 13.530 Loading class java/net/HashMap
Event: 13.530 Loading class java/net/HashMap done
Event: 13.532 Loading class java/lang/ArrayList
Event: 13.532 Loading class java/lang/ArrayList done
Event: 13.533 Loading class java/io/ArrayList
Event: 13.533 Loading class java/io/ArrayList done
Event: 13.533 Loading class java/net/ArrayList
Event: 13.533 Loading class java/net/ArrayList done
Event: 13.536 Loading class java/lang/FileTreeBuilder
Event: 13.536 Loading class java/lang/FileTreeBuilder done
Event: 13.536 Loading class java/io/FileTreeBuilder
Event: 13.536 Loading class java/io/FileTreeBuilder done
Event: 13.538 Loading class java/net/FileTreeBuilder
Event: 13.538 Loading class java/net/FileTreeBuilder done
Event: 13.539 Loading class java/util/FileTreeBuilder
Event: 13.539 Loading class java/util/FileTreeBuilder done
Event: 14.101 Loading class java/util/stream/ReduceOps$2
Event: 14.101 Loading class java/util/stream/ReduceOps$2 done
Event: 14.101 Loading class java/util/stream/ReduceOps$2ReducingSink
Event: 14.102 Loading class java/util/stream/ReduceOps$2ReducingSink done

Classes unloaded (0 events):
No events

Classes redefined (0 events):
No events

Internal exceptions (20 events):
Event: 12.843 Thread 0x00000242c4563760 Exception <a 'java/lang/ClassNotFoundException'{0x0000000087b29328}: [LExpoModuleGradlePlugin;Customizer> (0x0000000087b29328) 
thrown [s\open\src\hotspot\share\prims\jni.cpp, line 536]
Event: 12.843 Thread 0x00000242c4563760 Exception <a 'java/lang/ClassNotFoundException'{0x0000000087b2a670}: [LExpoModuleGradlePlugin;Customizer> (0x0000000087b2a670) 
thrown [s\open\src\hotspot\share\prims\jni.cpp, line 536]
Event: 12.851 Thread 0x00000242c4563760 Exception <a 'java/lang/ClassNotFoundException'{0x0000000087b79d40}: org/gradle/configuration/internal/DefaultListenerBuildOperationDecorator$BuildOperationEmittingClosureBeanInfo> (0x0000000087b79d40) 
thrown [s\open\src\hotspot\share\classfile\systemDictionary.cpp, line 255]
Event: 12.852 Thread 0x00000242c4563760 Exception <a 'java/lang/ClassNotFoundException'{0x0000000087b8a750}: org/gradle/configuration/internal/DefaultListenerBuildOperationDecorator$BuildOperationEmittingClosureCustomizer> (0x0000000087b8a750) 
thrown [s\open\src\hotspot\share\classfile\systemDictionary.cpp, line 255]
Event: 13.418 Thread 0x00000242c4b98bd0 Exception <a 'sun/nio/fs/WindowsException'{0x000000008600cfe0}> (0x000000008600cfe0) 
thrown [s\open\src\hotspot\share\prims\jni.cpp, line 517]
Event: 13.418 Thread 0x00000242c4b98bd0 Exception <a 'sun/nio/fs/WindowsException'{0x000000008600d5d0}> (0x000000008600d5d0) 
thrown [s\open\src\hotspot\share\prims\jni.cpp, line 517]
Event: 13.421 Thread 0x00000242c4b98bd0 Exception <a 'sun/nio/fs/WindowsException'{0x0000000086027918}> (0x0000000086027918) 
thrown [s\open\src\hotspot\share\prims\jni.cpp, line 517]
Event: 13.422 Thread 0x00000242c4b98bd0 Exception <a 'sun/nio/fs/WindowsException'{0x0000000086027a90}> (0x0000000086027a90) 
thrown [s\open\src\hotspot\share\prims\jni.cpp, line 517]
Event: 13.922 Thread 0x00000242c44deb00 Exception <a 'sun/nio/fs/WindowsException'{0x000000008a0e1108}> (0x000000008a0e1108) 
thrown [s\open\src\hotspot\share\prims\jni.cpp, line 517]
Event: 13.922 Thread 0x00000242c44deb00 Exception <a 'sun/nio/fs/WindowsException'{0x000000008a0e16f8}> (0x000000008a0e16f8) 
thrown [s\open\src\hotspot\share\prims\jni.cpp, line 517]
Event: 14.068 Thread 0x00000242c44deb00 Exception <a 'sun/nio/fs/WindowsException'{0x0000000089ca37e8}> (0x0000000089ca37e8) 
thrown [s\open\src\hotspot\share\prims\jni.cpp, line 517]
Event: 14.069 Thread 0x00000242c44deb00 Exception <a 'sun/nio/fs/WindowsException'{0x0000000089ca3950}> (0x0000000089ca3950) 
thrown [s\open\src\hotspot\share\prims\jni.cpp, line 517]
Event: 14.080 Thread 0x00000242c4563760 Exception <a 'java/lang/ClassNotFoundException'{0x000000008a0a3fe0}: native_modules_w964pusomeohg1n3k5rekuj2BeanInfo> (0x000000008a0a3fe0) 
thrown [s\open\src\hotspot\share\classfile\systemDictionary.cpp, line 255]
Event: 14.080 Thread 0x00000242c4563760 Exception <a 'java/lang/ClassNotFoundException'{0x000000008a0ab060}: native_modules_w964pusomeohg1n3k5rekuj2Customizer> (0x000000008a0ab060) 
thrown [s\open\src\hotspot\share\classfile\systemDictionary.cpp, line 255]
Event: 14.085 Thread 0x00000242c4563760 Exception <a 'java/lang/ClassNotFoundException'{0x0000000089cd5378}: ReactNativeModulesBeanInfo> (0x0000000089cd5378) 
thrown [s\open\src\hotspot\share\classfile\systemDictionary.cpp, line 255]
Event: 14.086 Thread 0x00000242c4563760 Exception <a 'java/lang/ClassNotFoundException'{0x0000000089cdd8e8}: ReactNativeModulesCustomizer> (0x0000000089cdd8e8) 
thrown [s\open\src\hotspot\share\classfile\systemDictionary.cpp, line 255]
Event: 14.099 Thread 0x00000242c4b9c0f0 Exception <a 'java/io/IOException'{0x0000000089b849d8}: CreateProcess error=1455, The paging file is too small for this operation to complete> (0x0000000089b849d8) 
thrown [s\open\src\hotspot\share\prims\jni.cpp, line 536]
Event: 14.109 Thread 0x00000242c4563760 Exception <a 'java/lang/ClassNotFoundException'{0x0000000089bb67f8}: org/gradle/internal/logging/slf4j/OutputEventListenerBackedLoggerBeanInfo> (0x0000000089bb67f8) 
thrown [s\open\src\hotspot\share\classfile\systemDictionary.cpp, line 255]
Event: 14.110 Thread 0x00000242c4563760 Exception <a 'java/lang/ClassNotFoundException'{0x0000000089bc81e8}: org/gradle/internal/logging/slf4j/BuildOperationAwareLoggerBeanInfo> (0x0000000089bc81e8) 
thrown [s\open\src\hotspot\share\classfile\systemDictionary.cpp, line 255]
Event: 14.111 Thread 0x00000242c4563760 Exception <a 'java/lang/ClassNotFoundException'{0x0000000089bd9640}: org/gradle/internal/logging/slf4j/BuildOperationAwareLoggerCustomizer> (0x0000000089bd9640) 
thrown [s\open\src\hotspot\share\classfile\systemDictionary.cpp, line 255]

VM Operations (20 events):
Event: 11.648 Executing VM operation: HandshakeAllThreads
Event: 11.648 Executing VM operation: HandshakeAllThreads done
Event: 11.810 Executing VM operation: ICBufferFull
Event: 11.810 Executing VM operation: ICBufferFull done
Event: 12.002 Executing VM operation: ICBufferFull
Event: 12.002 Executing VM operation: ICBufferFull done
Event: 13.004 Executing VM operation: Cleanup
Event: 13.005 Executing VM operation: Cleanup done
Event: 13.022 Executing VM operation: HandshakeAllThreads
Event: 13.023 Executing VM operation: HandshakeAllThreads done
Event: 13.025 Executing VM operation: HandshakeAllThreads
Event: 13.025 Executing VM operation: HandshakeAllThreads done
Event: 13.038 Executing VM operation: HandshakeAllThreads
Event: 13.039 Executing VM operation: HandshakeAllThreads done
Event: 13.213 Executing VM operation: G1CollectForAllocation
Event: 13.223 Executing VM operation: G1CollectForAllocation done
Event: 13.462 Executing VM operation: G1CollectForAllocation
Event: 13.472 Executing VM operation: G1CollectForAllocation done
Event: 13.902 Executing VM operation: ICBufferFull
Event: 13.902 Executing VM operation: ICBufferFull done

Events (20 events):
Event: 8.920 Thread 0x00000242bdd974e0 flushing nmethod 0x00000242a83dfa10
Event: 8.920 Thread 0x00000242bdd974e0 flushing nmethod 0x00000242a83e7a90
Event: 8.920 Thread 0x00000242bdd974e0 flushing nmethod 0x00000242a83e8990
Event: 8.920 Thread 0x00000242bdd974e0 flushing nmethod 0x00000242a83e8d10
Event: 8.920 Thread 0x00000242bdd974e0 flushing nmethod 0x00000242a83eb010
Event: 8.920 Thread 0x00000242bdd974e0 flushing nmethod 0x00000242a83ed890
Event: 8.920 Thread 0x00000242bdd974e0 flushing nmethod 0x00000242a83edf10
Event: 8.920 Thread 0x00000242bdd974e0 flushing nmethod 0x00000242a83ee290
Event: 8.921 Thread 0x00000242bdd974e0 flushing nmethod 0x00000242a83ee610
Event: 8.921 Thread 0x00000242bdd974e0 flushing nmethod 0x00000242a83eec10
Event: 8.921 Thread 0x00000242bdd974e0 flushing nmethod 0x00000242a83f0010
Event: 9.504 Thread 0x00000242c4b97140 Thread added: 0x00000242c4b97140
Event: 9.721 Thread 0x00000242c4b9c640 Thread added: 0x00000242c4b9c640
Event: 9.839 Thread 0x00000242c4b98bd0 Thread added: 0x00000242c4b98bd0
Event: 11.213 Thread 0x00000242c4b9c0f0 Thread added: 0x00000242c4b9c0f0
Event: 11.227 Thread 0x00000242c4b96bf0 Thread added: 0x00000242c4b96bf0
Event: 11.227 Thread 0x00000242c4b99120 Thread added: 0x00000242c4b99120
Event: 13.035 Thread 0x00000242bdd974e0 flushing nmethod 0x00000242a82d8710
Event: 13.035 Thread 0x00000242bdd974e0 flushing nmethod 0x00000242a82db190
Event: 13.035 Thread 0x00000242bdd974e0 flushing nmethod 0x00000242a82ec610


Dynamic libraries:
0x00007ff642780000 - 0x00007ff642790000 	C:\Program Files\Java\jdk-19\bin\java.exe
0x00007ff833570000 - 0x00007ff833786000 	C:\WINDOWS\SYSTEM32\ntdll.dll
0x00007ff832280000 - 0x00007ff832344000 	C:\WINDOWS\System32\KERNEL32.DLL
0x00007ff830a80000 - 0x00007ff830e27000 	C:\WINDOWS\System32\KERNELBASE.dll
0x00007ff82d810000 - 0x00007ff82d8a7000 	C:\WINDOWS\SYSTEM32\apphelp.dll
0x00007ff8310d0000 - 0x00007ff8311e1000 	C:\WINDOWS\System32\ucrtbase.dll
0x00007ff817670000 - 0x00007ff817688000 	C:\Program Files\Java\jdk-19\bin\jli.dll
0x00007ff819270000 - 0x00007ff81928b000 	C:\Program Files\Java\jdk-19\bin\VCRUNTIME140.dll
0x00007ff832350000 - 0x00007ff832402000 	C:\WINDOWS\System32\ADVAPI32.dll
0x00007ff832970000 - 0x00007ff832a17000 	C:\WINDOWS\System32\msvcrt.dll
0x00007ff832a90000 - 0x00007ff832b38000 	C:\WINDOWS\System32\sechost.dll
0x00007ff830930000 - 0x00007ff830958000 	C:\WINDOWS\System32\bcrypt.dll
0x00007ff8324a0000 - 0x00007ff8325b5000 	C:\WINDOWS\System32\RPCRT4.dll
0x00007ff832b90000 - 0x00007ff832d3e000 	C:\WINDOWS\System32\USER32.dll
0x00007ff831270000 - 0x00007ff831296000 	C:\WINDOWS\System32\win32u.dll
0x00007ff818320000 - 0x00007ff8185b3000 	C:\WINDOWS\WinSxS\amd64_microsoft.windows.common-controls_6595b64144ccf1df_6.0.22621.3235_none_270f74e173860f98\COMCTL32.dll
0x00007ff833500000 - 0x00007ff833529000 	C:\WINDOWS\System32\GDI32.dll
0x00007ff830960000 - 0x00007ff830a79000 	C:\WINDOWS\System32\gdi32full.dll
0x00007ff830890000 - 0x00007ff83092a000 	C:\WINDOWS\System32\msvcp_win.dll
0x00007ff8269a0000 - 0x00007ff8269aa000 	C:\WINDOWS\SYSTEM32\VERSION.dll
0x00007ff831df0000 - 0x00007ff831e21000 	C:\WINDOWS\System32\IMM32.DLL
0x00007ff82bdb0000 - 0x00007ff82bdbc000 	C:\Program Files\Java\jdk-19\bin\vcruntime140_1.dll
0x00007ffff4f80000 - 0x00007ffff500e000 	C:\Program Files\Java\jdk-19\bin\msvcp140.dll
0x00007fff987e0000 - 0x00007fff994a0000 	C:\Program Files\Java\jdk-19\bin\server\jvm.dll
0x00007ff8292b0000 - 0x00007ff8292e4000 	C:\WINDOWS\SYSTEM32\WINMM.dll
0x00007ff82bd20000 - 0x00007ff82bd29000 	C:\WINDOWS\SYSTEM32\WSOCK32.dll
0x00007ff832d60000 - 0x00007ff832dd1000 	C:\WINDOWS\System32\WS2_32.dll
0x00007ff82f890000 - 0x00007ff82f8a8000 	C:\WINDOWS\SYSTEM32\kernel.appcore.dll
0x00007ff81e400000 - 0x00007ff81e40a000 	C:\Program Files\Java\jdk-19\bin\jimage.dll
0x00007ff82e1a0000 - 0x00007ff82e3d3000 	C:\WINDOWS\SYSTEM32\DBGHELP.DLL
0x00007ff8325e0000 - 0x00007ff832968000 	C:\WINDOWS\System32\combase.dll
0x00007ff832de0000 - 0x00007ff832eb7000 	C:\WINDOWS\System32\OLEAUT32.dll
0x00007ff81be90000 - 0x00007ff81bec2000 	C:\WINDOWS\SYSTEM32\dbgcore.DLL
0x00007ff8311f0000 - 0x00007ff831269000 	C:\WINDOWS\System32\bcryptPrimitives.dll
0x00007ff81e3a0000 - 0x00007ff81e3ae000 	C:\Program Files\Java\jdk-19\bin\instrument.dll
0x00007ff8040e0000 - 0x00007ff804106000 	C:\Program Files\Java\jdk-19\bin\java.dll
0x00007ffff4930000 - 0x00007ffff4a07000 	C:\Program Files\Java\jdk-19\bin\jsvml.dll
0x00007ff831360000 - 0x00007ff831bbc000 	C:\WINDOWS\System32\SHELL32.dll
0x00007ff82e7a0000 - 0x00007ff82f099000 	C:\WINDOWS\SYSTEM32\windows.storage.dll
0x00007ff82e660000 - 0x00007ff82e79e000 	C:\WINDOWS\SYSTEM32\wintypes.dll
0x00007ff831e40000 - 0x00007ff831f33000 	C:\WINDOWS\System32\SHCORE.dll
0x00007ff8312a0000 - 0x00007ff8312fe000 	C:\WINDOWS\System32\shlwapi.dll
0x00007ff8307c0000 - 0x00007ff8307e1000 	C:\WINDOWS\SYSTEM32\profapi.dll
0x00007ff80b140000 - 0x00007ff80b158000 	C:\Program Files\Java\jdk-19\bin\zip.dll
0x00007ff80a140000 - 0x00007ff80a153000 	C:\Program Files\Java\jdk-19\bin\net.dll
0x00007ff8299a0000 - 0x00007ff829ad6000 	C:\WINDOWS\SYSTEM32\WINHTTP.dll
0x00007ff82fcf0000 - 0x00007ff82fd59000 	C:\WINDOWS\system32\mswsock.dll
0x00007ff809540000 - 0x00007ff809556000 	C:\Program Files\Java\jdk-19\bin\nio.dll
0x00007ff81d510000 - 0x00007ff81d520000 	C:\Program Files\Java\jdk-19\bin\verify.dll
0x00007ff805be0000 - 0x00007ff805c07000 	C:\Users\Advice\.gradle\native\c067742578af261105cb4f569cf0c3c89f3d7b1fecec35dd04571415982c5e48\windows-amd64\native-platform.dll
0x00007ffff1dc0000 - 0x00007ffff1f04000 	C:\Users\Advice\.gradle\native\38dada09dfb8b06ba9b0570ebf7e218e3eb74d4ef43ca46872605cf95ebc2f47\windows-amd64\native-platform-file-events.dll
0x00007ff81b480000 - 0x00007ff81b48a000 	C:\Program Files\Java\jdk-19\bin\management.dll
0x00007ff81aeb0000 - 0x00007ff81aebb000 	C:\Program Files\Java\jdk-19\bin\management_ext.dll
0x00007ff831de0000 - 0x00007ff831de8000 	C:\WINDOWS\System32\PSAPI.DLL
0x00007ff830040000 - 0x00007ff83005b000 	C:\WINDOWS\SYSTEM32\CRYPTSP.dll
0x00007ff82f7f0000 - 0x00007ff82f825000 	C:\WINDOWS\system32\rsaenh.dll
0x00007ff82fd90000 - 0x00007ff82fdb8000 	C:\WINDOWS\SYSTEM32\USERENV.dll
0x00007ff830020000 - 0x00007ff83002c000 	C:\WINDOWS\SYSTEM32\CRYPTBASE.dll
0x00007ff82f340000 - 0x00007ff82f36d000 	C:\WINDOWS\SYSTEM32\IPHLPAPI.DLL
0x00007ff831bc0000 - 0x00007ff831bc9000 	C:\WINDOWS\System32\NSI.dll
0x00007ff829e50000 - 0x00007ff829e69000 	C:\WINDOWS\SYSTEM32\dhcpcsvc6.DLL
0x00007ff829570000 - 0x00007ff82958f000 	C:\WINDOWS\SYSTEM32\dhcpcsvc.DLL
0x00007ff82f370000 - 0x00007ff82f469000 	C:\WINDOWS\SYSTEM32\DNSAPI.dll
0x00007ff818bc0000 - 0x00007ff818bc8000 	C:\Program Files\Java\jdk-19\bin\extnet.dll
0x00007ff810d10000 - 0x00007ff810d1e000 	C:\Program Files\Java\jdk-19\bin\sunmscapi.dll
0x00007ff830e30000 - 0x00007ff830f97000 	C:\WINDOWS\System32\CRYPT32.dll
0x00007ff830140000 - 0x00007ff83016e000 	C:\WINDOWS\SYSTEM32\ncrypt.dll
0x00007ff830100000 - 0x00007ff830137000 	C:\WINDOWS\SYSTEM32\NTASN1.dll
0x00007ff8147e0000 - 0x00007ff8147e8000 	C:\WINDOWS\system32\wshunix.dll

dbghelp: loaded successfully - version: 4.0.5 - missing functions: none
symbol engine: initialized successfully - sym options: 0x614 - pdb path: .;C:\Program Files\Java\jdk-19\bin;C:\WINDOWS\SYSTEM32;C:\WINDOWS\WinSxS\amd64_microsoft.windows.common-controls_6595b64144ccf1df_6.0.22621.3235_none_270f74e173860f98;C:\Program Files\Java\jdk-19\bin\server;C:\Users\Advice\.gradle\native\c067742578af261105cb4f569cf0c3c89f3d7b1fecec35dd04571415982c5e48\windows-amd64;C:\Users\Advice\.gradle\native\38dada09dfb8b06ba9b0570ebf7e218e3eb74d4ef43ca46872605cf95ebc2f47\windows-amd64

VM Arguments:
jvm_args: -XX:MaxMetaspaceSize=512m --add-opens=java.base/java.util=ALL-UNNAMED --add-opens=java.base/java.lang=ALL-UNNAMED --add-opens=java.base/java.lang.invoke=ALL-UNNAMED --add-opens=java.prefs/java.util.prefs=ALL-UNNAMED --add-opens=java.base/java.nio.charset=ALL-UNNAMED --add-opens=java.base/java.net=ALL-UNNAMED --add-opens=java.base/java.util.concurrent.atomic=ALL-UNNAMED -Xmx2048m -Dfile.encoding=utf8 -Duser.country=US -Duser.language=en -Duser.variant -javaagent:C:\Users\Advice\.gradle\wrapper\dists\gradle-8.6-all\3mbtmo166bl6vumsh5k2lkq5h\gradle-8.6\lib\agents\gradle-instrumentation-agent-8.6.jar 
java_command: org.gradle.launcher.daemon.bootstrap.GradleDaemon 8.6
java_class_path (initial): C:\Users\Advice\.gradle\wrapper\dists\gradle-8.6-all\3mbtmo166bl6vumsh5k2lkq5h\gradle-8.6\lib\gradle-launcher-8.6.jar
Launcher Type: SUN_STANDARD

[Global flags]
     intx CICompilerCount                          = 4                                         {product} {ergonomic}
   size_t CompressedClassSpaceSize                 = 432013312                                 {product} {ergonomic}
     uint ConcGCThreads                            = 2                                         {product} {ergonomic}
     uint G1ConcRefinementThreads                  = 8                                         {product} {ergonomic}
   size_t G1HeapRegionSize                         = 1048576                                   {product} {ergonomic}
    uintx GCDrainStackTargetSize                   = 64                                        {product} {ergonomic}
   size_t InitialHeapSize                          = 98566144                                  {product} {ergonomic}
   size_t MarkStackSize                            = 4194304                                   {product} {ergonomic}
   size_t MaxHeapSize                              = 2147483648                                {product} {command line}
   size_t MaxMetaspaceSize                         = 536870912                                 {product} {command line}
   size_t MaxNewSize                               = 1287651328                                {product} {ergonomic}
   size_t MinHeapDeltaBytes                        = 1048576                                   {product} {ergonomic}
   size_t MinHeapSize                              = 8388608                                   {product} {ergonomic}
    uintx NonNMethodCodeHeapSize                   = 5839372                                {pd product} {ergonomic}
    uintx NonProfiledCodeHeapSize                  = 122909434                              {pd product} {ergonomic}
    uintx ProfiledCodeHeapSize                     = 122909434                              {pd product} {ergonomic}
    uintx ReservedCodeCacheSize                    = 251658240                              {pd product} {ergonomic}
     bool SegmentedCodeCache                       = true                                      {product} {ergonomic}
   size_t SoftMaxHeapSize                          = 2147483648                             {manageable} {ergonomic}
     bool UseCompressedClassPointers               = true                           {product lp64_product} {ergonomic}
     bool UseCompressedOops                        = true                           {product lp64_product} {ergonomic}
     bool UseG1GC                                  = true                                      {product} {ergonomic}
     bool UseLargePagesIndividualAllocation        = false                                  {pd product} {ergonomic}

Logging:
Log output configuration:
 #0: stdout all=warning uptime,level,tags foldmultilines=false
 #1: stderr all=off uptime,level,tags foldmultilines=false

Environment Variables:
PATH=C:\Program Files\Common Files\Oracle\Java\javapath;C:\WINDOWS\system32;C:\WINDOWS;C:\WINDOWS\System32\Wbem;C:\WINDOWS\System32\WindowsPowerShell\v1.0\;C:\WINDOWS\System32\OpenSSH\;C:\Program Files\Java\jdk-19\bin;C:\Program Files\Java\jdk-19\bin;C:\Program Files\Microsoft SQL Server\150\Tools\Binn\;C:\Program Files\Microsoft SQL Server\Client SDK\ODBC\170\Tools\Binn\;C:\Program Files\dotnet\;C:\Program Files\nodejs\;C:\Program Files\Git\cmd;C:\Users\Advice\AppData\Local\Microsoft\WindowsApps;C:\Users\Advice\AppData\Local\Programs\Microsoft VS Code\bin;C:\src\flutter\bin;C:\Users\Advice\AppData\Local\Android\Sdk;C:\Users\Advice\AppData\Local\Android\Sdk\platforms;C:\Users\Advice\AppData\Local\Android\Sdk\platform-tools;C:\Users\Advice\.dotnet\tools;C:\Users\Advice\OneDrive\Desktop\mee\php;C:\Users\Advice\AppData\Roaming\npm
USERNAME=Advice
OS=Windows_NT
PROCESSOR_IDENTIFIER=AMD64 Family 23 Model 104 Stepping 1, AuthenticAMD
TMP=C:\Users\Advice\AppData\Local\Temp
TEMP=C:\Users\Advice\AppData\Local\Temp



---------------  S Y S T E M  ---------------

OS:
 Windows 11 , 64 bit Build 22621 (10.0.22621.3374)
OS uptime: 8 days 7:15 hours
Hyper-V role detected

CPU: total 8 (initial active 8) (8 cores per cpu, 2 threads per core) family 23 model 104 stepping 1 microcode 0x0, cx8, cmov, fxsr, ht, mmx, 3dnowpref, sse, sse2, sse3, ssse3, sse4a, sse4.1, sse4.2, popcnt, lzcnt, tsc, tscinvbit, avx, avx2, aes, clmul, bmi1, bmi2, adx, sha, fma, vzeroupper, clflush, clflushopt, hv, rdtscp, rdpid

Memory: 4k page, system-wide physical 6005M (238M free)
TotalPageFile size 18703M (AvailPageFile size 3M)
current process WorkingSet (physical memory assigned to process): 343M, peak: 345M
current process commit charge ("private bytes"): 385M, peak: 388M

vm_info: Java HotSpot(TM) 64-Bit Server VM (19.0.1+10-21) for windows-amd64 JRE (19.0.1+10-21), built on 2022-09-14T12:45:06Z by "mach5one" with MS VC++ 17.1 (VS2022)

END.
