#
# There is insufficient memory for the Java Runtime Environment to continue.
# Native memory allocation (mmap) failed to map 63963136 bytes for G1 virtual space
# Possible reasons:
#   The system is out of physical RAM or swap space
#   The process is running with CompressedOops enabled, and the Java Heap may be blocking the growth of the native heap
# Possible solutions:
#   Reduce memory load on the system
#   Increase physical memory or swap space
#   Check if swap backing store is full
#   Decrease Java heap size (-Xmx/-Xms)
#   Decrease number of Java threads
#   Decrease Java thread stack sizes (-Xss)
#   Set larger code cache with -XX:ReservedCodeCacheSize=
#   JVM is running with Unscaled Compressed Oops mode in which the Java heap is
#     placed in the first 4GB address space. The Java Heap base address is the
#     maximum limit for the native heap growth. Please use -XX:HeapBaseMinAddress
#     to set the Java Heap base and to place the Java Heap above 4GB virtual address.
# This output file may be truncated or incomplete.
#
#  Out of Memory Error (os_windows.cpp:3527), pid=1516, tid=27500
#
# JRE version: Java(TM) SE Runtime Environment (19.0.1+10) (build 19.0.1+10-21)
# Java VM: Java HotSpot(TM) 64-Bit Server VM (19.0.1+10-21, mixed mode, sharing, tiered, compressed oops, compressed class ptrs, g1 gc, windows-amd64)
# No core dump will be written. Minidumps are not enabled by default on client versions of Windows
#

---------------  S U M M A R Y ------------

Command Line: -XX:MaxMetaspaceSize=512m --add-opens=java.base/java.util=ALL-UNNAMED --add-opens=java.base/java.lang=ALL-UNNAMED --add-opens=java.base/java.lang.invoke=ALL-UNNAMED --add-opens=java.prefs/java.util.prefs=ALL-UNNAMED --add-opens=java.base/java.nio.charset=ALL-UNNAMED --add-opens=java.base/java.net=ALL-UNNAMED --add-opens=java.base/java.util.concurrent.atomic=ALL-UNNAMED -Xmx2048m -Dfile.encoding=utf8 -Duser.country=US -Duser.language=en -Duser.variant -javaagent:C:\Users\Advice\.gradle\wrapper\dists\gradle-8.6-all\3mbtmo166bl6vumsh5k2lkq5h\gradle-8.6\lib\agents\gradle-instrumentation-agent-8.6.jar org.gradle.launcher.daemon.bootstrap.GradleDaemon 8.6

Host: AMD Ryzen 3 5300U with Radeon Graphics         , 8 cores, 5G,  Windows 11 , 64 bit Build 22621 (10.0.22621.3374)
Time: Thu May 23 15:37:19 2024 SE Asia Standard Time elapsed time: 22.933082 seconds (0d 0h 0m 22s)

---------------  T H R E A D  ---------------

Current thread (0x000001b2061ac920):  VMThread "VM Thread" [stack: 0x000000920fc00000,0x000000920fd00000] [id=27500]

Stack: [0x000000920fc00000,0x000000920fd00000]
Native frames: (J=compiled Java code, j=interpreted, Vv=VM code, C=native code)
V  [jvm.dll+0x6ee8fa]
V  [jvm.dll+0x857a1e]
V  [jvm.dll+0x85940e]
V  [jvm.dll+0x859ac3]
V  [jvm.dll+0x28291f]
V  [jvm.dll+0x6eb6e9]
V  [jvm.dll+0x6e028a]
V  [jvm.dll+0x357136]
V  [jvm.dll+0x35eb96]
V  [jvm.dll+0x3b555e]
V  [jvm.dll+0x3b578f]
V  [jvm.dll+0x32c6ea]
V  [jvm.dll+0x32c797]
V  [jvm.dll+0x374b52]
V  [jvm.dll+0x37328f]
V  [jvm.dll+0x32bf10]
V  [jvm.dll+0x37282b]
V  [jvm.dll+0x85ef83]
V  [jvm.dll+0x85fd49]
V  [jvm.dll+0x86027d]
V  [jvm.dll+0x86070b]
V  [jvm.dll+0x8607c7]
V  [jvm.dll+0x8015fa]
V  [jvm.dll+0x6ed5eb]
C  [ucrtbase.dll+0x29333]
C  [KERNEL32.DLL+0x1257d]
C  [ntdll.dll+0x5aa48]

VM_Operation (0x00000092114f7620): G1CollectForAllocation, mode: safepoint, requested by thread 0x000001b20c0deeb0


---------------  P R O C E S S  ---------------

Threads class SMR info:
_java_thread_list=0x000001b20ca35c50, length=43, elements={
0x000001b2677985c0, 0x000001b2061c76f0, 0x000001b2061ca8f0, 0x000001b2061ce5a0,
0x000001b2061d1260, 0x000001b2061d1b90, 0x000001b2061d24c0, 0x000001b2061d3330,
0x000001b2061d60c0, 0x000001b2061d8a40, 0x000001b20a4d9660, 0x000001b20a64c9e0,
0x000001b20c2b0010, 0x000001b20ba8e620, 0x000001b20bc974d0, 0x000001b20c0d10b0,
0x000001b20c0d15f0, 0x000001b20c0de970, 0x000001b20c0deeb0, 0x000001b20b8ecba0,
0x000001b20b8ec650, 0x000001b20b8eabc0, 0x000001b20b8ed0f0, 0x000001b20b8eb660,
0x000001b20b8eb110, 0x000001b20b8edb90, 0x000001b20e155990, 0x000001b20e1519d0,
0x000001b20e155440, 0x000001b20e154ef0, 0x000001b20e155ee0, 0x000001b20e1539b0,
0x000001b20e14ea00, 0x000001b20e14f4a0, 0x000001b20e14f9f0, 0x000001b20e14ff40,
0x000001b20e150490, 0x000001b20e985090, 0x000001b20e984b40, 0x000001b20e981620,
0x000001b20e983600, 0x000001b20e9830b0, 0x000001b20e9885b0
}

Java Threads: ( => current thread )
  0x000001b2677985c0 JavaThread "main" [_thread_blocked, id=23236, stack(0x000000920f600000,0x000000920f700000)]
  0x000001b2061c76f0 JavaThread "Reference Handler" daemon [_thread_blocked, id=8176, stack(0x000000920fd00000,0x000000920fe00000)]
  0x000001b2061ca8f0 JavaThread "Finalizer" daemon [_thread_blocked, id=3616, stack(0x000000920fe00000,0x000000920ff00000)]
  0x000001b2061ce5a0 JavaThread "Signal Dispatcher" daemon [_thread_blocked, id=17904, stack(0x000000920ff00000,0x0000009210000000)]
  0x000001b2061d1260 JavaThread "Attach Listener" daemon [_thread_blocked, id=17872, stack(0x0000009210000000,0x0000009210100000)]
  0x000001b2061d1b90 JavaThread "Service Thread" daemon [_thread_blocked, id=27072, stack(0x0000009210100000,0x0000009210200000)]
  0x000001b2061d24c0 JavaThread "Monitor Deflation Thread" daemon [_thread_blocked, id=8576, stack(0x0000009210200000,0x0000009210300000)]
  0x000001b2061d3330 JavaThread "C2 CompilerThread0" daemon [_thread_blocked, id=6168, stack(0x0000009210300000,0x0000009210400000)]
  0x000001b2061d60c0 JavaThread "C1 CompilerThread0" daemon [_thread_blocked, id=7172, stack(0x0000009210400000,0x0000009210500000)]
  0x000001b2061d8a40 JavaThread "Sweeper thread" daemon [_thread_blocked, id=17620, stack(0x0000009210500000,0x0000009210600000)]
  0x000001b20a4d9660 JavaThread "Common-Cleaner" daemon [_thread_blocked, id=23208, stack(0x0000009210600000,0x0000009210700000)]
  0x000001b20a64c9e0 JavaThread "Notification Thread" daemon [_thread_blocked, id=6800, stack(0x0000009210700000,0x0000009210800000)]
  0x000001b20c2b0010 JavaThread "Daemon health stats" [_thread_blocked, id=16216, stack(0x0000009210e00000,0x0000009210f00000)]
  0x000001b20ba8e620 JavaThread "Incoming local TCP Connector on port 52776" [_thread_in_native, id=26488, stack(0x0000009210f00000,0x0000009211000000)]
  0x000001b20bc974d0 JavaThread "Daemon periodic checks" [_thread_blocked, id=20220, stack(0x0000009211000000,0x0000009211100000)]
  0x000001b20c0d10b0 JavaThread "Daemon" [_thread_blocked, id=9864, stack(0x0000009211100000,0x0000009211200000)]
  0x000001b20c0d15f0 JavaThread "Handler for socket connection from /127.0.0.1:52776 to /127.0.0.1:52777" [_thread_in_native, id=27380, stack(0x0000009211200000,0x0000009211300000)]
  0x000001b20c0de970 JavaThread "Cancel handler" [_thread_blocked, id=24568, stack(0x0000009211300000,0x0000009211400000)]
  0x000001b20c0deeb0 JavaThread "Daemon worker" [_thread_blocked, id=23852, stack(0x0000009211400000,0x0000009211500000)]
  0x000001b20b8ecba0 JavaThread "Asynchronous log dispatcher for DefaultDaemonConnection: socket connection from /127.0.0.1:52776 to /127.0.0.1:52777" [_thread_blocked, id=272, stack(0x0000009211500000,0x0000009211600000)]
  0x000001b20b8ec650 JavaThread "Stdin handler" [_thread_blocked, id=19796, stack(0x0000009211600000,0x0000009211700000)]
  0x000001b20b8eabc0 JavaThread "Daemon client event forwarder" [_thread_blocked, id=19940, stack(0x0000009211700000,0x0000009211800000)]
  0x000001b20b8ed0f0 JavaThread "Cache worker for journal cache (C:\Users\Advice\.gradle\caches\journal-1)" [_thread_blocked, id=10220, stack(0x0000009211b00000,0x0000009211c00000)]
  0x000001b20b8eb660 JavaThread "File lock request listener" [_thread_in_native, id=20068, stack(0x0000009211c00000,0x0000009211d00000)]
  0x000001b20b8eb110 JavaThread "Cache worker for file hash cache (C:\Users\Advice\.gradle\caches\8.6\fileHashes)" [_thread_blocked, id=6956, stack(0x0000009211d00000,0x0000009211e00000)]
  0x000001b20b8edb90 JavaThread "File watcher server" daemon [_thread_in_native, id=23868, stack(0x0000009211f00000,0x0000009212000000)]
  0x000001b20e155990 JavaThread "File watcher consumer" daemon [_thread_blocked, id=22376, stack(0x0000009212000000,0x0000009212100000)]
  0x000001b20e1519d0 JavaThread "Cache worker for checksums cache (D:\React\MyReact\android\.gradle\8.6\checksums)" [_thread_blocked, id=25752, stack(0x0000009212100000,0x0000009212200000)]
  0x000001b20e155440 JavaThread "Cache worker for file hash cache (D:\React\MyReact\android\.gradle\8.6\fileHashes)" [_thread_blocked, id=26100, stack(0x0000009212200000,0x0000009212300000)]
  0x000001b20e154ef0 JavaThread "Cache worker for cache directory md-supplier (C:\Users\Advice\.gradle\caches\8.6\md-supplier)" [_thread_blocked, id=16500, stack(0x0000009212300000,0x0000009212400000)]
  0x000001b20e155ee0 JavaThread "Cache worker for cache directory md-rule (C:\Users\Advice\.gradle\caches\8.6\md-rule)" [_thread_blocked, id=7960, stack(0x0000009212400000,0x0000009212500000)]
  0x000001b20e1539b0 JavaThread "Cache worker for file content cache (C:\Users\Advice\.gradle\caches\8.6\fileContent)" [_thread_blocked, id=9328, stack(0x0000009212500000,0x0000009212600000)]
  0x000001b20e14ea00 JavaThread "jar transforms" [_thread_blocked, id=2412, stack(0x0000009212600000,0x0000009212700000)]
  0x000001b20e14f4a0 JavaThread "jar transforms Thread 2" [_thread_blocked, id=25632, stack(0x0000009212700000,0x0000009212800000)]
  0x000001b20e14f9f0 JavaThread "jar transforms Thread 3" [_thread_blocked, id=22040, stack(0x0000009212800000,0x0000009212900000)]
  0x000001b20e14ff40 JavaThread "jar transforms Thread 4" [_thread_blocked, id=13628, stack(0x0000009212900000,0x0000009212a00000)]
  0x000001b20e150490 JavaThread "jar transforms Thread 5" [_thread_blocked, id=20572, stack(0x0000009210900000,0x0000009210a00000)]
  0x000001b20e985090 JavaThread "jar transforms Thread 6" [_thread_blocked, id=8624, stack(0x0000009212a00000,0x0000009212b00000)]
  0x000001b20e984b40 JavaThread "Exec process" [_thread_blocked, id=25992, stack(0x0000009212c00000,0x0000009212d00000)]
  0x000001b20e981620 JavaThread "Exec process Thread 2" [_thread_blocked, id=26816, stack(0x0000009212d00000,0x0000009212e00000)]
  0x000001b20e983600 JavaThread "Exec process Thread 3" [_thread_blocked, id=13348, stack(0x0000009212e00000,0x0000009212f00000)]
  0x000001b20e9830b0 JavaThread "jar transforms Thread 7" [_thread_blocked, id=6372, stack(0x0000009212b00000,0x0000009212c00000)]
  0x000001b20e9885b0 JavaThread "jar transforms Thread 8" [_thread_blocked, id=20552, stack(0x0000009212f00000,0x0000009213000000)]

Other Threads:
=>0x000001b2061ac920 VMThread "VM Thread" [stack: 0x000000920fc00000,0x000000920fd00000] [id=27500]
  0x000001b2677994a0 WatcherThread "VM Periodic Task Thread" [stack: 0x0000009210800000,0x0000009210900000] [id=16260]
  0x000001b2677f65e0 WorkerThread "GC Thread#0" [stack: 0x000000920f700000,0x000000920f800000] [id=24664]
  0x000001b20b0c2eb0 WorkerThread "GC Thread#1" [stack: 0x0000009210a00000,0x0000009210b00000] [id=26068]
  0x000001b20af9b030 WorkerThread "GC Thread#2" [stack: 0x0000009210b00000,0x0000009210c00000] [id=18856]
  0x000001b20af5b750 WorkerThread "GC Thread#3" [stack: 0x0000009210c00000,0x0000009210d00000] [id=27436]
  0x000001b20af5aee0 WorkerThread "GC Thread#4" [stack: 0x0000009210d00000,0x0000009210e00000] [id=7760]
  0x000001b20af5cb00 WorkerThread "GC Thread#5" [stack: 0x0000009211800000,0x0000009211900000] [id=22556]
  0x000001b20af5c560 WorkerThread "GC Thread#6" [stack: 0x0000009211900000,0x0000009211a00000] [id=13848]
  0x000001b20af5bfc0 WorkerThread "GC Thread#7" [stack: 0x0000009211a00000,0x0000009211b00000] [id=27468]
  0x000001b2656edf80 ConcurrentGCThread "G1 Main Marker" [stack: 0x000000920f800000,0x000000920f900000] [id=15528]
  0x000001b2656ee9b0 WorkerThread "G1 Conc#0" [stack: 0x000000920f900000,0x000000920fa00000] [id=16212]
  0x000001b20cf99140 WorkerThread "G1 Conc#1" [stack: 0x0000009211e00000,0x0000009211f00000] [id=12968]
  0x000001b26783eb20 ConcurrentGCThread "G1 Refine#0" [stack: 0x000000920fa00000,0x000000920fb00000] [id=18900]
  0x000001b2060450f0 ConcurrentGCThread "G1 Service" [stack: 0x000000920fb00000,0x000000920fc00000] [id=22612]

Threads with active compile tasks:

VM state: at safepoint (normal execution)

VM Mutex/Monitor currently owned by a thread:  ([mutex/lock_event])
[0x000001b267794280] Threads_lock - owner thread: 0x000001b2061ac920
[0x000001b2677958c0] Heap_lock - owner thread: 0x000001b20c0deeb0

Heap address: 0x0000000080000000, size: 2048 MB, Compressed Oops mode: 32-bit

CDS archive(s) mapped at: [0x0000000800000000-0x0000000800c40000-0x0000000800c40000), size 12845056, SharedBaseAddress: 0x0000000800000000, ArchiveRelocationMode: 0.
Compressed class space mapped at: 0x0000000801000000-0x000000081ac00000, reserved size: 432013312
Narrow klass base: 0x0000000800000000, Narrow klass shift: 0, Narrow klass range: 0x100000000

GC Precious Log:
 CardTable entry size: 512
 Card Set container configuration: InlinePtr #cards 5 size 8 Array Of Cards #cards 12 size 40 Howl #buckets 4 coarsen threshold 1843 Howl Bitmap #cards 512 size 80 coarsen threshold 460 Card regions per heap region 1 cards per card region 2048
 CPUs: 8 total, 8 available
 Memory: 6005M
 Large Page Support: Disabled
 NUMA Support: Disabled
 Compressed Oops: Enabled (32-bit)
 Heap Region Size: 1M
 Heap Min Capacity: 8M
 Heap Initial Capacity: 94M
 Heap Max Capacity: 2G
 Pre-touch: Disabled
 Parallel Workers: 8
 Concurrent Workers: 2
 Concurrent Refinement Workers: 8
 Periodic GC: Disabled

Heap:
 garbage-first heap   total 309248K, used 66501K [0x0000000080000000, 0x0000000100000000)
  region size 1024K, 13 young (13312K), 13 survivors (13312K)
 Metaspace       used 47129K, committed 48512K, reserved 487424K
  class space    used 6430K, committed 7104K, reserved 421888K

Heap Regions: E=young(eden), S=young(survivor), O=old, HS=humongous(starts), HC=humongous(continues), CS=collection set, F=free, OA=open archive, CA=closed archive, TAMS=top-at-mark-start (previous, next)
|   0|0x0000000080000000, 0x0000000080100000, 0x0000000080100000|100%|HS|  |TAMS 0x0000000080100000, 0x0000000080000000| Complete 
|   1|0x0000000080100000, 0x0000000080200000, 0x0000000080200000|100%|HC|  |TAMS 0x0000000080200000, 0x0000000080100000| Complete 
|   2|0x0000000080200000, 0x0000000080300000, 0x0000000080300000|100%|HC|  |TAMS 0x0000000080300000, 0x0000000080200000| Complete 
|   3|0x0000000080300000, 0x0000000080400000, 0x0000000080400000|100%|HC|  |TAMS 0x0000000080400000, 0x0000000080300000| Complete 
|   4|0x0000000080400000, 0x0000000080500000, 0x0000000080500000|100%| O|  |TAMS 0x0000000080500000, 0x0000000080400000| Untracked 
|   5|0x0000000080500000, 0x0000000080600000, 0x0000000080600000|100%| O|  |TAMS 0x0000000080600000, 0x0000000080500000| Untracked 
|   6|0x0000000080600000, 0x0000000080700000, 0x0000000080700000|100%| O|  |TAMS 0x0000000080700000, 0x0000000080600000| Untracked 
|   7|0x0000000080700000, 0x0000000080800000, 0x0000000080800000|100%| O|  |TAMS 0x0000000080800000, 0x0000000080700000| Untracked 
|   8|0x0000000080800000, 0x0000000080900000, 0x0000000080900000|100%| O|  |TAMS 0x0000000080900000, 0x0000000080800000| Untracked 
|   9|0x0000000080900000, 0x0000000080a00000, 0x0000000080a00000|100%| O|  |TAMS 0x0000000080a00000, 0x0000000080900000| Untracked 
|  10|0x0000000080a00000, 0x0000000080b00000, 0x0000000080b00000|100%| O|  |TAMS 0x0000000080b00000, 0x0000000080a00000| Untracked 
|  11|0x0000000080b00000, 0x0000000080c00000, 0x0000000080c00000|100%| O|  |TAMS 0x0000000080c00000, 0x0000000080b00000| Untracked 
|  12|0x0000000080c00000, 0x0000000080d00000, 0x0000000080d00000|100%| O|  |TAMS 0x0000000080d00000, 0x0000000080c00000| Untracked 
|  13|0x0000000080d00000, 0x0000000080e00000, 0x0000000080e00000|100%| O|  |TAMS 0x0000000080e00000, 0x0000000080d00000| Untracked 
|  14|0x0000000080e00000, 0x0000000080f00000, 0x0000000080f00000|100%| O|  |TAMS 0x0000000080e00000, 0x0000000080e00000| Untracked 
|  15|0x0000000080f00000, 0x0000000081000000, 0x0000000081000000|100%| O|  |TAMS 0x0000000081000000, 0x0000000080f00000| Untracked 
|  16|0x0000000081000000, 0x0000000081100000, 0x0000000081100000|100%| O|  |TAMS 0x0000000081100000, 0x0000000081000000| Untracked 
|  17|0x0000000081100000, 0x0000000081200000, 0x0000000081200000|100%| O|  |TAMS 0x0000000081200000, 0x0000000081100000| Untracked 
|  18|0x0000000081200000, 0x0000000081300000, 0x0000000081300000|100%| O|  |TAMS 0x0000000081300000, 0x0000000081200000| Untracked 
|  19|0x0000000081300000, 0x0000000081400000, 0x0000000081400000|100%| O|  |TAMS 0x0000000081400000, 0x0000000081300000| Untracked 
|  20|0x0000000081400000, 0x0000000081500000, 0x0000000081500000|100%| O|  |TAMS 0x0000000081500000, 0x0000000081400000| Untracked 
|  21|0x0000000081500000, 0x0000000081600000, 0x0000000081600000|100%| O|  |TAMS 0x0000000081600000, 0x0000000081500000| Untracked 
|  22|0x0000000081600000, 0x0000000081700000, 0x0000000081700000|100%| O|  |TAMS 0x0000000081700000, 0x0000000081600000| Untracked 
|  23|0x0000000081700000, 0x0000000081800000, 0x0000000081800000|100%| O|  |TAMS 0x0000000081800000, 0x0000000081700000| Untracked 
|  24|0x0000000081800000, 0x0000000081900000, 0x0000000081900000|100%| O|  |TAMS 0x0000000081900000, 0x0000000081800000| Untracked 
|  25|0x0000000081900000, 0x0000000081a00000, 0x0000000081a00000|100%| O|  |TAMS 0x0000000081a00000, 0x0000000081900000| Untracked 
|  26|0x0000000081a00000, 0x0000000081b00000, 0x0000000081b00000|100%| O|  |TAMS 0x0000000081b00000, 0x0000000081a00000| Untracked 
|  27|0x0000000081b00000, 0x0000000081c00000, 0x0000000081c00000|100%| O|  |TAMS 0x0000000081c00000, 0x0000000081b00000| Untracked 
|  28|0x0000000081c00000, 0x0000000081d00000, 0x0000000081d00000|100%| O|  |TAMS 0x0000000081d00000, 0x0000000081c00000| Untracked 
|  29|0x0000000081d00000, 0x0000000081e00000, 0x0000000081e00000|100%| O|  |TAMS 0x0000000081e00000, 0x0000000081d00000| Untracked 
|  30|0x0000000081e00000, 0x0000000081f00000, 0x0000000081f00000|100%| O|  |TAMS 0x0000000081f00000, 0x0000000081e00000| Untracked 
|  31|0x0000000081f00000, 0x0000000082000000, 0x0000000082000000|100%| O|  |TAMS 0x0000000082000000, 0x0000000081f00000| Untracked 
|  32|0x0000000082000000, 0x0000000082100000, 0x0000000082100000|100%| O|  |TAMS 0x0000000082100000, 0x0000000082000000| Untracked 
|  33|0x0000000082100000, 0x0000000082200000, 0x0000000082200000|100%| O|  |TAMS 0x0000000082200000, 0x0000000082100000| Untracked 
|  34|0x0000000082200000, 0x0000000082300000, 0x0000000082300000|100%| O|  |TAMS 0x0000000082200000, 0x0000000082200000| Untracked 
|  35|0x0000000082300000, 0x0000000082400000, 0x0000000082400000|100%| O|  |TAMS 0x0000000082400000, 0x0000000082300000| Untracked 
|  36|0x0000000082400000, 0x0000000082500000, 0x0000000082500000|100%| O|  |TAMS 0x0000000082500000, 0x0000000082400000| Untracked 
|  37|0x0000000082500000, 0x0000000082600000, 0x0000000082600000|100%| O|  |TAMS 0x0000000082600000, 0x0000000082500000| Untracked 
|  38|0x0000000082600000, 0x0000000082700000, 0x0000000082700000|100%| O|  |TAMS 0x0000000082700000, 0x0000000082600000| Untracked 
|  39|0x0000000082700000, 0x0000000082800000, 0x0000000082800000|100%| O|  |TAMS 0x0000000082800000, 0x0000000082700000| Untracked 
|  40|0x0000000082800000, 0x0000000082900000, 0x0000000082900000|100%| O|  |TAMS 0x0000000082900000, 0x0000000082800000| Untracked 
|  41|0x0000000082900000, 0x0000000082a00000, 0x0000000082a00000|100%| O|  |TAMS 0x000000008296c600, 0x0000000082900000| Untracked 
|  42|0x0000000082a00000, 0x0000000082b00000, 0x0000000082b00000|100%| O|  |TAMS 0x0000000082a00000, 0x0000000082a00000| Untracked 
|  43|0x0000000082b00000, 0x0000000082c00000, 0x0000000082c00000|100%| O|  |TAMS 0x0000000082b00000, 0x0000000082b00000| Untracked 
|  44|0x0000000082c00000, 0x0000000082d00000, 0x0000000082d00000|100%| O|  |TAMS 0x0000000082c00000, 0x0000000082c00000| Untracked 
|  45|0x0000000082d00000, 0x0000000082e00000, 0x0000000082e00000|100%| O|  |TAMS 0x0000000082d00000, 0x0000000082d00000| Untracked 
|  46|0x0000000082e00000, 0x0000000082f00000, 0x0000000082f00000|100%| O|  |TAMS 0x0000000082e00000, 0x0000000082e00000| Untracked 
|  47|0x0000000082f00000, 0x0000000083000000, 0x0000000083000000|100%| O|  |TAMS 0x0000000082f00000, 0x0000000082f00000| Untracked 
|  48|0x0000000083000000, 0x0000000083100000, 0x0000000083100000|100%| O|  |TAMS 0x0000000083000000, 0x0000000083000000| Untracked 
|  49|0x0000000083100000, 0x0000000083200000, 0x0000000083200000|100%| O|  |TAMS 0x0000000083100000, 0x0000000083100000| Untracked 
|  50|0x0000000083200000, 0x0000000083300000, 0x0000000083300000|100%| O|  |TAMS 0x0000000083200000, 0x0000000083200000| Untracked 
|  51|0x0000000083300000, 0x00000000833f1600, 0x0000000083400000| 94%| O|  |TAMS 0x0000000083300000, 0x0000000083300000| Untracked 
|  52|0x0000000083400000, 0x0000000083400000, 0x0000000083500000|  0%| F|  |TAMS 0x0000000083400000, 0x0000000083400000| Untracked 
|  53|0x0000000083500000, 0x0000000083500000, 0x0000000083600000|  0%| F|  |TAMS 0x0000000083500000, 0x0000000083500000| Untracked 
|  54|0x0000000083600000, 0x0000000083600000, 0x0000000083700000|  0%| F|  |TAMS 0x0000000083600000, 0x0000000083600000| Untracked 
|  55|0x0000000083700000, 0x0000000083700000, 0x0000000083800000|  0%| F|  |TAMS 0x0000000083700000, 0x0000000083700000| Untracked 
|  56|0x0000000083800000, 0x0000000083800000, 0x0000000083900000|  0%| F|  |TAMS 0x0000000083800000, 0x0000000083800000| Untracked 
|  57|0x0000000083900000, 0x0000000083900000, 0x0000000083a00000|  0%| F|  |TAMS 0x0000000083900000, 0x0000000083900000| Untracked 
|  58|0x0000000083a00000, 0x0000000083a00000, 0x0000000083b00000|  0%| F|  |TAMS 0x0000000083a00000, 0x0000000083a00000| Untracked 
|  59|0x0000000083b00000, 0x0000000083b00000, 0x0000000083c00000|  0%| F|  |TAMS 0x0000000083b00000, 0x0000000083b00000| Untracked 
|  60|0x0000000083c00000, 0x0000000083c00000, 0x0000000083d00000|  0%| F|  |TAMS 0x0000000083c00000, 0x0000000083c00000| Untracked 
|  61|0x0000000083d00000, 0x0000000083d00000, 0x0000000083e00000|  0%| F|  |TAMS 0x0000000083d00000, 0x0000000083d00000| Untracked 
|  62|0x0000000083e00000, 0x0000000083e00000, 0x0000000083f00000|  0%| F|  |TAMS 0x0000000083e00000, 0x0000000083e00000| Untracked 
|  63|0x0000000083f00000, 0x0000000083f00000, 0x0000000084000000|  0%| F|  |TAMS 0x0000000083f00000, 0x0000000083f00000| Untracked 
|  64|0x0000000084000000, 0x0000000084000000, 0x0000000084100000|  0%| F|  |TAMS 0x0000000084000000, 0x0000000084000000| Untracked 
|  65|0x0000000084100000, 0x0000000084100000, 0x0000000084200000|  0%| F|  |TAMS 0x0000000084100000, 0x0000000084100000| Untracked 
|  66|0x0000000084200000, 0x0000000084200000, 0x0000000084300000|  0%| F|  |TAMS 0x0000000084200000, 0x0000000084200000| Untracked 
|  67|0x0000000084300000, 0x0000000084300000, 0x0000000084400000|  0%| F|  |TAMS 0x0000000084300000, 0x0000000084300000| Untracked 
|  68|0x0000000084400000, 0x0000000084400000, 0x0000000084500000|  0%| F|  |TAMS 0x0000000084400000, 0x0000000084400000| Untracked 
|  69|0x0000000084500000, 0x0000000084500000, 0x0000000084600000|  0%| F|  |TAMS 0x0000000084500000, 0x0000000084500000| Untracked 
|  70|0x0000000084600000, 0x0000000084600000, 0x0000000084700000|  0%| F|  |TAMS 0x0000000084600000, 0x0000000084600000| Untracked 
|  71|0x0000000084700000, 0x0000000084700000, 0x0000000084800000|  0%| F|  |TAMS 0x0000000084700000, 0x0000000084700000| Untracked 
|  72|0x0000000084800000, 0x0000000084800000, 0x0000000084900000|  0%| F|  |TAMS 0x0000000084800000, 0x0000000084800000| Untracked 
|  73|0x0000000084900000, 0x0000000084900000, 0x0000000084a00000|  0%| F|  |TAMS 0x0000000084900000, 0x0000000084900000| Untracked 
|  74|0x0000000084a00000, 0x0000000084a00000, 0x0000000084b00000|  0%| F|  |TAMS 0x0000000084a00000, 0x0000000084a00000| Untracked 
|  75|0x0000000084b00000, 0x0000000084b00000, 0x0000000084c00000|  0%| F|  |TAMS 0x0000000084b00000, 0x0000000084b00000| Untracked 
|  76|0x0000000084c00000, 0x0000000084c00000, 0x0000000084d00000|  0%| F|  |TAMS 0x0000000084c00000, 0x0000000084c00000| Untracked 
|  77|0x0000000084d00000, 0x0000000084d00000, 0x0000000084e00000|  0%| F|  |TAMS 0x0000000084d00000, 0x0000000084d00000| Untracked 
|  78|0x0000000084e00000, 0x0000000084e00000, 0x0000000084f00000|  0%| F|  |TAMS 0x0000000084e00000, 0x0000000084e00000| Untracked 
|  79|0x0000000084f00000, 0x0000000084f00000, 0x0000000085000000|  0%| F|  |TAMS 0x0000000084f00000, 0x0000000084f00000| Untracked 
|  80|0x0000000085000000, 0x0000000085000000, 0x0000000085100000|  0%| F|  |TAMS 0x0000000085000000, 0x0000000085000000| Untracked 
|  81|0x0000000085100000, 0x0000000085100000, 0x0000000085200000|  0%| F|  |TAMS 0x0000000085100000, 0x0000000085100000| Untracked 
|  82|0x0000000085200000, 0x0000000085200000, 0x0000000085300000|  0%| F|  |TAMS 0x0000000085200000, 0x0000000085200000| Untracked 
|  83|0x0000000085300000, 0x0000000085300000, 0x0000000085400000|  0%| F|  |TAMS 0x0000000085300000, 0x0000000085300000| Untracked 
|  84|0x0000000085400000, 0x0000000085400000, 0x0000000085500000|  0%| F|  |TAMS 0x0000000085400000, 0x0000000085400000| Untracked 
|  85|0x0000000085500000, 0x0000000085500000, 0x0000000085600000|  0%| F|  |TAMS 0x0000000085500000, 0x0000000085500000| Untracked 
|  86|0x0000000085600000, 0x0000000085600000, 0x0000000085700000|  0%| F|  |TAMS 0x0000000085600000, 0x0000000085600000| Untracked 
|  87|0x0000000085700000, 0x0000000085700000, 0x0000000085800000|  0%| F|  |TAMS 0x0000000085700000, 0x0000000085700000| Untracked 
|  88|0x0000000085800000, 0x0000000085800000, 0x0000000085900000|  0%| F|  |TAMS 0x0000000085800000, 0x0000000085800000| Untracked 
|  89|0x0000000085900000, 0x0000000085900000, 0x0000000085a00000|  0%| F|  |TAMS 0x0000000085900000, 0x0000000085900000| Untracked 
|  90|0x0000000085a00000, 0x0000000085a00000, 0x0000000085b00000|  0%| F|  |TAMS 0x0000000085a00000, 0x0000000085a00000| Untracked 
|  91|0x0000000085b00000, 0x0000000085b00000, 0x0000000085c00000|  0%| F|  |TAMS 0x0000000085b00000, 0x0000000085b00000| Untracked 
|  92|0x0000000085c00000, 0x0000000085c00000, 0x0000000085d00000|  0%| F|  |TAMS 0x0000000085c00000, 0x0000000085c00000| Untracked 
|  93|0x0000000085d00000, 0x0000000085d00000, 0x0000000085e00000|  0%| F|  |TAMS 0x0000000085d00000, 0x0000000085d00000| Untracked 
|  94|0x0000000085e00000, 0x0000000085e00000, 0x0000000085f00000|  0%| F|  |TAMS 0x0000000085e00000, 0x0000000085e00000| Untracked 
|  95|0x0000000085f00000, 0x0000000085f00000, 0x0000000086000000|  0%| F|  |TAMS 0x0000000085f00000, 0x0000000085f00000| Untracked 
|  96|0x0000000086000000, 0x0000000086000000, 0x0000000086100000|  0%| F|  |TAMS 0x0000000086000000, 0x0000000086000000| Untracked 
|  97|0x0000000086100000, 0x0000000086100000, 0x0000000086200000|  0%| F|  |TAMS 0x0000000086100000, 0x0000000086100000| Untracked 
|  98|0x0000000086200000, 0x0000000086200000, 0x0000000086300000|  0%| F|  |TAMS 0x0000000086200000, 0x0000000086200000| Untracked 
|  99|0x0000000086300000, 0x0000000086300000, 0x0000000086400000|  0%| F|  |TAMS 0x0000000086300000, 0x0000000086300000| Untracked 
| 100|0x0000000086400000, 0x0000000086400000, 0x0000000086500000|  0%| F|  |TAMS 0x0000000086400000, 0x0000000086400000| Untracked 
| 101|0x0000000086500000, 0x0000000086500000, 0x0000000086600000|  0%| F|  |TAMS 0x0000000086500000, 0x0000000086500000| Untracked 
| 102|0x0000000086600000, 0x0000000086600000, 0x0000000086700000|  0%| F|  |TAMS 0x0000000086600000, 0x0000000086600000| Untracked 
| 103|0x0000000086700000, 0x0000000086700000, 0x0000000086800000|  0%| F|  |TAMS 0x0000000086700000, 0x0000000086700000| Untracked 
| 104|0x0000000086800000, 0x0000000086800000, 0x0000000086900000|  0%| F|  |TAMS 0x0000000086800000, 0x0000000086800000| Untracked 
| 105|0x0000000086900000, 0x0000000086900000, 0x0000000086a00000|  0%| F|  |TAMS 0x0000000086900000, 0x0000000086900000| Untracked 
| 106|0x0000000086a00000, 0x0000000086a00000, 0x0000000086b00000|  0%| F|  |TAMS 0x0000000086a00000, 0x0000000086a00000| Untracked 
| 107|0x0000000086b00000, 0x0000000086b00000, 0x0000000086c00000|  0%| F|  |TAMS 0x0000000086b00000, 0x0000000086b00000| Untracked 
| 108|0x0000000086c00000, 0x0000000086c00000, 0x0000000086d00000|  0%| F|  |TAMS 0x0000000086c00000, 0x0000000086c00000| Untracked 
| 109|0x0000000086d00000, 0x0000000086e00000, 0x0000000086e00000|100%| S|CS|TAMS 0x0000000086d00000, 0x0000000086d00000| Complete 
| 110|0x0000000086e00000, 0x0000000086f00000, 0x0000000086f00000|100%| S|CS|TAMS 0x0000000086e00000, 0x0000000086e00000| Complete 
| 111|0x0000000086f00000, 0x0000000087000000, 0x0000000087000000|100%| S|CS|TAMS 0x0000000086f00000, 0x0000000086f00000| Complete 
| 112|0x0000000087000000, 0x0000000087100000, 0x0000000087100000|100%| S|CS|TAMS 0x0000000087000000, 0x0000000087000000| Complete 
| 113|0x0000000087100000, 0x0000000087200000, 0x0000000087200000|100%| S|CS|TAMS 0x0000000087100000, 0x0000000087100000| Complete 
| 114|0x0000000087200000, 0x0000000087300000, 0x0000000087300000|100%| S|CS|TAMS 0x0000000087200000, 0x0000000087200000| Complete 
| 115|0x0000000087300000, 0x0000000087400000, 0x0000000087400000|100%| S|CS|TAMS 0x0000000087300000, 0x0000000087300000| Complete 
| 116|0x0000000087400000, 0x0000000087500000, 0x0000000087500000|100%| S|CS|TAMS 0x0000000087400000, 0x0000000087400000| Complete 
| 117|0x0000000087500000, 0x0000000087600000, 0x0000000087600000|100%| S|CS|TAMS 0x0000000087500000, 0x0000000087500000| Complete 
| 118|0x0000000087600000, 0x0000000087700000, 0x0000000087700000|100%| S|CS|TAMS 0x0000000087600000, 0x0000000087600000| Complete 
| 119|0x0000000087700000, 0x0000000087800000, 0x0000000087800000|100%| S|CS|TAMS 0x0000000087700000, 0x0000000087700000| Complete 
| 120|0x0000000087800000, 0x0000000087900000, 0x0000000087900000|100%| S|CS|TAMS 0x0000000087800000, 0x0000000087800000| Complete 
| 121|0x0000000087900000, 0x0000000087900000, 0x0000000087a00000|  0%| F|  |TAMS 0x0000000087900000, 0x0000000087900000| Untracked 
| 122|0x0000000087a00000, 0x0000000087a00000, 0x0000000087b00000|  0%| F|  |TAMS 0x0000000087a00000, 0x0000000087a00000| Untracked 
| 123|0x0000000087b00000, 0x0000000087b00000, 0x0000000087c00000|  0%| F|  |TAMS 0x0000000087b00000, 0x0000000087b00000| Untracked 
| 124|0x0000000087c00000, 0x0000000087c00000, 0x0000000087d00000|  0%| F|  |TAMS 0x0000000087c00000, 0x0000000087c00000| Untracked 
| 125|0x0000000087d00000, 0x0000000087d00000, 0x0000000087e00000|  0%| F|  |TAMS 0x0000000087d00000, 0x0000000087d00000| Untracked 
| 126|0x0000000087e00000, 0x0000000087e00000, 0x0000000087f00000|  0%| F|  |TAMS 0x0000000087e00000, 0x0000000087e00000| Untracked 
| 127|0x0000000087f00000, 0x0000000087f00000, 0x0000000088000000|  0%| F|  |TAMS 0x0000000087f00000, 0x0000000087f00000| Untracked 
| 128|0x0000000088000000, 0x0000000088000000, 0x0000000088100000|  0%| F|  |TAMS 0x0000000088000000, 0x0000000088000000| Untracked 
| 129|0x0000000088100000, 0x0000000088100000, 0x0000000088200000|  0%| F|  |TAMS 0x0000000088100000, 0x0000000088100000| Untracked 
| 130|0x0000000088200000, 0x0000000088200000, 0x0000000088300000|  0%| F|  |TAMS 0x0000000088200000, 0x0000000088200000| Untracked 
| 131|0x0000000088300000, 0x0000000088300000, 0x0000000088400000|  0%| F|  |TAMS 0x0000000088300000, 0x0000000088300000| Untracked 
| 132|0x0000000088400000, 0x0000000088400000, 0x0000000088500000|  0%| F|  |TAMS 0x0000000088400000, 0x0000000088400000| Untracked 
| 133|0x0000000088500000, 0x0000000088600000, 0x0000000088600000|100%| S|CS|TAMS 0x0000000088500000, 0x0000000088500000| Complete 
| 134|0x0000000088600000, 0x0000000088600000, 0x0000000088700000|  0%| F|  |TAMS 0x0000000088600000, 0x0000000088600000| Untracked 
| 135|0x0000000088700000, 0x0000000088700000, 0x0000000088800000|  0%| F|  |TAMS 0x0000000088700000, 0x0000000088700000| Untracked 
| 136|0x0000000088800000, 0x0000000088800000, 0x0000000088900000|  0%| F|  |TAMS 0x0000000088800000, 0x0000000088800000| Untracked 
| 137|0x0000000088900000, 0x0000000088900000, 0x0000000088a00000|  0%| F|  |TAMS 0x0000000088900000, 0x0000000088900000| Untracked 
| 138|0x0000000088a00000, 0x0000000088a00000, 0x0000000088b00000|  0%| F|  |TAMS 0x0000000088a00000, 0x0000000088a00000| Untracked 
| 139|0x0000000088b00000, 0x0000000088b00000, 0x0000000088c00000|  0%| F|  |TAMS 0x0000000088b00000, 0x0000000088b00000| Untracked 
| 140|0x0000000088c00000, 0x0000000088c00000, 0x0000000088d00000|  0%| F|  |TAMS 0x0000000088c00000, 0x0000000088c00000| Untracked 
| 141|0x0000000088d00000, 0x0000000088d00000, 0x0000000088e00000|  0%| F|  |TAMS 0x0000000088d00000, 0x0000000088d00000| Untracked 
| 142|0x0000000088e00000, 0x0000000088e00000, 0x0000000088f00000|  0%| F|  |TAMS 0x0000000088e00000, 0x0000000088e00000| Untracked 
| 143|0x0000000088f00000, 0x0000000088f00000, 0x0000000089000000|  0%| F|  |TAMS 0x0000000088f00000, 0x0000000088f00000| Untracked 
| 144|0x0000000089000000, 0x0000000089000000, 0x0000000089100000|  0%| F|  |TAMS 0x0000000089000000, 0x0000000089000000| Untracked 
| 145|0x0000000089100000, 0x0000000089100000, 0x0000000089200000|  0%| F|  |TAMS 0x0000000089100000, 0x0000000089100000| Untracked 
| 146|0x0000000089200000, 0x0000000089200000, 0x0000000089300000|  0%| F|  |TAMS 0x0000000089200000, 0x0000000089200000| Untracked 
| 147|0x0000000089300000, 0x0000000089300000, 0x0000000089400000|  0%| F|  |TAMS 0x0000000089300000, 0x0000000089300000| Untracked 
| 148|0x0000000089400000, 0x0000000089400000, 0x0000000089500000|  0%| F|  |TAMS 0x0000000089400000, 0x0000000089400000| Untracked 
| 149|0x0000000089500000, 0x0000000089500000, 0x0000000089600000|  0%| F|  |TAMS 0x0000000089500000, 0x0000000089500000| Untracked 
| 150|0x0000000089600000, 0x0000000089600000, 0x0000000089700000|  0%| F|  |TAMS 0x0000000089600000, 0x0000000089600000| Untracked 
| 151|0x0000000089700000, 0x0000000089700000, 0x0000000089800000|  0%| F|  |TAMS 0x0000000089700000, 0x0000000089700000| Untracked 
| 152|0x0000000089800000, 0x0000000089800000, 0x0000000089900000|  0%| F|  |TAMS 0x0000000089800000, 0x0000000089800000| Untracked 
| 153|0x0000000089900000, 0x0000000089900000, 0x0000000089a00000|  0%| F|  |TAMS 0x0000000089900000, 0x0000000089900000| Untracked 
| 154|0x0000000089a00000, 0x0000000089a00000, 0x0000000089b00000|  0%| F|  |TAMS 0x0000000089a00000, 0x0000000089a00000| Untracked 
| 155|0x0000000089b00000, 0x0000000089b00000, 0x0000000089c00000|  0%| F|  |TAMS 0x0000000089b00000, 0x0000000089b00000| Untracked 
| 156|0x0000000089c00000, 0x0000000089c00000, 0x0000000089d00000|  0%| F|  |TAMS 0x0000000089c00000, 0x0000000089c00000| Untracked 
| 157|0x0000000089d00000, 0x0000000089d00000, 0x0000000089e00000|  0%| F|  |TAMS 0x0000000089d00000, 0x0000000089d00000| Untracked 
| 158|0x0000000089e00000, 0x0000000089e00000, 0x0000000089f00000|  0%| F|  |TAMS 0x0000000089e00000, 0x0000000089e00000| Untracked 
| 159|0x0000000089f00000, 0x0000000089f00000, 0x000000008a000000|  0%| F|  |TAMS 0x0000000089f00000, 0x0000000089f00000| Untracked 
| 160|0x000000008a000000, 0x000000008a000000, 0x000000008a100000|  0%| F|  |TAMS 0x000000008a000000, 0x000000008a000000| Untracked 
| 161|0x000000008a100000, 0x000000008a100000, 0x000000008a200000|  0%| F|  |TAMS 0x000000008a100000, 0x000000008a100000| Untracked 
| 162|0x000000008a200000, 0x000000008a200000, 0x000000008a300000|  0%| F|  |TAMS 0x000000008a200000, 0x000000008a200000| Untracked 
| 163|0x000000008a300000, 0x000000008a300000, 0x000000008a400000|  0%| F|  |TAMS 0x000000008a300000, 0x000000008a300000| Untracked 
| 164|0x000000008a400000, 0x000000008a400000, 0x000000008a500000|  0%| F|  |TAMS 0x000000008a400000, 0x000000008a400000| Untracked 
| 165|0x000000008a500000, 0x000000008a500000, 0x000000008a600000|  0%| F|  |TAMS 0x000000008a500000, 0x000000008a500000| Untracked 
| 166|0x000000008a600000, 0x000000008a600000, 0x000000008a700000|  0%| F|  |TAMS 0x000000008a600000, 0x000000008a600000| Untracked 
| 167|0x000000008a700000, 0x000000008a700000, 0x000000008a800000|  0%| F|  |TAMS 0x000000008a700000, 0x000000008a700000| Untracked 
| 168|0x000000008a800000, 0x000000008a800000, 0x000000008a900000|  0%| F|  |TAMS 0x000000008a800000, 0x000000008a800000| Untracked 
| 169|0x000000008a900000, 0x000000008a900000, 0x000000008aa00000|  0%| F|  |TAMS 0x000000008a900000, 0x000000008a900000| Untracked 
| 170|0x000000008aa00000, 0x000000008aa00000, 0x000000008ab00000|  0%| F|  |TAMS 0x000000008aa00000, 0x000000008aa00000| Untracked 
| 171|0x000000008ab00000, 0x000000008ab00000, 0x000000008ac00000|  0%| F|  |TAMS 0x000000008ab00000, 0x000000008ab00000| Untracked 
| 172|0x000000008ac00000, 0x000000008ac00000, 0x000000008ad00000|  0%| F|  |TAMS 0x000000008ac00000, 0x000000008ac00000| Untracked 
| 173|0x000000008ad00000, 0x000000008ad00000, 0x000000008ae00000|  0%| F|  |TAMS 0x000000008ad00000, 0x000000008ad00000| Untracked 
| 174|0x000000008ae00000, 0x000000008ae00000, 0x000000008af00000|  0%| F|  |TAMS 0x000000008ae00000, 0x000000008ae00000| Untracked 
| 175|0x000000008af00000, 0x000000008af00000, 0x000000008b000000|  0%| F|  |TAMS 0x000000008af00000, 0x000000008af00000| Untracked 
| 176|0x000000008b000000, 0x000000008b000000, 0x000000008b100000|  0%| F|  |TAMS 0x000000008b000000, 0x000000008b000000| Untracked 
| 177|0x000000008b100000, 0x000000008b100000, 0x000000008b200000|  0%| F|  |TAMS 0x000000008b100000, 0x000000008b100000| Untracked 
| 178|0x000000008b200000, 0x000000008b200000, 0x000000008b300000|  0%| F|  |TAMS 0x000000008b200000, 0x000000008b200000| Untracked 
| 179|0x000000008b300000, 0x000000008b300000, 0x000000008b400000|  0%| F|  |TAMS 0x000000008b300000, 0x000000008b300000| Untracked 
| 180|0x000000008b400000, 0x000000008b400000, 0x000000008b500000|  0%| F|  |TAMS 0x000000008b400000, 0x000000008b400000| Untracked 
| 181|0x000000008b500000, 0x000000008b500000, 0x000000008b600000|  0%| F|  |TAMS 0x000000008b500000, 0x000000008b500000| Untracked 
| 182|0x000000008b600000, 0x000000008b600000, 0x000000008b700000|  0%| F|  |TAMS 0x000000008b600000, 0x000000008b600000| Untracked 
| 183|0x000000008b700000, 0x000000008b700000, 0x000000008b800000|  0%| F|  |TAMS 0x000000008b700000, 0x000000008b700000| Untracked 
| 184|0x000000008b800000, 0x000000008b800000, 0x000000008b900000|  0%| F|  |TAMS 0x000000008b800000, 0x000000008b800000| Untracked 
| 185|0x000000008b900000, 0x000000008b900000, 0x000000008ba00000|  0%| F|  |TAMS 0x000000008b900000, 0x000000008b900000| Untracked 
| 186|0x000000008ba00000, 0x000000008ba00000, 0x000000008bb00000|  0%| F|  |TAMS 0x000000008ba00000, 0x000000008ba00000| Untracked 
| 187|0x000000008bb00000, 0x000000008bb00000, 0x000000008bc00000|  0%| F|  |TAMS 0x000000008bb00000, 0x000000008bb00000| Untracked 
| 188|0x000000008bc00000, 0x000000008bc00000, 0x000000008bd00000|  0%| F|  |TAMS 0x000000008bc00000, 0x000000008bc00000| Untracked 
| 189|0x000000008bd00000, 0x000000008bd00000, 0x000000008be00000|  0%| F|  |TAMS 0x000000008bd00000, 0x000000008bd00000| Untracked 
| 190|0x000000008be00000, 0x000000008be00000, 0x000000008bf00000|  0%| F|  |TAMS 0x000000008be00000, 0x000000008be00000| Untracked 
| 191|0x000000008bf00000, 0x000000008bf00000, 0x000000008c000000|  0%| F|  |TAMS 0x000000008bf00000, 0x000000008bf00000| Untracked 
| 192|0x000000008c000000, 0x000000008c000000, 0x000000008c100000|  0%| F|  |TAMS 0x000000008c000000, 0x000000008c000000| Untracked 
| 193|0x000000008c100000, 0x000000008c100000, 0x000000008c200000|  0%| F|  |TAMS 0x000000008c100000, 0x000000008c100000| Untracked 
| 194|0x000000008c200000, 0x000000008c200000, 0x000000008c300000|  0%| F|  |TAMS 0x000000008c200000, 0x000000008c200000| Untracked 
| 195|0x000000008c300000, 0x000000008c300000, 0x000000008c400000|  0%| F|  |TAMS 0x000000008c300000, 0x000000008c300000| Untracked 
| 196|0x000000008c400000, 0x000000008c400000, 0x000000008c500000|  0%| F|  |TAMS 0x000000008c400000, 0x000000008c400000| Untracked 
| 197|0x000000008c500000, 0x000000008c500000, 0x000000008c600000|  0%| F|  |TAMS 0x000000008c500000, 0x000000008c500000| Untracked 
| 198|0x000000008c600000, 0x000000008c600000, 0x000000008c700000|  0%| F|  |TAMS 0x000000008c600000, 0x000000008c600000| Untracked 
| 199|0x000000008c700000, 0x000000008c700000, 0x000000008c800000|  0%| F|  |TAMS 0x000000008c700000, 0x000000008c700000| Untracked 
| 200|0x000000008c800000, 0x000000008c800000, 0x000000008c900000|  0%| F|  |TAMS 0x000000008c800000, 0x000000008c800000| Untracked 
| 201|0x000000008c900000, 0x000000008c900000, 0x000000008ca00000|  0%| F|  |TAMS 0x000000008c900000, 0x000000008c900000| Untracked 
| 202|0x000000008ca00000, 0x000000008ca00000, 0x000000008cb00000|  0%| F|  |TAMS 0x000000008ca00000, 0x000000008ca00000| Untracked 
| 203|0x000000008cb00000, 0x000000008cb00000, 0x000000008cc00000|  0%| F|  |TAMS 0x000000008cb00000, 0x000000008cb00000| Untracked 
| 204|0x000000008cc00000, 0x000000008cc00000, 0x000000008cd00000|  0%| F|  |TAMS 0x000000008cc00000, 0x000000008cc00000| Untracked 
| 205|0x000000008cd00000, 0x000000008cd00000, 0x000000008ce00000|  0%| F|  |TAMS 0x000000008cd00000, 0x000000008cd00000| Untracked 
| 206|0x000000008ce00000, 0x000000008ce00000, 0x000000008cf00000|  0%| F|  |TAMS 0x000000008ce00000, 0x000000008ce00000| Untracked 
| 207|0x000000008cf00000, 0x000000008cf00000, 0x000000008d000000|  0%| F|  |TAMS 0x000000008cf00000, 0x000000008cf00000| Untracked 
| 208|0x000000008d000000, 0x000000008d000000, 0x000000008d100000|  0%| F|  |TAMS 0x000000008d000000, 0x000000008d000000| Untracked 
| 209|0x000000008d100000, 0x000000008d100000, 0x000000008d200000|  0%| F|  |TAMS 0x000000008d100000, 0x000000008d100000| Untracked 
| 210|0x000000008d200000, 0x000000008d200000, 0x000000008d300000|  0%| F|  |TAMS 0x000000008d200000, 0x000000008d200000| Untracked 
| 211|0x000000008d300000, 0x000000008d300000, 0x000000008d400000|  0%| F|  |TAMS 0x000000008d300000, 0x000000008d300000| Untracked 
| 212|0x000000008d400000, 0x000000008d400000, 0x000000008d500000|  0%| F|  |TAMS 0x000000008d400000, 0x000000008d400000| Untracked 
| 213|0x000000008d500000, 0x000000008d500000, 0x000000008d600000|  0%| F|  |TAMS 0x000000008d500000, 0x000000008d500000| Untracked 
| 214|0x000000008d600000, 0x000000008d600000, 0x000000008d700000|  0%| F|  |TAMS 0x000000008d600000, 0x000000008d600000| Untracked 
| 215|0x000000008d700000, 0x000000008d700000, 0x000000008d800000|  0%| F|  |TAMS 0x000000008d700000, 0x000000008d700000| Untracked 
| 216|0x000000008d800000, 0x000000008d800000, 0x000000008d900000|  0%| F|  |TAMS 0x000000008d800000, 0x000000008d800000| Untracked 
| 217|0x000000008d900000, 0x000000008d900000, 0x000000008da00000|  0%| F|  |TAMS 0x000000008d900000, 0x000000008d900000| Untracked 
| 218|0x000000008da00000, 0x000000008da00000, 0x000000008db00000|  0%| F|  |TAMS 0x000000008da00000, 0x000000008da00000| Untracked 
| 219|0x000000008db00000, 0x000000008db00000, 0x000000008dc00000|  0%| F|  |TAMS 0x000000008db00000, 0x000000008db00000| Untracked 
| 220|0x000000008dc00000, 0x000000008dc00000, 0x000000008dd00000|  0%| F|  |TAMS 0x000000008dc00000, 0x000000008dc00000| Untracked 
| 221|0x000000008dd00000, 0x000000008dd00000, 0x000000008de00000|  0%| F|  |TAMS 0x000000008dd00000, 0x000000008dd00000| Untracked 
| 222|0x000000008de00000, 0x000000008de00000, 0x000000008df00000|  0%| F|  |TAMS 0x000000008de00000, 0x000000008de00000| Untracked 
| 223|0x000000008df00000, 0x000000008df00000, 0x000000008e000000|  0%| F|  |TAMS 0x000000008df00000, 0x000000008df00000| Untracked 
| 224|0x000000008e000000, 0x000000008e000000, 0x000000008e100000|  0%| F|  |TAMS 0x000000008e000000, 0x000000008e000000| Untracked 
| 225|0x000000008e100000, 0x000000008e100000, 0x000000008e200000|  0%| F|  |TAMS 0x000000008e100000, 0x000000008e100000| Untracked 
| 226|0x000000008e200000, 0x000000008e200000, 0x000000008e300000|  0%| F|  |TAMS 0x000000008e200000, 0x000000008e200000| Untracked 
| 227|0x000000008e300000, 0x000000008e300000, 0x000000008e400000|  0%| F|  |TAMS 0x000000008e300000, 0x000000008e300000| Untracked 
| 228|0x000000008e400000, 0x000000008e400000, 0x000000008e500000|  0%| F|  |TAMS 0x000000008e400000, 0x000000008e400000| Untracked 
| 229|0x000000008e500000, 0x000000008e500000, 0x000000008e600000|  0%| F|  |TAMS 0x000000008e500000, 0x000000008e500000| Untracked 
| 230|0x000000008e600000, 0x000000008e600000, 0x000000008e700000|  0%| F|  |TAMS 0x000000008e600000, 0x000000008e600000| Untracked 
| 231|0x000000008e700000, 0x000000008e700000, 0x000000008e800000|  0%| F|  |TAMS 0x000000008e700000, 0x000000008e700000| Untracked 
| 232|0x000000008e800000, 0x000000008e800000, 0x000000008e900000|  0%| F|  |TAMS 0x000000008e800000, 0x000000008e800000| Untracked 
| 233|0x000000008e900000, 0x000000008e900000, 0x000000008ea00000|  0%| F|  |TAMS 0x000000008e900000, 0x000000008e900000| Untracked 
| 234|0x000000008ea00000, 0x000000008ea00000, 0x000000008eb00000|  0%| F|  |TAMS 0x000000008ea00000, 0x000000008ea00000| Untracked 
| 235|0x000000008eb00000, 0x000000008eb00000, 0x000000008ec00000|  0%| F|  |TAMS 0x000000008eb00000, 0x000000008eb00000| Untracked 
| 236|0x000000008ec00000, 0x000000008ec00000, 0x000000008ed00000|  0%| F|  |TAMS 0x000000008ec00000, 0x000000008ec00000| Untracked 
| 237|0x000000008ed00000, 0x000000008ed00000, 0x000000008ee00000|  0%| F|  |TAMS 0x000000008ed00000, 0x000000008ed00000| Untracked 
| 238|0x000000008ee00000, 0x000000008ee00000, 0x000000008ef00000|  0%| F|  |TAMS 0x000000008ee00000, 0x000000008ee00000| Untracked 
| 239|0x000000008ef00000, 0x000000008ef00000, 0x000000008f000000|  0%| F|  |TAMS 0x000000008ef00000, 0x000000008ef00000| Untracked 
| 240|0x000000008f000000, 0x000000008f000000, 0x000000008f100000|  0%| F|  |TAMS 0x000000008f000000, 0x000000008f000000| Untracked 
| 241|0x000000008f100000, 0x000000008f100000, 0x000000008f200000|  0%| F|  |TAMS 0x000000008f100000, 0x000000008f100000| Untracked 
| 242|0x000000008f200000, 0x000000008f200000, 0x000000008f300000|  0%| F|  |TAMS 0x000000008f200000, 0x000000008f200000| Untracked 
| 243|0x000000008f300000, 0x000000008f300000, 0x000000008f400000|  0%| F|  |TAMS 0x000000008f300000, 0x000000008f300000| Untracked 
| 244|0x000000008f400000, 0x000000008f400000, 0x000000008f500000|  0%| F|  |TAMS 0x000000008f400000, 0x000000008f400000| Untracked 
| 245|0x000000008f500000, 0x000000008f500000, 0x000000008f600000|  0%| F|  |TAMS 0x000000008f500000, 0x000000008f500000| Untracked 
| 246|0x000000008f600000, 0x000000008f600000, 0x000000008f700000|  0%| F|  |TAMS 0x000000008f600000, 0x000000008f600000| Untracked 
| 247|0x000000008f700000, 0x000000008f700000, 0x000000008f800000|  0%| F|  |TAMS 0x000000008f700000, 0x000000008f700000| Untracked 
| 248|0x000000008f800000, 0x000000008f800000, 0x000000008f900000|  0%| F|  |TAMS 0x000000008f800000, 0x000000008f800000| Untracked 
| 249|0x000000008f900000, 0x000000008f900000, 0x000000008fa00000|  0%| F|  |TAMS 0x000000008f900000, 0x000000008f900000| Untracked 
| 250|0x000000008fa00000, 0x000000008fa00000, 0x000000008fb00000|  0%| F|  |TAMS 0x000000008fa00000, 0x000000008fa00000| Untracked 
| 251|0x000000008fb00000, 0x000000008fb00000, 0x000000008fc00000|  0%| F|  |TAMS 0x000000008fb00000, 0x000000008fb00000| Untracked 
| 252|0x000000008fc00000, 0x000000008fc00000, 0x000000008fd00000|  0%| F|  |TAMS 0x000000008fc00000, 0x000000008fc00000| Untracked 
| 253|0x000000008fd00000, 0x000000008fd00000, 0x000000008fe00000|  0%| F|  |TAMS 0x000000008fd00000, 0x000000008fd00000| Untracked 
| 254|0x000000008fe00000, 0x000000008fe00000, 0x000000008ff00000|  0%| F|  |TAMS 0x000000008fe00000, 0x000000008fe00000| Untracked 
| 255|0x000000008ff00000, 0x000000008ff00000, 0x0000000090000000|  0%| F|  |TAMS 0x000000008ff00000, 0x000000008ff00000| Untracked 
| 256|0x0000000090000000, 0x0000000090000000, 0x0000000090100000|  0%| F|  |TAMS 0x0000000090000000, 0x0000000090000000| Untracked 
| 257|0x0000000090100000, 0x0000000090100000, 0x0000000090200000|  0%| F|  |TAMS 0x0000000090100000, 0x0000000090100000| Untracked 
| 258|0x0000000090200000, 0x0000000090200000, 0x0000000090300000|  0%| F|  |TAMS 0x0000000090200000, 0x0000000090200000| Untracked 
| 259|0x0000000090300000, 0x0000000090300000, 0x0000000090400000|  0%| F|  |TAMS 0x0000000090300000, 0x0000000090300000| Untracked 
| 260|0x0000000090400000, 0x0000000090400000, 0x0000000090500000|  0%| F|  |TAMS 0x0000000090400000, 0x0000000090400000| Untracked 
| 261|0x0000000090500000, 0x0000000090500000, 0x0000000090600000|  0%| F|  |TAMS 0x0000000090500000, 0x0000000090500000| Untracked 
| 262|0x0000000090600000, 0x0000000090600000, 0x0000000090700000|  0%| F|  |TAMS 0x0000000090600000, 0x0000000090600000| Untracked 
| 263|0x0000000090700000, 0x0000000090700000, 0x0000000090800000|  0%| F|  |TAMS 0x0000000090700000, 0x0000000090700000| Untracked 
| 264|0x0000000090800000, 0x0000000090800000, 0x0000000090900000|  0%| F|  |TAMS 0x0000000090800000, 0x0000000090800000| Untracked 
| 265|0x0000000090900000, 0x0000000090900000, 0x0000000090a00000|  0%| F|  |TAMS 0x0000000090900000, 0x0000000090900000| Untracked 
| 266|0x0000000090a00000, 0x0000000090a00000, 0x0000000090b00000|  0%| F|  |TAMS 0x0000000090a00000, 0x0000000090a00000| Untracked 
| 267|0x0000000090b00000, 0x0000000090b00000, 0x0000000090c00000|  0%| F|  |TAMS 0x0000000090b00000, 0x0000000090b00000| Untracked 
| 268|0x0000000090c00000, 0x0000000090c00000, 0x0000000090d00000|  0%| F|  |TAMS 0x0000000090c00000, 0x0000000090c00000| Untracked 
| 269|0x0000000090d00000, 0x0000000090d00000, 0x0000000090e00000|  0%| F|  |TAMS 0x0000000090d00000, 0x0000000090d00000| Untracked 
| 270|0x0000000090e00000, 0x0000000090e00000, 0x0000000090f00000|  0%| F|  |TAMS 0x0000000090e00000, 0x0000000090e00000| Untracked 
| 271|0x0000000090f00000, 0x0000000090f00000, 0x0000000091000000|  0%| F|  |TAMS 0x0000000090f00000, 0x0000000090f00000| Untracked 
| 272|0x0000000091000000, 0x0000000091000000, 0x0000000091100000|  0%| F|  |TAMS 0x0000000091000000, 0x0000000091000000| Untracked 
| 273|0x0000000091100000, 0x0000000091100000, 0x0000000091200000|  0%| F|  |TAMS 0x0000000091100000, 0x0000000091100000| Untracked 
| 274|0x0000000091200000, 0x0000000091200000, 0x0000000091300000|  0%| F|  |TAMS 0x0000000091200000, 0x0000000091200000| Untracked 
| 275|0x0000000091300000, 0x0000000091300000, 0x0000000091400000|  0%| F|  |TAMS 0x0000000091300000, 0x0000000091300000| Untracked 
| 276|0x0000000091400000, 0x0000000091400000, 0x0000000091500000|  0%| F|  |TAMS 0x0000000091400000, 0x0000000091400000| Untracked 
| 277|0x0000000091500000, 0x0000000091500000, 0x0000000091600000|  0%| F|  |TAMS 0x0000000091500000, 0x0000000091500000| Untracked 
| 278|0x0000000091600000, 0x0000000091600000, 0x0000000091700000|  0%| F|  |TAMS 0x0000000091600000, 0x0000000091600000| Untracked 
| 279|0x0000000091700000, 0x0000000091700000, 0x0000000091800000|  0%| F|  |TAMS 0x0000000091700000, 0x0000000091700000| Untracked 
| 280|0x0000000091800000, 0x0000000091800000, 0x0000000091900000|  0%| F|  |TAMS 0x0000000091800000, 0x0000000091800000| Untracked 
| 281|0x0000000091900000, 0x0000000091900000, 0x0000000091a00000|  0%| F|  |TAMS 0x0000000091900000, 0x0000000091900000| Untracked 
| 282|0x0000000091a00000, 0x0000000091a00000, 0x0000000091b00000|  0%| F|  |TAMS 0x0000000091a00000, 0x0000000091a00000| Untracked 
| 283|0x0000000091b00000, 0x0000000091b00000, 0x0000000091c00000|  0%| F|  |TAMS 0x0000000091b00000, 0x0000000091b00000| Untracked 
| 284|0x0000000091c00000, 0x0000000091c00000, 0x0000000091d00000|  0%| F|  |TAMS 0x0000000091c00000, 0x0000000091c00000| Untracked 
| 285|0x0000000091d00000, 0x0000000091d00000, 0x0000000091e00000|  0%| F|  |TAMS 0x0000000091d00000, 0x0000000091d00000| Untracked 
| 286|0x0000000091e00000, 0x0000000091e00000, 0x0000000091f00000|  0%| F|  |TAMS 0x0000000091e00000, 0x0000000091e00000| Untracked 
| 287|0x0000000091f00000, 0x0000000091f00000, 0x0000000092000000|  0%| F|  |TAMS 0x0000000091f00000, 0x0000000091f00000| Untracked 
| 288|0x0000000092000000, 0x0000000092000000, 0x0000000092100000|  0%| F|  |TAMS 0x0000000092000000, 0x0000000092000000| Untracked 
| 289|0x0000000092100000, 0x0000000092100000, 0x0000000092200000|  0%| F|  |TAMS 0x0000000092100000, 0x0000000092100000| Untracked 
| 290|0x0000000092200000, 0x0000000092200000, 0x0000000092300000|  0%| F|  |TAMS 0x0000000092200000, 0x0000000092200000| Untracked 
| 291|0x0000000092300000, 0x0000000092300000, 0x0000000092400000|  0%| F|  |TAMS 0x0000000092300000, 0x0000000092300000| Untracked 
| 292|0x0000000092400000, 0x0000000092400000, 0x0000000092500000|  0%| F|  |TAMS 0x0000000092400000, 0x0000000092400000| Untracked 
| 293|0x0000000092500000, 0x0000000092500000, 0x0000000092600000|  0%| F|  |TAMS 0x0000000092500000, 0x0000000092500000| Untracked 
| 294|0x0000000092600000, 0x0000000092600000, 0x0000000092700000|  0%| F|  |TAMS 0x0000000092600000, 0x0000000092600000| Untracked 
| 295|0x0000000092700000, 0x0000000092700000, 0x0000000092800000|  0%| F|  |TAMS 0x0000000092700000, 0x0000000092700000| Untracked 
| 296|0x0000000092800000, 0x0000000092800000, 0x0000000092900000|  0%| F|  |TAMS 0x0000000092800000, 0x0000000092800000| Untracked 
| 297|0x0000000092900000, 0x0000000092900000, 0x0000000092a00000|  0%| F|  |TAMS 0x0000000092900000, 0x0000000092900000| Untracked 
| 298|0x0000000092a00000, 0x0000000092a00000, 0x0000000092b00000|  0%| F|  |TAMS 0x0000000092a00000, 0x0000000092a00000| Untracked 
| 299|0x0000000092b00000, 0x0000000092b00000, 0x0000000092c00000|  0%| F|  |TAMS 0x0000000092b00000, 0x0000000092b00000| Untracked 
| 300|0x0000000092c00000, 0x0000000092c00000, 0x0000000092d00000|  0%| F|  |TAMS 0x0000000092c00000, 0x0000000092c00000| Untracked 
| 301|0x0000000092d00000, 0x0000000092d00000, 0x0000000092e00000|  0%| F|  |TAMS 0x0000000092d00000, 0x0000000092d00000| Untracked 

Card table byte_map: [0x000001b27ee10000,0x000001b27f210000] _byte_map_base: 0x000001b27ea10000

Marking Bits (Prev, Next): (CMBitMap*) 0x000001b2677f6c10, (CMBitMap*) 0x000001b2677f6c50
 Prev Bits: [0x000001b200000000, 0x000001b202000000)
 Next Bits: [0x000001b202000000, 0x000001b204000000)

Polling page: 0x000001b265720000

Metaspace:

Usage:
  Non-class:     39.75 MB used.
      Class:      6.28 MB used.
       Both:     46.02 MB used.

Virtual space:
  Non-class space:       64.00 MB reserved,      40.44 MB ( 63%) committed,  1 nodes.
      Class space:      412.00 MB reserved,       6.94 MB (  2%) committed,  1 nodes.
             Both:      476.00 MB reserved,      47.38 MB ( 10%) committed. 

Chunk freelists:
   Non-Class:  2.67 MB
       Class:  899.00 KB
        Both:  3.55 MB

MaxMetaspaceSize: 512.00 MB
CompressedClassSpaceSize: 412.00 MB
Initial GC threshold: 21.00 MB
Current GC threshold: 78.69 MB
CDS: on
MetaspaceReclaimPolicy: balanced
 - commit_granule_bytes: 65536.
 - commit_granule_words: 8192.
 - virtual_space_node_default_size: 8388608.
 - enlarge_chunks_in_place: 1.
 - new_chunks_are_fully_committed: 0.
 - uncommit_free_chunks: 1.
 - use_allocation_guard: 0.


Internal statistics:

num_allocs_failed_limit: 6.
num_arena_births: 2414.
num_arena_deaths: 2.
num_vsnodes_births: 2.
num_vsnodes_deaths: 0.
num_space_committed: 758.
num_space_uncommitted: 0.
num_chunks_returned_to_freelist: 12.
num_chunks_taken_from_freelist: 4540.
num_chunk_merges: 7.
num_chunk_splits: 2933.
num_chunks_enlarged: 1818.
num_inconsistent_stats: 0.

CodeHeap 'non-profiled nmethods': size=120000Kb used=4887Kb max_used=5018Kb free=115112Kb
 bounds [0x000001b2771b0000, 0x000001b2776b0000, 0x000001b27e6e0000]
CodeHeap 'profiled nmethods': size=120000Kb used=10657Kb max_used=12470Kb free=109342Kb
 bounds [0x000001b26f6e0000, 0x000001b270310000, 0x000001b276c10000]
CodeHeap 'non-nmethods': size=5760Kb used=2417Kb max_used=2501Kb free=3342Kb
 bounds [0x000001b276c10000, 0x000001b276e90000, 0x000001b2771b0000]
 total_blobs=6590 nmethods=5741 adapters=758
 compilation: enabled
              stopped_count=0, restarted_count=0
 full_count=0

Compilation events (20 events):
Event: 22.895 Thread 0x000001b2061d3330 7245       4       com.google.common.io.ByteStreams::readFully (58 bytes)
Event: 22.898 Thread 0x000001b2061d3330 nmethod 7245 0x000001b277366510 code [0x000001b2773666c0, 0x000001b277366988]
Event: 22.898 Thread 0x000001b2061d3330 7248       4       org.objectweb.asm.signature.SignatureWriter::visitFormalTypeParameter (42 bytes)
Event: 22.901 Thread 0x000001b2061d60c0 7250   !   3       sun.nio.ch.SocketChannelImpl::write (190 bytes)
Event: 22.903 Thread 0x000001b2061d60c0 nmethod 7250 0x000001b2701cf110 code [0x000001b2701cf4a0, 0x000001b2701d0c58]
Event: 22.903 Thread 0x000001b2061d60c0 7251   !   3       sun.nio.ch.SocketChannelImpl::beginWrite (52 bytes)
Event: 22.904 Thread 0x000001b2061d60c0 nmethod 7251 0x000001b26f758310 code [0x000001b26f758540, 0x000001b26f758d48]
Event: 22.904 Thread 0x000001b2061d60c0 7253   !   3       sun.nio.ch.SocketChannelImpl::endWrite (46 bytes)
Event: 22.904 Thread 0x000001b2061d60c0 nmethod 7253 0x000001b26ffbc590 code [0x000001b26ffbc760, 0x000001b26ffbcaf8]
Event: 22.909 Thread 0x000001b2061d3330 nmethod 7248 0x000001b2774c8690 code [0x000001b2774c88c0, 0x000001b2774c91a8]
Event: 22.909 Thread 0x000001b2061d3330 7247       4       org.gradle.internal.logging.events.ProgressEvent::getLogLevel (4 bytes)
Event: 22.909 Thread 0x000001b2061d3330 nmethod 7247 0x000001b27733f490 code [0x000001b27733f620, 0x000001b27733f698]
Event: 22.912 Thread 0x000001b2061d60c0 7254   !   3       org.gradle.launcher.daemon.server.SynchronizedDispatchConnection::dispatchAndFlush (118 bytes)
Event: 22.913 Thread 0x000001b2061d60c0 nmethod 7254 0x000001b26fa7af90 code [0x000001b26fa7b200, 0x000001b26fa7bb98]
Event: 22.913 Thread 0x000001b2061d60c0 7255   !   3       org.gradle.internal.remote.internal.inet.SocketConnection::dispatch (134 bytes)
Event: 22.913 Thread 0x000001b2061d3330 7257       4       java.util.regex.Pattern::append (43 bytes)
Event: 22.914 Thread 0x000001b2061d60c0 nmethod 7255 0x000001b26fd6a610 code [0x000001b26fd6ab60, 0x000001b26fd6dde8]
Event: 22.914 Thread 0x000001b2061d60c0 7256       3       org.gradle.internal.serialize.Serializers$StatefulSerializerAdapter$2::write (18 bytes)
Event: 22.914 Thread 0x000001b2061d60c0 nmethod 7256 0x000001b26f975710 code [0x000001b26f9758c0, 0x000001b26f975ac8]
Event: 22.915 Thread 0x000001b2061d3330 nmethod 7257 0x000001b2775ed590 code [0x000001b2775ed720, 0x000001b2775ed918]

GC Heap History (20 events):
Event: 19.967 GC heap after
{Heap after GC invocations=54 (full 0):
 garbage-first heap   total 309248K, used 57628K [0x0000000080000000, 0x0000000100000000)
  region size 1024K, 11 young (11264K), 11 survivors (11264K)
 Metaspace       used 47108K, committed 48512K, reserved 487424K
  class space    used 6430K, committed 7104K, reserved 421888K
}
Event: 20.274 GC heap before
{Heap before GC invocations=54 (full 0):
 garbage-first heap   total 309248K, used 231708K [0x0000000080000000, 0x0000000100000000)
  region size 1024K, 181 young (185344K), 11 survivors (11264K)
 Metaspace       used 47111K, committed 48512K, reserved 487424K
  class space    used 6430K, committed 7104K, reserved 421888K
}
Event: 20.279 GC heap after
{Heap after GC invocations=55 (full 0):
 garbage-first heap   total 309248K, used 58867K [0x0000000080000000, 0x0000000100000000)
  region size 1024K, 11 young (11264K), 11 survivors (11264K)
 Metaspace       used 47111K, committed 48512K, reserved 487424K
  class space    used 6430K, committed 7104K, reserved 421888K
}
Event: 20.578 GC heap before
{Heap before GC invocations=55 (full 0):
 garbage-first heap   total 309248K, used 232947K [0x0000000080000000, 0x0000000100000000)
  region size 1024K, 181 young (185344K), 11 survivors (11264K)
 Metaspace       used 47112K, committed 48512K, reserved 487424K
  class space    used 6430K, committed 7104K, reserved 421888K
}
Event: 20.583 GC heap after
{Heap after GC invocations=56 (full 0):
 garbage-first heap   total 309248K, used 59482K [0x0000000080000000, 0x0000000100000000)
  region size 1024K, 11 young (11264K), 11 survivors (11264K)
 Metaspace       used 47112K, committed 48512K, reserved 487424K
  class space    used 6430K, committed 7104K, reserved 421888K
}
Event: 20.904 GC heap before
{Heap before GC invocations=56 (full 0):
 garbage-first heap   total 309248K, used 233562K [0x0000000080000000, 0x0000000100000000)
  region size 1024K, 181 young (185344K), 11 survivors (11264K)
 Metaspace       used 47113K, committed 48512K, reserved 487424K
  class space    used 6430K, committed 7104K, reserved 421888K
}
Event: 20.910 GC heap after
{Heap after GC invocations=57 (full 0):
 garbage-first heap   total 309248K, used 60105K [0x0000000080000000, 0x0000000100000000)
  region size 1024K, 11 young (11264K), 11 survivors (11264K)
 Metaspace       used 47113K, committed 48512K, reserved 487424K
  class space    used 6430K, committed 7104K, reserved 421888K
}
Event: 21.226 GC heap before
{Heap before GC invocations=57 (full 0):
 garbage-first heap   total 309248K, used 234185K [0x0000000080000000, 0x0000000100000000)
  region size 1024K, 181 young (185344K), 11 survivors (11264K)
 Metaspace       used 47113K, committed 48512K, reserved 487424K
  class space    used 6430K, committed 7104K, reserved 421888K
}
Event: 21.231 GC heap after
{Heap after GC invocations=58 (full 0):
 garbage-first heap   total 309248K, used 61528K [0x0000000080000000, 0x0000000100000000)
  region size 1024K, 12 young (12288K), 12 survivors (12288K)
 Metaspace       used 47113K, committed 48512K, reserved 487424K
  class space    used 6430K, committed 7104K, reserved 421888K
}
Event: 21.547 GC heap before
{Heap before GC invocations=58 (full 0):
 garbage-first heap   total 309248K, used 234584K [0x0000000080000000, 0x0000000100000000)
  region size 1024K, 181 young (185344K), 12 survivors (12288K)
 Metaspace       used 47114K, committed 48512K, reserved 487424K
  class space    used 6430K, committed 7104K, reserved 421888K
}
Event: 21.552 GC heap after
{Heap after GC invocations=59 (full 0):
 garbage-first heap   total 309248K, used 62481K [0x0000000080000000, 0x0000000100000000)
  region size 1024K, 13 young (13312K), 13 survivors (13312K)
 Metaspace       used 47114K, committed 48512K, reserved 487424K
  class space    used 6430K, committed 7104K, reserved 421888K
}
Event: 21.833 GC heap before
{Heap before GC invocations=59 (full 0):
 garbage-first heap   total 309248K, used 235537K [0x0000000080000000, 0x0000000100000000)
  region size 1024K, 181 young (185344K), 13 survivors (13312K)
 Metaspace       used 47114K, committed 48512K, reserved 487424K
  class space    used 6430K, committed 7104K, reserved 421888K
}
Event: 21.840 GC heap after
{Heap after GC invocations=60 (full 0):
 garbage-first heap   total 309248K, used 63320K [0x0000000080000000, 0x0000000100000000)
  region size 1024K, 13 young (13312K), 13 survivors (13312K)
 Metaspace       used 47114K, committed 48512K, reserved 487424K
  class space    used 6430K, committed 7104K, reserved 421888K
}
Event: 22.103 GC heap before
{Heap before GC invocations=60 (full 0):
 garbage-first heap   total 309248K, used 235352K [0x0000000080000000, 0x0000000100000000)
  region size 1024K, 181 young (185344K), 13 survivors (13312K)
 Metaspace       used 47114K, committed 48512K, reserved 487424K
  class space    used 6430K, committed 7104K, reserved 421888K
}
Event: 22.110 GC heap after
{Heap after GC invocations=61 (full 0):
 garbage-first heap   total 309248K, used 64563K [0x0000000080000000, 0x0000000100000000)
  region size 1024K, 13 young (13312K), 13 survivors (13312K)
 Metaspace       used 47114K, committed 48512K, reserved 487424K
  class space    used 6430K, committed 7104K, reserved 421888K
}
Event: 22.383 GC heap before
{Heap before GC invocations=61 (full 0):
 garbage-first heap   total 309248K, used 236595K [0x0000000080000000, 0x0000000100000000)
  region size 1024K, 181 young (185344K), 13 survivors (13312K)
 Metaspace       used 47116K, committed 48512K, reserved 487424K
  class space    used 6430K, committed 7104K, reserved 421888K
}
Event: 22.390 GC heap after
{Heap after GC invocations=62 (full 0):
 garbage-first heap   total 309248K, used 64638K [0x0000000080000000, 0x0000000100000000)
  region size 1024K, 13 young (13312K), 13 survivors (13312K)
 Metaspace       used 47116K, committed 48512K, reserved 487424K
  class space    used 6430K, committed 7104K, reserved 421888K
}
Event: 22.628 GC heap before
{Heap before GC invocations=62 (full 0):
 garbage-first heap   total 309248K, used 236670K [0x0000000080000000, 0x0000000100000000)
  region size 1024K, 181 young (185344K), 13 survivors (13312K)
 Metaspace       used 47116K, committed 48512K, reserved 487424K
  class space    used 6430K, committed 7104K, reserved 421888K
}
Event: 22.633 GC heap after
{Heap after GC invocations=63 (full 0):
 garbage-first heap   total 309248K, used 65515K [0x0000000080000000, 0x0000000100000000)
  region size 1024K, 13 young (13312K), 13 survivors (13312K)
 Metaspace       used 47116K, committed 48512K, reserved 487424K
  class space    used 6430K, committed 7104K, reserved 421888K
}
Event: 22.923 GC heap before
{Heap before GC invocations=63 (full 0):
 garbage-first heap   total 309248K, used 237547K [0x0000000080000000, 0x0000000100000000)
  region size 1024K, 181 young (185344K), 13 survivors (13312K)
 Metaspace       used 47129K, committed 48512K, reserved 487424K
  class space    used 6430K, committed 7104K, reserved 421888K
}

Dll operation events (15 events):
Event: 0.009 Loaded shared library C:\Program Files\Java\jdk-19\bin\java.dll
Event: 0.020 Loaded shared library C:\Program Files\Java\jdk-19\bin\jsvml.dll
Event: 0.080 Loaded shared library C:\Program Files\Java\jdk-19\bin\zip.dll
Event: 0.082 Loaded shared library C:\Program Files\Java\jdk-19\bin\instrument.dll
Event: 0.087 Loaded shared library C:\Program Files\Java\jdk-19\bin\net.dll
Event: 0.088 Loaded shared library C:\Program Files\Java\jdk-19\bin\nio.dll
Event: 0.092 Loaded shared library C:\Program Files\Java\jdk-19\bin\zip.dll
Event: 0.324 Loaded shared library C:\Program Files\Java\jdk-19\bin\jimage.dll
Event: 0.387 Loaded shared library C:\Program Files\Java\jdk-19\bin\verify.dll
Event: 0.558 Loaded shared library C:\Users\Advice\.gradle\native\c067742578af261105cb4f569cf0c3c89f3d7b1fecec35dd04571415982c5e48\windows-amd64\native-platform.dll
Event: 0.565 Loaded shared library C:\Users\Advice\.gradle\native\38dada09dfb8b06ba9b0570ebf7e218e3eb74d4ef43ca46872605cf95ebc2f47\windows-amd64\native-platform-file-events.dll
Event: 1.607 Loaded shared library C:\Program Files\Java\jdk-19\bin\management.dll
Event: 1.610 Loaded shared library C:\Program Files\Java\jdk-19\bin\management_ext.dll
Event: 1.870 Loaded shared library C:\Program Files\Java\jdk-19\bin\extnet.dll
Event: 2.089 Loaded shared library C:\Program Files\Java\jdk-19\bin\sunmscapi.dll

Deoptimization events (20 events):
Event: 22.827 Thread 0x000001b20c0deeb0 DEOPT PACKING pc=0x000001b27026e0f1 sp=0x00000092114f7260
Event: 22.827 Thread 0x000001b20c0deeb0 DEOPT UNPACKING pc=0x000001b276c77543 sp=0x00000092114f6970 mode 0
Event: 22.830 Thread 0x000001b20c0deeb0 DEOPT PACKING pc=0x000001b27026e0f1 sp=0x00000092114f7260
Event: 22.830 Thread 0x000001b20c0deeb0 DEOPT UNPACKING pc=0x000001b276c77543 sp=0x00000092114f6970 mode 0
Event: 22.834 Thread 0x000001b20c0deeb0 DEOPT PACKING pc=0x000001b27026cf62 sp=0x00000092114f7260
Event: 22.834 Thread 0x000001b20c0deeb0 DEOPT UNPACKING pc=0x000001b276c77543 sp=0x00000092114f6970 mode 0
Event: 22.839 Thread 0x000001b20c0deeb0 DEOPT PACKING pc=0x000001b27026cf62 sp=0x00000092114f7260
Event: 22.839 Thread 0x000001b20c0deeb0 DEOPT UNPACKING pc=0x000001b276c77543 sp=0x00000092114f6970 mode 0
Event: 22.843 Thread 0x000001b20c0deeb0 DEOPT PACKING pc=0x000001b27026cf62 sp=0x00000092114f7260
Event: 22.843 Thread 0x000001b20c0deeb0 DEOPT UNPACKING pc=0x000001b276c77543 sp=0x00000092114f6970 mode 0
Event: 22.846 Thread 0x000001b20c0deeb0 DEOPT PACKING pc=0x000001b27026cf62 sp=0x00000092114f7260
Event: 22.846 Thread 0x000001b20c0deeb0 DEOPT UNPACKING pc=0x000001b276c77543 sp=0x00000092114f6970 mode 0
Event: 22.848 Thread 0x000001b20c0deeb0 DEOPT PACKING pc=0x000001b27026e0f1 sp=0x00000092114f7260
Event: 22.848 Thread 0x000001b20c0deeb0 DEOPT UNPACKING pc=0x000001b276c77543 sp=0x00000092114f6970 mode 0
Event: 22.852 Thread 0x000001b20c0deeb0 DEOPT PACKING pc=0x000001b27026cf62 sp=0x00000092114f7260
Event: 22.852 Thread 0x000001b20c0deeb0 DEOPT UNPACKING pc=0x000001b276c77543 sp=0x00000092114f6970 mode 0
Event: 22.859 Thread 0x000001b20c0deeb0 DEOPT PACKING pc=0x000001b27026cf62 sp=0x00000092114f7260
Event: 22.859 Thread 0x000001b20c0deeb0 DEOPT UNPACKING pc=0x000001b276c77543 sp=0x00000092114f6970 mode 0
Event: 22.874 Thread 0x000001b20c0deeb0 DEOPT PACKING pc=0x000001b27026e0f1 sp=0x00000092114f7260
Event: 22.874 Thread 0x000001b20c0deeb0 DEOPT UNPACKING pc=0x000001b276c77543 sp=0x00000092114f6970 mode 0

Classes loaded (20 events):
Event: 11.306 Loading class java/util/stream/ReduceOps$2
Event: 11.306 Loading class java/util/stream/ReduceOps$2 done
Event: 11.306 Loading class java/util/stream/ReduceOps$2ReducingSink
Event: 11.306 Loading class java/util/stream/ReduceOps$2ReducingSink done
Event: 11.374 Loading class java/util/Collections$SynchronizedRandomAccessList
Event: 11.375 Loading class java/util/Collections$SynchronizedList
Event: 11.375 Loading class java/util/Collections$SynchronizedList done
Event: 11.375 Loading class java/util/Collections$SynchronizedRandomAccessList done
Event: 11.517 Loading class java/util/zip/ZipFile$ZipEntryIterator
Event: 11.517 Loading class java/util/zip/ZipFile$ZipEntryIterator done
Event: 12.075 Loading class java/util/concurrent/LinkedBlockingDeque$Itr
Event: 12.076 Loading class java/util/concurrent/LinkedBlockingDeque$AbstractItr
Event: 12.076 Loading class java/util/concurrent/LinkedBlockingDeque$AbstractItr done
Event: 12.076 Loading class java/util/concurrent/LinkedBlockingDeque$Itr done
Event: 15.086 Loading class java/util/regex/Pattern$Caret
Event: 15.087 Loading class java/util/regex/Pattern$Caret done
Event: 16.425 Loading class java/lang/foreign/MemorySegment
Event: 16.427 Loading class java/lang/foreign/Addressable
Event: 16.427 Loading class java/lang/foreign/Addressable done
Event: 16.427 Loading class java/lang/foreign/MemorySegment done

Classes unloaded (5 events):
Event: 11.699 Thread 0x000001b2061ac920 Unloading class 0x00000008015e4000 '_BuildScript_$_run_closure1$_closure2'
Event: 11.699 Thread 0x000001b2061ac920 Unloading class 0x00000008015dca68 '_BuildScript_$_run_closure1'
Event: 11.699 Thread 0x000001b2061ac920 Unloading class 0x00000008015dc548 '_BuildScript_'
Event: 11.699 Thread 0x000001b2061ac920 Unloading class 0x00000008015dc2a0 'GradleAnnotationProcessorPatchPlugin$AnnotationProcessorModelBuilder'
Event: 11.699 Thread 0x000001b2061ac920 Unloading class 0x00000008015dc000 'GradleAnnotationProcessorPatchPlugin'

Classes redefined (0 events):
No events

Internal exceptions (20 events):
Event: 11.115 Thread 0x000001b20c0deeb0 Exception <a 'java/lang/ClassNotFoundException'{0x000000008457d460}: groovy/lang/GroovyShellCustomizer> (0x000000008457d460) 
thrown [s\open\src\hotspot\share\classfile\systemDictionary.cpp, line 255]
Event: 11.126 Thread 0x000001b20c0deeb0 Exception <a 'java/lang/ClassNotFoundException'{0x00000000844171a0}: org/gradle/internal/logging/slf4j/OutputEventListenerBackedLoggerBeanInfo> (0x00000000844171a0) 
thrown [s\open\src\hotspot\share\classfile\systemDictionary.cpp, line 255]
Event: 11.127 Thread 0x000001b20c0deeb0 Exception <a 'java/lang/ClassNotFoundException'{0x0000000084427b70}: org/gradle/internal/logging/slf4j/BuildOperationAwareLoggerBeanInfo> (0x0000000084427b70) 
thrown [s\open\src\hotspot\share\classfile\systemDictionary.cpp, line 255]
Event: 11.128 Thread 0x000001b20c0deeb0 Exception <a 'java/lang/ClassNotFoundException'{0x0000000084438508}: org/gradle/internal/logging/slf4j/BuildOperationAwareLoggerCustomizer> (0x0000000084438508) 
thrown [s\open\src\hotspot\share\classfile\systemDictionary.cpp, line 255]
Event: 11.129 Thread 0x000001b20c0deeb0 Exception <a 'java/lang/ClassNotFoundException'{0x00000000844774b0}: org/gradle/internal/logging/slf4j/OutputEventListenerBackedLoggerCustomizer> (0x00000000844774b0) 
thrown [s\open\src\hotspot\share\classfile\systemDictionary.cpp, line 255]
Event: 11.154 Thread 0x000001b20c0deeb0 Exception <a 'java/lang/IncompatibleClassChangeError'{0x000000008437df70}: Found class java.lang.Object, but interface was expected> (0x000000008437df70) 
thrown [s\open\src\hotspot\share\interpreter\linkResolver.cpp, line 841]
Event: 11.336 Thread 0x000001b20c0deeb0 Exception <a 'sun/nio/fs/WindowsException'{0x00000000840aee68}> (0x00000000840aee68) 
thrown [s\open\src\hotspot\share\prims\jni.cpp, line 517]
Event: 11.337 Thread 0x000001b20c0deeb0 Exception <a 'sun/nio/fs/WindowsException'{0x00000000840b06c0}> (0x00000000840b06c0) 
thrown [s\open\src\hotspot\share\prims\jni.cpp, line 517]
Event: 11.338 Thread 0x000001b20c0deeb0 Exception <a 'sun/nio/fs/WindowsException'{0x00000000840b1f18}> (0x00000000840b1f18) 
thrown [s\open\src\hotspot\share\prims\jni.cpp, line 517]
Event: 11.338 Thread 0x000001b20c0deeb0 Exception <a 'sun/nio/fs/WindowsException'{0x00000000840b3760}> (0x00000000840b3760) 
thrown [s\open\src\hotspot\share\prims\jni.cpp, line 517]
Event: 11.361 Thread 0x000001b20c0deeb0 Exception <a 'java/lang/NoSuchMethodError'{0x0000000083e22ac8}: 'java.lang.Object java.lang.invoke.Invokers$Holder.invoker(java.lang.Object, java.lang.Object, java.lang.Object, java.lang.Object, java.lang.Object, java.lang.Object)'> (0x0000000083e22ac8) 
thrown [s\open\src\hotspot\share\interpreter\linkResolver.cpp, line 774]
Event: 11.386 Thread 0x000001b20c0deeb0 Exception <a 'java/lang/NoSuchMethodError'{0x0000000083d04988}: 'java.lang.Object java.lang.invoke.Invokers$Holder.invoker(java.lang.Object, java.lang.Object, java.lang.Object, java.lang.Object, java.lang.Object)'> (0x0000000083d04988) 
thrown [s\open\src\hotspot\share\interpreter\linkResolver.cpp, line 774]
Event: 11.389 Thread 0x000001b20c0deeb0 Exception <a 'java/lang/NoSuchMethodError'{0x0000000083d21358}: 'java.lang.Object java.lang.invoke.DirectMethodHandle$Holder.invokeSpecial(java.lang.Object, java.lang.Object, java.lang.Object, java.lang.Object, java.lang.Object, java.lang.Object, java.lang.Object, java.lang.Object, java.lang.Object, java.lang.Object, java.lang.Object, java.lang.Object, java.lang.Object, java.lang.Object, java.lang.Object, java.lang.Object, java.lang.Object, java.lang.Object, java.lang.Object, java.lang.Object, java.lang.Ob
Event: 11.389 Thread 0x000001b20c0deeb0 Exception <a 'java/lang/NoSuchMethodError'{0x0000000083d27318}: 'java.lang.Object java.lang.invoke.DelegatingMethodHandle$Holder.reinvoke_L(java.lang.Object, java.lang.Object, java.lang.Object, java.lang.Object, java.lang.Object, java.lang.Object, java.lang.Object, java.lang.Object, java.lang.Object, java.lang.Object, java.lang.Object, java.lang.Object, java.lang.Object, java.lang.Object, java.lang.Object, java.lang.Object, java.lang.Object, java.lang.Object, java.lang.Object, java.lang.Object, java.lang.O
Event: 11.389 Thread 0x000001b20c0deeb0 Exception <a 'java/lang/NoSuchMethodError'{0x0000000083d32b60}: 'java.lang.Object java.lang.invoke.Invokers$Holder.invoker(java.lang.Object, java.lang.Object, java.lang.Object, java.lang.Object, java.lang.Object, java.lang.Object, java.lang.Object, java.lang.Object, java.lang.Object, java.lang.Object, java.lang.Object, java.lang.Object, java.lang.Object, java.lang.Object, java.lang.Object, java.lang.Object, java.lang.Object, java.lang.Object, java.lang.Object, java.lang.Object, java.lang.Object, java.lang.
Event: 11.389 Thread 0x000001b20c0deeb0 Exception <a 'java/lang/NoSuchMethodError'{0x0000000083d39390}: 'java.lang.Object java.lang.invoke.DelegatingMethodHandle$Holder.delegate(java.lang.Object, java.lang.Object, java.lang.Object, java.lang.Object, java.lang.Object, java.lang.Object, java.lang.Object, java.lang.Object, java.lang.Object, java.lang.Object, java.lang.Object, java.lang.Object, java.lang.Object, java.lang.Object, java.lang.Object, java.lang.Object, java.lang.Object, java.lang.Object, java.lang.Object, java.lang.Object, java.lang.Obj
Event: 11.514 Thread 0x000001b20c0deeb0 Exception <a 'sun/nio/fs/WindowsException'{0x0000000084a7c590}> (0x0000000084a7c590) 
thrown [s\open\src\hotspot\share\prims\jni.cpp, line 517]
Event: 11.514 Thread 0x000001b20c0deeb0 Exception <a 'sun/nio/fs/WindowsException'{0x0000000084a7de30}> (0x0000000084a7de30) 
thrown [s\open\src\hotspot\share\prims\jni.cpp, line 517]
Event: 11.519 Thread 0x000001b20c0deeb0 Implicit null exception at 0x000001b277366797 to 0x000001b277367204
Event: 18.035 Thread 0x000001b20c0deeb0 Implicit null exception at 0x000001b2775ee26b to 0x000001b2775eed88

VM Operations (20 events):
Event: 20.197 Executing VM operation: HandshakeAllThreads done
Event: 20.274 Executing VM operation: G1CollectForAllocation
Event: 20.279 Executing VM operation: G1CollectForAllocation done
Event: 20.577 Executing VM operation: G1CollectForAllocation
Event: 20.583 Executing VM operation: G1CollectForAllocation done
Event: 20.903 Executing VM operation: G1CollectForAllocation
Event: 20.910 Executing VM operation: G1CollectForAllocation done
Event: 21.225 Executing VM operation: G1CollectForAllocation
Event: 21.231 Executing VM operation: G1CollectForAllocation done
Event: 21.547 Executing VM operation: G1CollectForAllocation
Event: 21.552 Executing VM operation: G1CollectForAllocation done
Event: 21.833 Executing VM operation: G1CollectForAllocation
Event: 21.840 Executing VM operation: G1CollectForAllocation done
Event: 22.103 Executing VM operation: G1CollectForAllocation
Event: 22.110 Executing VM operation: G1CollectForAllocation done
Event: 22.383 Executing VM operation: G1CollectForAllocation
Event: 22.390 Executing VM operation: G1CollectForAllocation done
Event: 22.628 Executing VM operation: G1CollectForAllocation
Event: 22.633 Executing VM operation: G1CollectForAllocation done
Event: 22.923 Executing VM operation: G1CollectForAllocation

Events (20 events):
Event: 20.208 Thread 0x000001b2061d8a40 flushing nmethod 0x000001b27025bc10
Event: 20.208 Thread 0x000001b2061d8a40 flushing nmethod 0x000001b270276a90
Event: 20.208 Thread 0x000001b2061d8a40 flushing nmethod 0x000001b270285610
Event: 20.208 Thread 0x000001b2061d8a40 flushing nmethod 0x000001b270286510
Event: 20.208 Thread 0x000001b2061d8a40 flushing nmethod 0x000001b27028f710
Event: 20.208 Thread 0x000001b2061d8a40 flushing nmethod 0x000001b270290690
Event: 20.208 Thread 0x000001b2061d8a40 flushing nmethod 0x000001b270291410
Event: 20.208 Thread 0x000001b2061d8a40 flushing nmethod 0x000001b2702a3d90
Event: 20.208 Thread 0x000001b2061d8a40 flushing nmethod 0x000001b2702a4910
Event: 20.208 Thread 0x000001b2061d8a40 flushing nmethod 0x000001b2702bd590
Event: 20.208 Thread 0x000001b2061d8a40 flushing nmethod 0x000001b2702c5b10
Event: 20.208 Thread 0x000001b2061d8a40 flushing nmethod 0x000001b2702c6d10
Event: 20.208 Thread 0x000001b2061d8a40 flushing nmethod 0x000001b2702e1b90
Event: 20.208 Thread 0x000001b2061d8a40 flushing nmethod 0x000001b2702e2490
Event: 20.208 Thread 0x000001b2061d8a40 flushing nmethod 0x000001b2702e4590
Event: 20.208 Thread 0x000001b2061d8a40 flushing nmethod 0x000001b2702e9110
Event: 20.208 Thread 0x000001b2061d8a40 flushing nmethod 0x000001b2702f1690
Event: 20.208 Thread 0x000001b2061d8a40 flushing nmethod 0x000001b270302290
Event: 20.461 Thread 0x000001b20db34060 Thread added: 0x000001b20db34060
Event: 22.714 Thread 0x000001b20db34060 Thread exited: 0x000001b20db34060


Dynamic libraries:
0x00007ff642780000 - 0x00007ff642790000 	C:\Program Files\Java\jdk-19\bin\java.exe
0x00007ff833570000 - 0x00007ff833786000 	C:\WINDOWS\SYSTEM32\ntdll.dll
0x00007ff832280000 - 0x00007ff832344000 	C:\WINDOWS\System32\KERNEL32.DLL
0x00007ff830a80000 - 0x00007ff830e27000 	C:\WINDOWS\System32\KERNELBASE.dll
0x00007ff82d810000 - 0x00007ff82d8a7000 	C:\WINDOWS\SYSTEM32\apphelp.dll
0x00007ff8310d0000 - 0x00007ff8311e1000 	C:\WINDOWS\System32\ucrtbase.dll
0x00007ff819270000 - 0x00007ff81928b000 	C:\Program Files\Java\jdk-19\bin\VCRUNTIME140.dll
0x00007ff817670000 - 0x00007ff817688000 	C:\Program Files\Java\jdk-19\bin\jli.dll
0x00007ff832350000 - 0x00007ff832402000 	C:\WINDOWS\System32\ADVAPI32.dll
0x00007ff832970000 - 0x00007ff832a17000 	C:\WINDOWS\System32\msvcrt.dll
0x00007ff832a90000 - 0x00007ff832b38000 	C:\WINDOWS\System32\sechost.dll
0x00007ff830930000 - 0x00007ff830958000 	C:\WINDOWS\System32\bcrypt.dll
0x00007ff8324a0000 - 0x00007ff8325b5000 	C:\WINDOWS\System32\RPCRT4.dll
0x00007ff832b90000 - 0x00007ff832d3e000 	C:\WINDOWS\System32\USER32.dll
0x00007ff818320000 - 0x00007ff8185b3000 	C:\WINDOWS\WinSxS\amd64_microsoft.windows.common-controls_6595b64144ccf1df_6.0.22621.3235_none_270f74e173860f98\COMCTL32.dll
0x00007ff831270000 - 0x00007ff831296000 	C:\WINDOWS\System32\win32u.dll
0x00007ff833500000 - 0x00007ff833529000 	C:\WINDOWS\System32\GDI32.dll
0x00007ff830960000 - 0x00007ff830a79000 	C:\WINDOWS\System32\gdi32full.dll
0x00007ff830890000 - 0x00007ff83092a000 	C:\WINDOWS\System32\msvcp_win.dll
0x00007ff8269a0000 - 0x00007ff8269aa000 	C:\WINDOWS\SYSTEM32\VERSION.dll
0x00007ff831df0000 - 0x00007ff831e21000 	C:\WINDOWS\System32\IMM32.DLL
0x00007ff82bdb0000 - 0x00007ff82bdbc000 	C:\Program Files\Java\jdk-19\bin\vcruntime140_1.dll
0x00007ffff4f80000 - 0x00007ffff500e000 	C:\Program Files\Java\jdk-19\bin\msvcp140.dll
0x00007fff987e0000 - 0x00007fff994a0000 	C:\Program Files\Java\jdk-19\bin\server\jvm.dll
0x00007ff82bd20000 - 0x00007ff82bd29000 	C:\WINDOWS\SYSTEM32\WSOCK32.dll
0x00007ff8292b0000 - 0x00007ff8292e4000 	C:\WINDOWS\SYSTEM32\WINMM.dll
0x00007ff832d60000 - 0x00007ff832dd1000 	C:\WINDOWS\System32\WS2_32.dll
0x00007ff82f890000 - 0x00007ff82f8a8000 	C:\WINDOWS\SYSTEM32\kernel.appcore.dll
0x00007ff81e400000 - 0x00007ff81e40a000 	C:\Program Files\Java\jdk-19\bin\jimage.dll
0x00007ff82e1a0000 - 0x00007ff82e3d3000 	C:\WINDOWS\SYSTEM32\DBGHELP.DLL
0x00007ff8325e0000 - 0x00007ff832968000 	C:\WINDOWS\System32\combase.dll
0x00007ff832de0000 - 0x00007ff832eb7000 	C:\WINDOWS\System32\OLEAUT32.dll
0x00007ff81be90000 - 0x00007ff81bec2000 	C:\WINDOWS\SYSTEM32\dbgcore.DLL
0x00007ff8311f0000 - 0x00007ff831269000 	C:\WINDOWS\System32\bcryptPrimitives.dll
0x00007ff81e3a0000 - 0x00007ff81e3ae000 	C:\Program Files\Java\jdk-19\bin\instrument.dll
0x00007ff8040e0000 - 0x00007ff804106000 	C:\Program Files\Java\jdk-19\bin\java.dll
0x00007ffff4b10000 - 0x00007ffff4be7000 	C:\Program Files\Java\jdk-19\bin\jsvml.dll
0x00007ff831360000 - 0x00007ff831bbc000 	C:\WINDOWS\System32\SHELL32.dll
0x00007ff82e7a0000 - 0x00007ff82f099000 	C:\WINDOWS\SYSTEM32\windows.storage.dll
0x00007ff82e660000 - 0x00007ff82e79e000 	C:\WINDOWS\SYSTEM32\wintypes.dll
0x00007ff831e40000 - 0x00007ff831f33000 	C:\WINDOWS\System32\SHCORE.dll
0x00007ff8312a0000 - 0x00007ff8312fe000 	C:\WINDOWS\System32\shlwapi.dll
0x00007ff8307c0000 - 0x00007ff8307e1000 	C:\WINDOWS\SYSTEM32\profapi.dll
0x00007ff80b140000 - 0x00007ff80b158000 	C:\Program Files\Java\jdk-19\bin\zip.dll
0x00007ff80a140000 - 0x00007ff80a153000 	C:\Program Files\Java\jdk-19\bin\net.dll
0x00007ff8299a0000 - 0x00007ff829ad6000 	C:\WINDOWS\SYSTEM32\WINHTTP.dll
0x00007ff82fcf0000 - 0x00007ff82fd59000 	C:\WINDOWS\system32\mswsock.dll
0x00007ff809540000 - 0x00007ff809556000 	C:\Program Files\Java\jdk-19\bin\nio.dll
0x00007ff81d510000 - 0x00007ff81d520000 	C:\Program Files\Java\jdk-19\bin\verify.dll
0x00007ff805be0000 - 0x00007ff805c07000 	C:\Users\Advice\.gradle\native\c067742578af261105cb4f569cf0c3c89f3d7b1fecec35dd04571415982c5e48\windows-amd64\native-platform.dll
0x00007ffff49c0000 - 0x00007ffff4b04000 	C:\Users\Advice\.gradle\native\38dada09dfb8b06ba9b0570ebf7e218e3eb74d4ef43ca46872605cf95ebc2f47\windows-amd64\native-platform-file-events.dll
0x00007ff81b480000 - 0x00007ff81b48a000 	C:\Program Files\Java\jdk-19\bin\management.dll
0x00007ff81aeb0000 - 0x00007ff81aebb000 	C:\Program Files\Java\jdk-19\bin\management_ext.dll
0x00007ff831de0000 - 0x00007ff831de8000 	C:\WINDOWS\System32\PSAPI.DLL
0x00007ff830040000 - 0x00007ff83005b000 	C:\WINDOWS\SYSTEM32\CRYPTSP.dll
0x00007ff82f7f0000 - 0x00007ff82f825000 	C:\WINDOWS\system32\rsaenh.dll
0x00007ff82fd90000 - 0x00007ff82fdb8000 	C:\WINDOWS\SYSTEM32\USERENV.dll
0x00007ff830020000 - 0x00007ff83002c000 	C:\WINDOWS\SYSTEM32\CRYPTBASE.dll
0x00007ff82f340000 - 0x00007ff82f36d000 	C:\WINDOWS\SYSTEM32\IPHLPAPI.DLL
0x00007ff831bc0000 - 0x00007ff831bc9000 	C:\WINDOWS\System32\NSI.dll
0x00007ff829e50000 - 0x00007ff829e69000 	C:\WINDOWS\SYSTEM32\dhcpcsvc6.DLL
0x00007ff829570000 - 0x00007ff82958f000 	C:\WINDOWS\SYSTEM32\dhcpcsvc.DLL
0x00007ff82f370000 - 0x00007ff82f469000 	C:\WINDOWS\SYSTEM32\DNSAPI.dll
0x00007ff818bc0000 - 0x00007ff818bc8000 	C:\Program Files\Java\jdk-19\bin\extnet.dll
0x00007ff810d10000 - 0x00007ff810d1e000 	C:\Program Files\Java\jdk-19\bin\sunmscapi.dll
0x00007ff830e30000 - 0x00007ff830f97000 	C:\WINDOWS\System32\CRYPT32.dll
0x00007ff830140000 - 0x00007ff83016e000 	C:\WINDOWS\SYSTEM32\ncrypt.dll
0x00007ff830100000 - 0x00007ff830137000 	C:\WINDOWS\SYSTEM32\NTASN1.dll
0x00007ff8147e0000 - 0x00007ff8147e8000 	C:\WINDOWS\system32\wshunix.dll

dbghelp: loaded successfully - version: 4.0.5 - missing functions: none
symbol engine: initialized successfully - sym options: 0x614 - pdb path: .;C:\Program Files\Java\jdk-19\bin;C:\WINDOWS\SYSTEM32;C:\WINDOWS\WinSxS\amd64_microsoft.windows.common-controls_6595b64144ccf1df_6.0.22621.3235_none_270f74e173860f98;C:\Program Files\Java\jdk-19\bin\server;C:\Users\Advice\.gradle\native\c067742578af261105cb4f569cf0c3c89f3d7b1fecec35dd04571415982c5e48\windows-amd64;C:\Users\Advice\.gradle\native\38dada09dfb8b06ba9b0570ebf7e218e3eb74d4ef43ca46872605cf95ebc2f47\windows-amd64

VM Arguments:
jvm_args: -XX:MaxMetaspaceSize=512m --add-opens=java.base/java.util=ALL-UNNAMED --add-opens=java.base/java.lang=ALL-UNNAMED --add-opens=java.base/java.lang.invoke=ALL-UNNAMED --add-opens=java.prefs/java.util.prefs=ALL-UNNAMED --add-opens=java.base/java.nio.charset=ALL-UNNAMED --add-opens=java.base/java.net=ALL-UNNAMED --add-opens=java.base/java.util.concurrent.atomic=ALL-UNNAMED -Xmx2048m -Dfile.encoding=utf8 -Duser.country=US -Duser.language=en -Duser.variant -javaagent:C:\Users\Advice\.gradle\wrapper\dists\gradle-8.6-all\3mbtmo166bl6vumsh5k2lkq5h\gradle-8.6\lib\agents\gradle-instrumentation-agent-8.6.jar 
java_command: org.gradle.launcher.daemon.bootstrap.GradleDaemon 8.6
java_class_path (initial): C:\Users\Advice\.gradle\wrapper\dists\gradle-8.6-all\3mbtmo166bl6vumsh5k2lkq5h\gradle-8.6\lib\gradle-launcher-8.6.jar
Launcher Type: SUN_STANDARD

[Global flags]
     intx CICompilerCount                          = 4                                         {product} {ergonomic}
   size_t CompressedClassSpaceSize                 = 432013312                                 {product} {ergonomic}
     uint ConcGCThreads                            = 2                                         {product} {ergonomic}
     uint G1ConcRefinementThreads                  = 8                                         {product} {ergonomic}
   size_t G1HeapRegionSize                         = 1048576                                   {product} {ergonomic}
    uintx GCDrainStackTargetSize                   = 64                                        {product} {ergonomic}
   size_t InitialHeapSize                          = 98566144                                  {product} {ergonomic}
   size_t MarkStackSize                            = 4194304                                   {product} {ergonomic}
   size_t MaxHeapSize                              = 2147483648                                {product} {command line}
   size_t MaxMetaspaceSize                         = 536870912                                 {product} {command line}
   size_t MaxNewSize                               = 1287651328                                {product} {ergonomic}
   size_t MinHeapDeltaBytes                        = 1048576                                   {product} {ergonomic}
   size_t MinHeapSize                              = 8388608                                   {product} {ergonomic}
    uintx NonNMethodCodeHeapSize                   = 5839372                                {pd product} {ergonomic}
    uintx NonProfiledCodeHeapSize                  = 122909434                              {pd product} {ergonomic}
    uintx ProfiledCodeHeapSize                     = 122909434                              {pd product} {ergonomic}
    uintx ReservedCodeCacheSize                    = 251658240                              {pd product} {ergonomic}
     bool SegmentedCodeCache                       = true                                      {product} {ergonomic}
   size_t SoftMaxHeapSize                          = 2147483648                             {manageable} {ergonomic}
     bool UseCompressedClassPointers               = true                           {product lp64_product} {ergonomic}
     bool UseCompressedOops                        = true                           {product lp64_product} {ergonomic}
     bool UseG1GC                                  = true                                      {product} {ergonomic}
     bool UseLargePagesIndividualAllocation        = false                                  {pd product} {ergonomic}

Logging:
Log output configuration:
 #0: stdout all=warning uptime,level,tags foldmultilines=false
 #1: stderr all=off uptime,level,tags foldmultilines=false

Environment Variables:
PATH=C:\Program Files\Common Files\Oracle\Java\javapath;C:\WINDOWS\system32;C:\WINDOWS;C:\WINDOWS\System32\Wbem;C:\WINDOWS\System32\WindowsPowerShell\v1.0\;C:\WINDOWS\System32\OpenSSH\;C:\Program Files\Java\jdk-19\bin;C:\Program Files\Java\jdk-19\bin;C:\Program Files\Microsoft SQL Server\150\Tools\Binn\;C:\Program Files\Microsoft SQL Server\Client SDK\ODBC\170\Tools\Binn\;C:\Program Files\dotnet\;C:\Program Files\nodejs\;C:\Program Files\Git\cmd;C:\Users\Advice\AppData\Local\Microsoft\WindowsApps;C:\Users\Advice\AppData\Local\Programs\Microsoft VS Code\bin;C:\src\flutter\bin;C:\Users\Advice\AppData\Local\Android\Sdk;C:\Users\Advice\AppData\Local\Android\Sdk\platforms;C:\Users\Advice\AppData\Local\Android\Sdk\platform-tools;C:\Users\Advice\.dotnet\tools;C:\Users\Advice\OneDrive\Desktop\mee\php;C:\Users\Advice\AppData\Roaming\npm
USERNAME=Advice
OS=Windows_NT
PROCESSOR_IDENTIFIER=AMD64 Family 23 Model 104 Stepping 1, AuthenticAMD
TMP=C:\Users\Advice\AppData\Local\Temp
TEMP=C:\Users\Advice\AppData\Local\Temp



---------------  S Y S T E M  ---------------

OS:
 Windows 11 , 64 bit Build 22621 (10.0.22621.3374)
OS uptime: 8 days 7:15 hours
Hyper-V role detected

CPU: total 8 (initial active 8) (8 cores per cpu, 2 threads per core) family 23 model 104 stepping 1 microcode 0x0, cx8, cmov, fxsr, ht, mmx, 3dnowpref, sse, sse2, sse3, ssse3, sse4a, sse4.1, sse4.2, popcnt, lzcnt, tsc, tscinvbit, avx, avx2, aes, clmul, bmi1, bmi2, adx, sha, fma, vzeroupper, clflush, clflushopt, hv, rdtscp, rdpid

Memory: 4k page, system-wide physical 6005M (373M free)
TotalPageFile size 18703M (AvailPageFile size 36M)
current process WorkingSet (physical memory assigned to process): 503M, peak: 512M
current process commit charge ("private bytes"): 546M, peak: 607M

vm_info: Java HotSpot(TM) 64-Bit Server VM (19.0.1+10-21) for windows-amd64 JRE (19.0.1+10-21), built on 2022-09-14T12:45:06Z by "mach5one" with MS VC++ 17.1 (VS2022)

END.
